{"level":30,"time":"2024-01-28T19:42:04.142Z","msg":"key/initialize: Generating new encryption key, since we did not find it on disk"}
{"level":30,"time":"2024-01-28T19:42:04.143Z","msg":"config/set: Saving user config to disk"}
{"level":30,"time":"2024-01-28T19:42:04.163Z","msg":"config/set: Saved user config to disk"}
{"level":30,"time":"2024-01-28T19:42:04.199Z","msg":"MainSQL: migrateSchemaVersion: Migrating from schema_version 0 to user_version 0"}
{"level":30,"time":"2024-01-28T19:42:04.208Z","msg":"MainSQL: updateSchema:\n  Current user_version: 0;\n  Most recent db schema: 980;\n  SQLite version: 3.42.0;\n  SQLCipher version: 4.5.5 community;\n  (deprecated) schema_version: 0;\n"}
{"level":30,"time":"2024-01-28T19:42:04.208Z","msg":"MainSQL: updateToSchemaVersion1: starting..."}
{"level":30,"time":"2024-01-28T19:42:04.213Z","msg":"MainSQL: updateToSchemaVersion1: success!"}
{"level":30,"time":"2024-01-28T19:42:04.213Z","msg":"MainSQL: updateToSchemaVersion2: starting..."}
{"level":30,"time":"2024-01-28T19:42:04.217Z","msg":"MainSQL: updateToSchemaVersion2: success!"}
{"level":30,"time":"2024-01-28T19:42:04.218Z","msg":"MainSQL: updateToSchemaVersion3: starting..."}
{"level":30,"time":"2024-01-28T19:42:04.222Z","msg":"MainSQL: updateToSchemaVersion3: success!"}
{"level":30,"time":"2024-01-28T19:42:04.222Z","msg":"MainSQL: updateToSchemaVersion4: starting..."}
{"level":30,"time":"2024-01-28T19:42:04.226Z","msg":"MainSQL: updateToSchemaVersion4: success!"}
{"level":30,"time":"2024-01-28T19:42:04.226Z","msg":"MainSQL: updateToSchemaVersion6: starting..."}
{"level":30,"time":"2024-01-28T19:42:04.230Z","msg":"MainSQL: updateToSchemaVersion6: success!"}
{"level":30,"time":"2024-01-28T19:42:04.230Z","msg":"MainSQL: updateToSchemaVersion7: starting..."}
{"level":30,"time":"2024-01-28T19:42:04.233Z","msg":"MainSQL: updateToSchemaVersion7: success!"}
{"level":30,"time":"2024-01-28T19:42:04.233Z","msg":"MainSQL: updateToSchemaVersion8: starting..."}
{"level":30,"time":"2024-01-28T19:42:04.236Z","msg":"MainSQL: updateToSchemaVersion8: success!"}
{"level":30,"time":"2024-01-28T19:42:04.236Z","msg":"MainSQL: updateToSchemaVersion9: starting..."}
{"level":30,"time":"2024-01-28T19:42:04.239Z","msg":"MainSQL: updateToSchemaVersion9: success!"}
{"level":30,"time":"2024-01-28T19:42:04.239Z","msg":"MainSQL: updateToSchemaVersion10: starting..."}
{"level":30,"time":"2024-01-28T19:42:04.250Z","msg":"MainSQL: updateToSchemaVersion10: success!"}
{"level":30,"time":"2024-01-28T19:42:04.250Z","msg":"MainSQL: updateToSchemaVersion11: starting..."}
{"level":30,"time":"2024-01-28T19:42:04.252Z","msg":"MainSQL: updateToSchemaVersion11: success!"}
{"level":30,"time":"2024-01-28T19:42:04.252Z","msg":"MainSQL: updateToSchemaVersion12: starting..."}
{"level":30,"time":"2024-01-28T19:42:04.255Z","msg":"MainSQL: updateToSchemaVersion12: success!"}
{"level":30,"time":"2024-01-28T19:42:04.255Z","msg":"MainSQL: updateToSchemaVersion13: starting..."}
{"level":30,"time":"2024-01-28T19:42:04.258Z","msg":"MainSQL: updateToSchemaVersion13: success!"}
{"level":30,"time":"2024-01-28T19:42:04.258Z","msg":"MainSQL: updateToSchemaVersion14: starting..."}
{"level":30,"time":"2024-01-28T19:42:04.262Z","msg":"MainSQL: updateToSchemaVersion14: success!"}
{"level":30,"time":"2024-01-28T19:42:04.262Z","msg":"MainSQL: updateToSchemaVersion15: starting..."}
{"level":30,"time":"2024-01-28T19:42:04.265Z","msg":"MainSQL: updateToSchemaVersion15: success!"}
{"level":30,"time":"2024-01-28T19:42:04.265Z","msg":"MainSQL: updateToSchemaVersion16: starting..."}
{"level":30,"time":"2024-01-28T19:42:04.269Z","msg":"MainSQL: updateToSchemaVersion16: success!"}
{"level":30,"time":"2024-01-28T19:42:04.269Z","msg":"MainSQL: updateToSchemaVersion17: starting..."}
{"level":30,"time":"2024-01-28T19:42:04.272Z","msg":"MainSQL: updateToSchemaVersion17: success!"}
{"level":30,"time":"2024-01-28T19:42:04.272Z","msg":"MainSQL: updateToSchemaVersion18: starting..."}
{"level":30,"time":"2024-01-28T19:42:04.276Z","msg":"MainSQL: updateToSchemaVersion18: success!"}
{"level":30,"time":"2024-01-28T19:42:04.276Z","msg":"MainSQL: updateToSchemaVersion19: starting..."}
{"level":30,"time":"2024-01-28T19:42:04.278Z","msg":"MainSQL: updateToSchemaVersion19: success!"}
{"level":30,"time":"2024-01-28T19:42:04.278Z","msg":"MainSQL: updateToSchemaVersion20: starting..."}
{"level":30,"time":"2024-01-28T19:42:04.283Z","msg":"MainSQL: updateToSchemaVersion20: success!"}
{"level":30,"time":"2024-01-28T19:42:04.287Z","msg":"MainSQL: updateToSchemaVersion21: success!"}
{"level":30,"time":"2024-01-28T19:42:04.290Z","msg":"MainSQL: updateToSchemaVersion22: success!"}
{"level":30,"time":"2024-01-28T19:42:04.292Z","msg":"MainSQL: updateToSchemaVersion23: success!"}
{"level":30,"time":"2024-01-28T19:42:04.295Z","msg":"MainSQL: updateToSchemaVersion24: success!"}
{"level":30,"time":"2024-01-28T19:42:04.302Z","msg":"MainSQL: updateToSchemaVersion25: success!"}
{"level":30,"time":"2024-01-28T19:42:04.304Z","msg":"MainSQL: updateToSchemaVersion26: success!"}
{"level":30,"time":"2024-01-28T19:42:04.307Z","msg":"MainSQL: updateToSchemaVersion27: success!"}
{"level":30,"time":"2024-01-28T19:42:04.311Z","msg":"MainSQL: updateToSchemaVersion28: success!"}
{"level":30,"time":"2024-01-28T19:42:04.314Z","msg":"MainSQL: updateToSchemaVersion29: success!"}
{"level":30,"time":"2024-01-28T19:42:04.317Z","msg":"MainSQL: updateToSchemaVersion30: success!"}
{"level":30,"time":"2024-01-28T19:42:04.317Z","msg":"MainSQL: updateToSchemaVersion31: starting..."}
{"level":30,"time":"2024-01-28T19:42:04.322Z","msg":"MainSQL: updateToSchemaVersion31: success!"}
{"level":30,"time":"2024-01-28T19:42:04.325Z","msg":"MainSQL: updateToSchemaVersion32: success!"}
{"level":30,"time":"2024-01-28T19:42:04.329Z","msg":"MainSQL: updateToSchemaVersion33: success!"}
{"level":30,"time":"2024-01-28T19:42:04.331Z","msg":"MainSQL: updateToSchemaVersion34: success!"}
{"level":30,"time":"2024-01-28T19:42:04.334Z","msg":"MainSQL: updateToSchemaVersion35: success!"}
{"level":30,"time":"2024-01-28T19:42:04.337Z","msg":"MainSQL: updateToSchemaVersion36: success!"}
{"level":30,"time":"2024-01-28T19:42:04.341Z","msg":"MainSQL: updateToSchemaVersion37: success!"}
{"level":30,"time":"2024-01-28T19:42:04.348Z","msg":"MainSQL: updateToSchemaVersion38: success!"}
{"level":30,"time":"2024-01-28T19:42:04.353Z","msg":"MainSQL: updateToSchemaVersion39: success!"}
{"level":30,"time":"2024-01-28T19:42:04.356Z","msg":"MainSQL: updateToSchemaVersion40: success!"}
{"level":30,"time":"2024-01-28T19:42:04.362Z","msg":"MainSQL: updateToSchemaVersion41: success!"}
{"level":30,"time":"2024-01-28T19:42:04.365Z","msg":"MainSQL: updateToSchemaVersion42: success!"}
{"level":30,"time":"2024-01-28T19:42:04.366Z","msg":"MainSQL: updateToSchemaVersion43: About to iterate through 0 conversations"}
{"level":30,"time":"2024-01-28T19:42:04.366Z","msg":"MainSQL: updateToSchemaVersion43: About to iterate through 0 messages"}
{"level":30,"time":"2024-01-28T19:42:04.366Z","msg":"MainSQL: updateToSchemaVersion43: Updated 0 messages"}
{"level":30,"time":"2024-01-28T19:42:04.369Z","msg":"MainSQL: updateToSchemaVersion43: success!"}
{"level":30,"time":"2024-01-28T19:42:04.372Z","msg":"MainSQL: updateToSchemaVersion44: success!"}
{"level":30,"time":"2024-01-28T19:42:04.376Z","msg":"MainSQL: updateToSchemaVersion45: success!"}
{"level":30,"time":"2024-01-28T19:42:04.380Z","msg":"MainSQL: updateToSchemaVersion46: success!"}
{"level":30,"time":"2024-01-28T19:42:04.385Z","msg":"MainSQL: updateToSchemaVersion47: our UUID not found"}
{"level":30,"time":"2024-01-28T19:42:04.387Z","msg":"MainSQL: updateToSchemaVersion47: success!"}
{"level":30,"time":"2024-01-28T19:42:04.390Z","msg":"MainSQL: updateToSchemaVersion48: success!"}
{"level":30,"time":"2024-01-28T19:42:04.394Z","msg":"MainSQL: updateToSchemaVersion49: success!"}
{"level":30,"time":"2024-01-28T19:42:04.396Z","msg":"MainSQL: updateToSchemaVersion50: success!"}
{"level":30,"time":"2024-01-28T19:42:04.398Z","msg":"MainSQL: updateToSchemaVersion51: success!"}
{"level":30,"time":"2024-01-28T19:42:04.402Z","msg":"MainSQL: updateToSchemaVersion52: success!"}
{"level":30,"time":"2024-01-28T19:42:04.402Z","msg":"MainSQL: updateToSchemaVersion53: About to iterate through 0 conversations"}
{"level":30,"time":"2024-01-28T19:42:04.402Z","msg":"MainSQL: updateToSchemaVersion53: Updated 0 conversations"}
{"level":30,"time":"2024-01-28T19:42:04.404Z","msg":"MainSQL: updateToSchemaVersion53: success!"}
{"level":30,"time":"2024-01-28T19:42:04.407Z","msg":"MainSQL: updateToSchemaVersion54: success!"}
{"level":30,"time":"2024-01-28T19:42:04.410Z","msg":"MainSQL: updateToSchemaVersion55: success!"}
{"level":30,"time":"2024-01-28T19:42:04.414Z","msg":"MainSQL: updateToSchemaVersion56: success!"}
{"level":30,"time":"2024-01-28T19:42:04.416Z","msg":"MainSQL: updateToSchemaVersion57: success!"}
{"level":30,"time":"2024-01-28T19:42:04.419Z","msg":"MainSQL: updateToSchemaVersion58: success!"}
{"level":30,"time":"2024-01-28T19:42:04.421Z","msg":"MainSQL: updateToSchemaVersion59: success!"}
{"level":30,"time":"2024-01-28T19:42:04.424Z","msg":"MainSQL: updateToSchemaVersion60: success!"}
{"level":30,"time":"2024-01-28T19:42:04.433Z","msg":"MainSQL: updateToSchemaVersion61: success!"}
{"level":30,"time":"2024-01-28T19:42:04.436Z","msg":"MainSQL: updateToSchemaVersion62: success!"}
{"level":30,"time":"2024-01-28T19:42:04.439Z","msg":"MainSQL: updateToSchemaVersion63: success!"}
{"level":30,"time":"2024-01-28T19:42:04.443Z","msg":"MainSQL: updateToSchemaVersion64: success!"}
{"level":30,"time":"2024-01-28T19:42:04.449Z","msg":"MainSQL: updateToSchemaVersion65: success!"}
{"level":30,"time":"2024-01-28T19:42:04.451Z","msg":"MainSQL: updateToSchemaVersion66: success!"}
{"level":30,"time":"2024-01-28T19:42:04.454Z","msg":"MainSQL: updateToSchemaVersion67: success!"}
{"level":30,"time":"2024-01-28T19:42:04.460Z","msg":"MainSQL: updateToSchemaVersion68: success!"}
{"level":30,"time":"2024-01-28T19:42:04.462Z","msg":"MainSQL: updateToSchemaVersion69: success!"}
{"level":30,"time":"2024-01-28T19:42:04.466Z","msg":"MainSQL: updateToSchemaVersion70: success!"}
{"level":30,"time":"2024-01-28T19:42:04.476Z","msg":"MainSQL: updateToSchemaVersion71: success!"}
{"level":30,"time":"2024-01-28T19:42:04.521Z","msg":"MainSQL: updateToSchemaVersion72: success!"}
{"level":30,"time":"2024-01-28T19:42:04.531Z","msg":"MainSQL: updateToSchemaVersion73: success!"}
{"level":30,"time":"2024-01-28T19:42:04.534Z","msg":"MainSQL: updateToSchemaVersion74: success!"}
{"level":30,"time":"2024-01-28T19:42:04.536Z","msg":"MainSQL: updateToSchemaVersion75: success!"}
{"level":30,"time":"2024-01-28T19:42:04.541Z","msg":"MainSQL: updateToSchemaVersion76: success!"}
{"level":30,"time":"2024-01-28T19:42:04.545Z","msg":"MainSQL: updateToSchemaVersion77: success!"}
{"level":30,"time":"2024-01-28T19:42:04.547Z","msg":"MainSQL: updateToSchemaVersion78: success!"}
{"level":30,"time":"2024-01-28T19:42:04.550Z","msg":"MainSQL: updateToSchemaVersion79: success!"}
{"level":30,"time":"2024-01-28T19:42:04.552Z","msg":"MainSQL: updateToSchemaVersion80: success!"}
{"level":30,"time":"2024-01-28T19:42:04.563Z","msg":"MainSQL: updateToSchemaVersion81: success!"}
{"level":30,"time":"2024-01-28T19:42:04.568Z","msg":"MainSQL: updateToSchemaVersion82: success!"}
{"level":30,"time":"2024-01-28T19:42:04.572Z","msg":"MainSQL: updateToSchemaVersion83: success!"}
{"level":30,"time":"2024-01-28T19:42:04.575Z","msg":"MainSQL: updateToSchemaVersion84: success!"}
{"level":30,"time":"2024-01-28T19:42:04.578Z","msg":"MainSQL: updateToSchemaVersion85: success!"}
{"level":30,"time":"2024-01-28T19:42:04.581Z","msg":"MainSQL: updateToSchemaVersion86: success!"}
{"level":30,"time":"2024-01-28T19:42:04.581Z","msg":"MainSQL: updateToSchemaVersion87(cleanup)/kyberPreKeys: Our PNI not found"}
{"level":30,"time":"2024-01-28T19:42:04.581Z","msg":"MainSQL: updateToSchemaVersion87(cleanup)/preKeys: Our PNI not found"}
{"level":30,"time":"2024-01-28T19:42:04.581Z","msg":"MainSQL: updateToSchemaVersion87(cleanup)/signedPreKeys: Our PNI not found"}
{"level":30,"time":"2024-01-28T19:42:04.581Z","msg":"MainSQL: updateToSchemaVersion87(cleanup): success!"}
{"level":30,"time":"2024-01-28T19:42:04.616Z","msg":"MainSQL: updateToSchemaVersion88: updating 0 conversations"}
{"level":30,"time":"2024-01-28T19:42:04.616Z","msg":"MainSQL: updateToSchemaVersion88: Our UUID not found"}
{"level":30,"time":"2024-01-28T19:42:04.616Z","msg":"MainSQL: updateToSchemaVersion88: Our PNI not found"}
{"level":30,"time":"2024-01-28T19:42:04.616Z","msg":"MainSQL: updateToSchemaVersion88: updating 0 sessions"}
{"level":30,"time":"2024-01-28T19:42:04.616Z","msg":"MainSQL: updateToSchemaVersion88: updating messages"}
{"level":30,"time":"2024-01-28T19:42:04.617Z","msg":"MainSQL: updateToSchemaVersion88: updated 0 messages"}
{"level":30,"time":"2024-01-28T19:42:04.617Z","msg":"MainSQL: updateToSchemaVersion88: updating 0 preKeys"}
{"level":30,"time":"2024-01-28T19:42:04.617Z","msg":"MainSQL: updateToSchemaVersion88: updating 0 signedPreKeys"}
{"level":30,"time":"2024-01-28T19:42:04.617Z","msg":"MainSQL: updateToSchemaVersion88: updating 0 kyberPreKeys"}
{"level":30,"time":"2024-01-28T19:42:04.617Z","msg":"MainSQL: updateToSchemaVersion88: updated 0 jobs"}
{"level":30,"time":"2024-01-28T19:42:04.620Z","msg":"MainSQL: updateToSchemaVersion88: success!"}
{"level":30,"time":"2024-01-28T19:42:04.627Z","msg":"MainSQL: updateToSchemaVersion89: success!"}
{"level":30,"time":"2024-01-28T19:42:04.629Z","msg":"MainSQL: updateToSchemaVersion90: removed screenshotData from 0 message"}
{"level":30,"time":"2024-01-28T19:42:04.629Z","msg":"MainSQL: updateToSchemaVersion90: success!"}
{"level":30,"time":"2024-01-28T19:42:04.635Z","msg":"MainSQL: updateToSchemaVersion91: Found 0 keys"}
{"level":30,"time":"2024-01-28T19:42:04.637Z","msg":"MainSQL: updateToSchemaVersion91: success!"}
{"level":30,"time":"2024-01-28T19:42:04.637Z","msg":"MainSQL: updateToSchemaVersion920/kyberPreKeys: Our PNI not found"}
{"level":30,"time":"2024-01-28T19:42:04.638Z","msg":"MainSQL: updateToSchemaVersion920/signedPreKeys: Our PNI not found"}
{"level":30,"time":"2024-01-28T19:42:04.638Z","msg":"MainSQL: updateToSchemaVersion920: Done with deletions"}
{"level":30,"time":"2024-01-28T19:42:04.639Z","msg":"MainSQL: updateToSchemaVersion920: user_version set to 920. Starting vacuum..."}
{"level":30,"time":"2024-01-28T19:42:04.650Z","msg":"MainSQL: updateToSchemaVersion920: Vacuum complete."}
{"level":30,"time":"2024-01-28T19:42:04.650Z","msg":"MainSQL: updateToSchemaVersion920: success!"}
{"level":30,"time":"2024-01-28T19:42:04.652Z","msg":"MainSQL: updateToSchemaVersion930: success!"}
{"level":30,"time":"2024-01-28T19:42:04.654Z","msg":"MainSQL: updateToSchemaVersion940: success!"}
{"level":30,"time":"2024-01-28T19:42:04.656Z","msg":"MainSQL: updateToSchemaVersion950: success!"}
{"level":30,"time":"2024-01-28T19:42:04.657Z","msg":"MainSQL: updateToSchemaVersion960: Our ACI not found"}
{"level":30,"time":"2024-01-28T19:42:04.657Z","msg":"MainSQL: updateToSchemaVersion960: not running, pni is normalized"}
{"level":30,"time":"2024-01-28T19:42:04.657Z","msg":"MainSQL: updateToSchemaVersion960: success!"}
{"level":30,"time":"2024-01-28T19:42:04.659Z","msg":"MainSQL: updateToSchemaVersion970: success! fts optimize took 2ms"}
{"level":30,"time":"2024-01-28T19:42:04.664Z","msg":"MainSQL: updateToSchemaVersion980: success!"}
{"level":30,"time":"2024-01-28T19:42:04.664Z","msg":"MainSQL: enableFTS5SecureDelete: enabling"}
{"level":30,"time":"2024-01-28T19:42:04.666Z","msg":"MainSQL: updateSchema: optimize took 0ms"}
{"level":30,"time":"2024-01-28T19:42:04.668Z","msg":"config/set: Saving ephemeral config to disk"}
{"level":30,"time":"2024-01-28T19:42:04.668Z","msg":"config/set: Saved ephemeral config to disk"}
{"level":30,"time":"2024-01-28T19:42:04.668Z","msg":"got slow localeOverride setting null"}
{"level":30,"time":"2024-01-28T19:42:04.668Z","msg":"app.ready: hour cycle preference: UnknownPreference"}
{"level":30,"time":"2024-01-28T19:42:04.668Z","msg":"app.ready: preferred system locales: pl-PL, pl"}
{"level":30,"time":"2024-01-28T19:42:04.669Z","msg":"locale: Supported locales: af-ZA, ar, az-AZ, bg-BG, bn-BD, bs-BA, ca, cs, da, de, el, en, es, et-EE, eu, fa-IR, fi, fr, ga-IE, gl-ES, gu-IN, he, hi-IN, hr-HR, hu, id, it, ja, ka-GE, kk-KZ, km-KH, kn-IN, ko, ky-KG, lt-LT, lv-LV, mk-MK, ml-IN, mr-IN, ms, my, nb, nl, pa-IN, pl, pt-BR, pt-PT, ro-RO, ru, sk-SK, sl-SI, sq-AL, sr, sv, sw, ta-IN, te-IN, th, tl-PH, tr, ug, uk-UA, ur, vi, yue, zh-CN, zh-HK, zh-Hant"}
{"level":30,"time":"2024-01-28T19:42:04.669Z","msg":"locale: Preferred locales: pl-PL, pl"}
{"level":30,"time":"2024-01-28T19:42:04.669Z","msg":"locale: Locale Override: null"}
{"level":30,"time":"2024-01-28T19:42:04.670Z","msg":"locale: Matched locale: pl"}
{"level":40,"time":"2024-01-28T19:42:04.697Z","msg":"intl.onWarn [@formatjs/intl] \"defaultRichTextElements\" was specified but \"message\" was not pre-compiled. \nPlease consider using \"@formatjs/cli\" to pre-compile your messages for performance.\nFor more details see https://formatjs.io/docs/getting-started/message-distribution"}
{"level":30,"time":"2024-01-28T19:42:04.697Z","msg":"locale: Text info direction for pl: ltr"}
{"level":30,"time":"2024-01-28T19:42:04.698Z","msg":"app ready"}
{"level":30,"time":"2024-01-28T19:42:04.699Z","msg":"starting version 6.45.1"}
{"level":30,"time":"2024-01-28T19:42:04.699Z","msg":"media access status [object Undefined] [object Undefined]"}
{"level":30,"time":"2024-01-28T19:42:04.704Z","msg":"config/set: Saving ephemeral config to disk"}
{"level":30,"time":"2024-01-28T19:42:04.704Z","msg":"config/set: Saved ephemeral config to disk"}
{"level":30,"time":"2024-01-28T19:42:04.704Z","msg":"got slow theme-setting value [object Undefined]"}
{"level":30,"time":"2024-01-28T19:42:04.705Z","msg":"config/set: Saving ephemeral config to disk"}
{"level":30,"time":"2024-01-28T19:42:04.705Z","msg":"config/set: Saved ephemeral config to disk"}
{"level":30,"time":"2024-01-28T19:42:04.705Z","msg":"got slow spellcheck setting true"}
{"level":30,"time":"2024-01-28T19:42:04.705Z","msg":"getSystemTraySetting had no flags and did no DB lookups. Returning DoNotUseSystemTray"}
{"level":50,"time":"2024-01-28T19:42:04.705Z","msg":"visibleOnAnyScreen: windowOptions didn't have valid bounds fields"}
{"level":30,"time":"2024-01-28T19:42:04.705Z","msg":"Location reset needed"}
{"level":30,"time":"2024-01-28T19:42:04.705Z","msg":"Initializing BrowserWindow config: {\"show\":false,\"width\":800,\"height\":610,\"minWidth\":300,\"minHeight\":200,\"autoHideMenuBar\":false,\"titleBarStyle\":\"default\",\"titleBarOverlay\":false,\"backgroundColor\":\"#121212\",\"webPreferences\":{\"devTools\":false,\"spellcheck\":true,\"enableBlinkFeatures\":\"CSSPseudoDir,CSSLogical\",\"enablePreferredSizeMode\":true,\"nodeIntegration\":false,\"nodeIntegrationInWorker\":false,\"sandbox\":false,\"contextIsolation\":true,\"preload\":\"[REDACTED]/preload.bundle.js\",\"backgroundThrottling\":true,\"disableBlinkFeatures\":\"Accelerated2dCanvas,AcceleratedSmallCanvases\"},\"icon\":\"[REDACTED]/images/signal-logo-desktop-linux.png\"}"}
{"level":30,"time":"2024-01-28T19:42:04.732Z","msg":"spellcheck: user locales: [\"pl-PL\",\"pl\"]"}
{"level":30,"time":"2024-01-28T19:42:04.732Z","msg":"spellcheck: available spellchecker languages: [\"af\",\"bg\",\"ca\",\"cs\",\"cy\",\"da\",\"de\",\"de-DE\",\"el\",\"en\",\"en-AU\",\"en-CA\",\"en-GB\",\"en-GB-oxendict\",\"en-US\",\"es\",\"es-419\",\"es-AR\",\"es-ES\",\"es-MX\",\"es-US\",\"et\",\"fa\",\"fo\",\"fr\",\"fr-FR\",\"he\",\"hi\",\"hr\",\"hu\",\"hy\",\"id\",\"it\",\"it-IT\",\"ko\",\"lt\",\"lv\",\"nb\",\"nl\",\"pl\",\"pt\",\"pt-BR\",\"pt-PT\",\"ro\",\"ru\",\"sh\",\"sk\",\"sl\",\"sq\",\"sr\",\"sv\",\"ta\",\"tg\",\"tr\",\"uk\",\"vi\"]"}
{"level":30,"time":"2024-01-28T19:42:04.732Z","msg":"spellcheck: setting languages to: [\"pl\",\"pl\"]"}
{"level":30,"time":"2024-01-28T19:42:04.733Z","msg":"spellcheck: dictionary download begin: pl"}
{"level":30,"time":"2024-01-28T19:42:04.849Z","msg":"spellcheck: dictionary download success: pl"}
{"level":30,"time":"2024-01-28T19:42:04.853Z","msg":"spellcheck: dictionary initialized: pl"}
{"level":30,"time":"2024-01-28T19:42:05.019Z","msg":"got fast theme-setting value system"}
{"level":30,"time":"2024-01-28T19:42:05.426Z","msg":"got fast spellcheck setting true"}
{"level":30,"time":"2024-01-28T19:42:05.431Z","msg":"System tray service: created"}
{"level":30,"time":"2024-01-28T19:42:05.431Z","msg":"System tray service: updating main window. Previously, there was not a window, and now there is"}
{"level":30,"time":"2024-01-28T19:42:05.431Z","msg":"System tray service: rendering no tray"}
{"level":30,"time":"2024-01-28T19:42:05.431Z","msg":"Begin ensuring permissions"}
{"level":30,"time":"2024-01-28T19:42:05.432Z","msg":"Ensuring file permissions for 4 files"}
{"level":30,"time":"2024-01-28T19:42:05.432Z","msg":"Finish ensuring permissions in 1ms"}
{"level":30,"time":"2024-01-28T19:42:05.437Z","msg":"main window is ready-to-show"}
{"level":30,"time":"2024-01-28T19:42:05.437Z","msg":"showing main window"}
{"level":30,"time":"2024-01-28T19:42:05.459Z","msg":"System tray service: rendering no tray"}
{"level":30,"time":"2024-01-28T19:42:05.517Z","msg":"deleteAllBadges: deleted 0 files"}
{"level":30,"time":"2024-01-28T19:42:05.518Z","msg":"MainSQL: removeKnownStickers: About to iterate through 0 stickers"}
{"level":30,"time":"2024-01-28T19:42:05.518Z","msg":"MainSQL: removeKnownStickers: Done processing 0 stickers"}
{"level":30,"time":"2024-01-28T19:42:05.519Z","msg":"deleteAllStickers: deleted 0 files"}
{"level":30,"time":"2024-01-28T19:42:05.520Z","msg":"MainSQL: removeKnownDraftAttachments: About to iterate through 0 conversations"}
{"level":30,"time":"2024-01-28T19:42:05.520Z","msg":"MainSQL: removeKnownDraftAttachments: Done processing 0 conversations"}
{"level":30,"time":"2024-01-28T19:42:05.520Z","msg":"deleteAllDraftAttachments: deleted 0 files"}
{"level":30,"time":"2024-01-28T19:42:05.520Z","msg":"cleanupOrphanedAttachments: found 0 attachments on disk"}
{"level":30,"time":"2024-01-28T19:42:05.520Z","msg":"MainSQL: getKnownConversationAttachments: About to iterate through 0"}
{"level":30,"time":"2024-01-28T19:42:05.520Z","msg":"MainSQL: getKnownConversationAttachments: Done processing"}
{"level":30,"time":"2024-01-28T19:42:05.520Z","msg":"cleanupOrphanedAttachments: found 0 conversation attachments (0 missing), 0 remain"}
{"level":30,"time":"2024-01-28T19:42:05.521Z","msg":"cleanupOrphanedAttachments: took 10ms"}
{"level":30,"time":"2024-01-28T19:42:05.521Z","msg":"Begin ensuring permissions"}
{"level":30,"time":"2024-01-28T19:42:05.521Z","msg":"MainSQL: getKnownMessageAttachments(3692326a4c54d4b2): Starting iteration through 0 messages"}
{"level":30,"time":"2024-01-28T19:42:05.525Z","msg":"Ensuring file permissions for 69 files"}
{"level":50,"time":"2024-01-28T19:42:05.525Z","msg":"ensureFilePermissions: Error from chmod ENOENT: no such file or directory, chmod '[REDACTED]/SingletonCookie'"}
{"level":50,"time":"2024-01-28T19:42:05.526Z","msg":"ensureFilePermissions: Error from chmod ENOENT: no such file or directory, chmod '[REDACTED]/SingletonLock'"}
{"level":30,"time":"2024-01-28T19:42:05.527Z","msg":"Finish ensuring permissions in 6ms"}
{"level":30,"time":"2024-01-28T19:42:05.556Z","msg":"updater/start: Updates disabled - not starting new version checks"}
{"level":30,"time":"2024-01-28T19:42:05.558Z","msg":"Prevent display sleep service: allowing display sleep"}
{"level":30,"time":"2024-01-28T19:42:05.558Z","msg":"Background throttling enabled because no call is active"}
{"level":30,"time":"2024-01-28T19:42:05.572Z","msg":"MainSQL: finishGetKnownMessageAttachments(3692326a4c54d4b2): reached the end after processing 0 messages"}
{"level":30,"time":"2024-01-28T19:42:05.572Z","msg":"cleanupOrphanedAttachments: found 0 message attachments, (0 missing) 0 remain"}
{"level":30,"time":"2024-01-28T19:42:05.572Z","msg":"deleteAll: deleted 0 files"}
{"level":30,"time":"2024-01-28T19:42:05.572Z","msg":"deleteOrphanedAttachments: took 52ms"}
{"level":30,"time":"2024-01-28T19:42:06.360Z","msg":"Updating BrowserWindow config: %s {\"maximized\":false,\"autoHideMenuBar\":false,\"fullscreen\":false,\"width\":1257,\"height\":697,\"x\":14,\"y\":729}"}
{"level":30,"time":"2024-01-28T19:42:06.360Z","msg":"config/set: Saving ephemeral config to disk"}
{"level":30,"time":"2024-01-28T19:42:06.360Z","msg":"config/set: Saved ephemeral config to disk"}
{"level":40,"time":"2024-01-28T19:42:25.301Z","msg":"MainSQL: Database log code=17: statement aborts at 13: [\n      SELECT *\n      FROM items\n      WHERE id = $id;] database schema has changed"}
{"level":40,"time":"2024-01-28T19:42:25.302Z","msg":"MainSQL: Database log code=17: statement aborts at 11: [SELECT * FROM senderKeys] database schema has changed"}
{"level":30,"time":"2024-01-28T19:42:27.347Z","msg":"MainSQL: slow query createOrUpdateItem duration=117ms"}
{"level":30,"time":"2024-01-28T19:42:27.569Z","msg":"MainSQL: slow query createOrUpdateItem duration=222ms"}
{"level":30,"time":"2024-01-28T19:42:27.653Z","msg":"MainSQL: slow query createOrUpdateItem duration=55ms"}
{"level":30,"time":"2024-01-28T19:42:27.724Z","msg":"MainSQL: slow query createOrUpdateItem duration=71ms"}
{"level":30,"time":"2024-01-28T19:42:27.733Z","msg":"App loaded - time: 23035"}
{"level":30,"time":"2024-01-28T19:42:27.733Z","msg":"SQL init - time: 505"}
{"level":30,"time":"2024-01-28T19:42:27.733Z","msg":"Preload - time: 412"}
{"level":30,"time":"2024-01-28T19:42:27.733Z","msg":"WebSocket connect - time: 21693"}
{"level":30,"time":"2024-01-28T19:42:27.733Z","msg":"Processed count: 0"}
{"level":30,"time":"2024-01-28T19:42:27.733Z","msg":"Messages per second: 0"}
{"level":30,"time":"2024-01-28T19:42:30.942Z","msg":"Updating BrowserWindow config: %s {\"maximized\":false,\"autoHideMenuBar\":false,\"fullscreen\":false,\"width\":1257,\"height\":1412,\"x\":14,\"y\":14}"}
{"level":30,"time":"2024-01-28T19:42:30.942Z","msg":"config/set: Saving ephemeral config to disk"}
{"level":30,"time":"2024-01-28T19:42:30.942Z","msg":"config/set: Saved ephemeral config to disk"}
{"level":30,"time":"2024-01-28T19:42:33.593Z","msg":"Updating BrowserWindow config: %s {\"maximized\":false,\"autoHideMenuBar\":false,\"fullscreen\":false,\"width\":1657,\"height\":1412,\"x\":14,\"y\":14}"}
{"level":30,"time":"2024-01-28T19:42:33.593Z","msg":"config/set: Saving ephemeral config to disk"}
{"level":30,"time":"2024-01-28T19:42:33.593Z","msg":"config/set: Saved ephemeral config to disk"}
{"level":30,"time":"2024-01-28T19:43:02.045Z","msg":"Updating BrowserWindow config: %s {\"maximized\":false,\"autoHideMenuBar\":false,\"fullscreen\":false,\"width\":822,\"height\":1412,\"x\":849,\"y\":14}"}
{"level":30,"time":"2024-01-28T19:43:02.045Z","msg":"config/set: Saving ephemeral config to disk"}
{"level":30,"time":"2024-01-28T19:43:02.045Z","msg":"config/set: Saved ephemeral config to disk"}
{"level":30,"time":"2024-01-28T19:43:26.577Z","msg":"System tray service: setting unread count to 1"}
{"level":30,"time":"2024-01-28T19:43:26.577Z","msg":"System tray service: rendering no tray"}
{"level":30,"time":"2024-01-28T19:43:26.693Z","msg":"Approving request for permission 'notifications'"}
{"level":30,"time":"2024-01-28T19:53:27.065Z","msg":"System tray service: setting unread count to 0"}
{"level":30,"time":"2024-01-28T19:53:27.066Z","msg":"System tray service: rendering no tray"}
{"level":30,"time":"2024-01-28T19:53:27.932Z","msg":"Updating BrowserWindow config: %s {\"maximized\":false,\"autoHideMenuBar\":false,\"fullscreen\":false,\"width\":1657,\"height\":1412,\"x\":14,\"y\":14}"}
{"level":30,"time":"2024-01-28T19:53:27.932Z","msg":"config/set: Saving ephemeral config to disk"}
{"level":30,"time":"2024-01-28T19:53:27.932Z","msg":"config/set: Saved ephemeral config to disk"}
{"level":30,"time":"2024-01-28T19:55:01.211Z","msg":"got fast theme-setting value system"}
{"level":30,"time":"2024-01-28T19:55:01.238Z","msg":"got fast theme-setting value system"}
{"level":30,"time":"2024-01-28T19:55:29.178Z","msg":"config/set: Saving ephemeral config to disk"}
{"level":30,"time":"2024-01-28T19:55:29.179Z","msg":"config/set: Saved ephemeral config to disk"}
{"level":30,"time":"2024-01-28T19:56:20.720Z","msg":"Updating BrowserWindow config: %s {\"maximized\":false,\"autoHideMenuBar\":true,\"fullscreen\":false,\"width\":1257,\"height\":1412,\"x\":14,\"y\":14}"}
{"level":30,"time":"2024-01-28T19:56:20.720Z","msg":"config/set: Saving ephemeral config to disk"}
{"level":30,"time":"2024-01-28T19:56:20.720Z","msg":"config/set: Saved ephemeral config to disk"}
{"level":30,"time":"2024-01-28T19:56:30.438Z","msg":"System tray service: setting unread count to 1"}
{"level":30,"time":"2024-01-28T19:56:30.438Z","msg":"System tray service: rendering no tray"}
{"level":30,"time":"2024-01-28T19:56:30.573Z","msg":"Approving request for permission 'notifications'"}
{"level":30,"time":"2024-01-28T19:56:31.113Z","msg":"System tray service: setting unread count to 0"}
{"level":30,"time":"2024-01-28T19:56:31.113Z","msg":"System tray service: rendering no tray"}
{"level":30,"time":"2024-01-28T19:57:21.607Z","msg":"got fast theme-setting value dark"}
{"level":30,"time":"2024-01-28T19:57:21.632Z","msg":"got fast theme-setting value dark"}
{"level":30,"time":"2024-01-28T19:58:47.531Z","msg":"MainSQL: slow query saveMessages duration=42ms"}
{"level":30,"time":"2024-01-28T19:58:48.397Z","msg":"System tray service: setting unread count to 1"}
{"level":30,"time":"2024-01-28T19:58:48.397Z","msg":"System tray service: rendering no tray"}
{"level":30,"time":"2024-01-28T19:58:48.543Z","msg":"Approving request for permission 'notifications'"}
{"level":30,"time":"2024-01-28T19:58:50.027Z","msg":"System tray service: setting unread count to 0"}
{"level":30,"time":"2024-01-28T19:58:50.027Z","msg":"System tray service: rendering no tray"}
{"level":30,"time":"2024-01-28T20:01:11.149Z","msg":"got fast theme-setting value dark"}
{"level":30,"time":"2024-01-28T20:01:11.175Z","msg":"got fast theme-setting value dark"}
{"level":30,"time":"2024-01-28T20:01:26.669Z","msg":"System tray service: setting unread count to 1"}
{"level":30,"time":"2024-01-28T20:01:26.669Z","msg":"System tray service: rendering no tray"}
{"level":30,"time":"2024-01-28T20:01:30.041Z","msg":"System tray service: setting unread count to 0"}
{"level":30,"time":"2024-01-28T20:01:30.041Z","msg":"System tray service: rendering no tray"}
{"level":30,"time":"2024-01-28T20:09:08.853Z","msg":"MainSQL: slow query saveMessage duration=43ms"}
{"level":30,"time":"2024-01-28T20:45:20.909Z","msg":"Updating BrowserWindow config: %s {\"maximized\":false,\"autoHideMenuBar\":true,\"fullscreen\":false,\"width\":1257,\"height\":697,\"x\":1289,\"y\":729}"}
{"level":30,"time":"2024-01-28T20:45:20.909Z","msg":"config/set: Saving ephemeral config to disk"}
{"level":30,"time":"2024-01-28T20:45:20.909Z","msg":"config/set: Saved ephemeral config to disk"}
{"level":30,"time":"2024-01-28T21:11:34.316Z","msg":"before-quit event {\"readyForShutdown\":false,\"shouldQuit\":false,\"hasEventBeenPrevented\":false,\"windowCount\":1,\"mainWindowExists\":true,\"mainWindowIsFullScreen\":false}"}
{"level":30,"time":"2024-01-28T21:11:34.316Z","msg":"System tray service: markShouldQuit"}
{"level":30,"time":"2024-01-28T21:11:34.317Z","msg":"close event {\"readyForShutdown\":false,\"shouldQuit\":true}"}
{"level":30,"time":"2024-01-28T21:11:34.317Z","msg":"System tray service: rendering no tray"}
{"level":30,"time":"2024-01-28T21:11:34.317Z","msg":"requestShutdown: Requesting close of mainWindow..."}
{"level":30,"time":"2024-01-28T21:11:34.318Z","msg":"main window closed event"}
{"level":30,"time":"2024-01-28T21:11:34.318Z","msg":"System tray service: updating main window. Previously, there was a window, and now there is not"}
{"level":30,"time":"2024-01-28T21:11:34.319Z","msg":"System tray service: rendering no tray"}
{"level":30,"time":"2024-01-28T21:11:34.319Z","msg":"main process handling window-all-closed"}
{"level":30,"time":"2024-01-28T21:11:34.319Z","msg":"before-quit event {\"readyForShutdown\":false,\"shouldQuit\":true,\"hasEventBeenPrevented\":false,\"windowCount\":0,\"mainWindowExists\":false}"}
{"level":30,"time":"2024-01-28T21:11:34.319Z","msg":"System tray service: markShouldQuit"}
{"level":30,"time":"2024-01-28T21:11:34.319Z","msg":"will-quit event {\"hasEventBeenPrevented\":false,\"windowCount\":0,\"mainWindowExists\":false}"}
{"level":30,"time":"2024-01-28T21:11:34.319Z","msg":"quit event {\"hasEventBeenPrevented\":false,\"windowCount\":0,\"mainWindowExists\":false}"}
