    OpenRGB v0.9
    Commit: 11a4eac71fdeb90356b4e68249723fc97af3d110 from 2023-07-10 05:52:54 -0500
    Launched: 20231219_172552
====================================================================================================

1002  |Info:    ------------------------------------------------------
1002  |Info:    |               Start device detection               |
1002  |Info:    ------------------------------------------------------
1002  |Info:    Initializing HID interfaces: Success
1008  |Info:    ------------------------------------------------------
1008  |Info:    |             Detecting I2C interfaces               |
1008  |Info:    ------------------------------------------------------
1008  |Info:    Registering I2C interface: /dev/i2c-3 Device 1002:67DF Subsystem: 1DA2:E366
1008  |Warning: [i2c_smbus_linux] Failed to read i2c device PCI device ID
1008  |Info:    Registering I2C interface: /dev/i2c-6 Device 0000:0000 Subsystem: 0000:0000
1008  |Info:    Registering I2C interface: /dev/i2c-2 Device 1002:67DF Subsystem: 1DA2:E366
1008  |Warning: [i2c_smbus_linux] Failed to read i2c device PCI device ID
1008  |Info:    Registering I2C interface: /dev/i2c-5 Device 0000:0000 Subsystem: 0000:0000
1008  |Info:    ------------------------------------------------------
1008  |Info:    |               Detecting I2C devices                |
1008  |Info:    ------------------------------------------------------
1015  |Info:    ------------------------------------------------------
1015  |Info:    |               Detecting I2C PCI devices            |
1015  |Info:    ------------------------------------------------------
1016  |Info:    ------------------------------------------------------
1016  |Info:    |               Detecting HID devices                |
1016  |Info:    ------------------------------------------------------
1131  |Info:    [X570 AORUS MASTER] Registering RGB controller
1150  |Info:    [Redragon M602 Griffin] Registering RGB controller
1150  |Info:    ------------------------------------------------------
1150  |Info:    |            Detecting libusb HID devices            |
1150  |Info:    ------------------------------------------------------
1223  |Info:    ------------------------------------------------------
1223  |Info:    |              Detecting other devices               |
1223  |Info:    ------------------------------------------------------
1231  |Info:    ------------------------------------------------------
1231  |Info:    |                Detection completed                 |
1231  |Info:    ------------------------------------------------------
1231  |Dialog:  <h2>WARNING:</h2><p>One or more I2C/SMBus interfaces failed to initialize.</p><p>RGB DRAM modules and some motherboards' onboard RGB lighting will not be available without I2C/SMBus.</p><p>On Linux, this is usually because the i2c-dev module is not loaded.  You must load the i2c-dev module along with the correct i2c driver for your motherboard.  This is usually i2c-piix4 for AMD systems and i2c-i801 for Intel systems.</p><p>See <a href='https://help.openrgb.org/'>help.openrgb.org</a> for additional troubleshooting steps if you keep seeing this message.<br></p>
80598 |Info:    ------------------------------------------------------
80598 |Info:    |               Start device detection               |
80598 |Info:    ------------------------------------------------------
80598 |Info:    Initializing HID interfaces: Success
80604 |Info:    ------------------------------------------------------
80604 |Info:    |             Detecting I2C interfaces               |
80604 |Info:    ------------------------------------------------------
80604 |Info:    Registering I2C interface: /dev/i2c-3 Device 1002:67DF Subsystem: 1DA2:E366
80604 |Warning: [i2c_smbus_linux] Failed to read i2c device PCI device ID
80604 |Info:    Registering I2C interface: /dev/i2c-6 Device 0000:0000 Subsystem: 0000:0000
80604 |Info:    Registering I2C interface: /dev/i2c-2 Device 1002:67DF Subsystem: 1DA2:E366
80604 |Warning: [i2c_smbus_linux] Failed to read i2c device PCI device ID
80604 |Info:    Registering I2C interface: /dev/i2c-5 Device 0000:0000 Subsystem: 0000:0000
80604 |Info:    ------------------------------------------------------
80604 |Info:    |               Detecting I2C devices                |
80604 |Info:    ------------------------------------------------------
80611 |Info:    ------------------------------------------------------
80611 |Info:    |               Detecting I2C PCI devices            |
80611 |Info:    ------------------------------------------------------
80611 |Info:    ------------------------------------------------------
80611 |Info:    |               Detecting HID devices                |
80611 |Info:    ------------------------------------------------------
80726 |Info:    [X570 AORUS MASTER] Registering RGB controller
80745 |Info:    [Redragon M602 Griffin] Registering RGB controller
80745 |Info:    ------------------------------------------------------
80745 |Info:    |            Detecting libusb HID devices            |
80745 |Info:    ------------------------------------------------------
80808 |Info:    ------------------------------------------------------
80808 |Info:    |              Detecting other devices               |
80808 |Info:    ------------------------------------------------------
80809 |Info:    ------------------------------------------------------
80809 |Info:    |                Detection completed                 |
80809 |Info:    ------------------------------------------------------
80809 |Dialog:  <h2>WARNING:</h2><p>One or more I2C/SMBus interfaces failed to initialize.</p><p>RGB DRAM modules and some motherboards' onboard RGB lighting will not be available without I2C/SMBus.</p><p>On Linux, this is usually because the i2c-dev module is not loaded.  You must load the i2c-dev module along with the correct i2c driver for your motherboard.  This is usually i2c-piix4 for AMD systems and i2c-i801 for Intel systems.</p><p>See <a href='https://help.openrgb.org/'>help.openrgb.org</a> for additional troubleshooting steps if you keep seeing this message.<br></p>
