[Sun, 28 Jan 2024 15:10:45 GMT][INFO][User] User is Admin: true, detection ran: false
[Sun, 28 Jan 2024 15:10:45 GMT][INFO][Updater] initialized with an ECS config provider.
[Sun, 28 Jan 2024 15:10:45 GMT][INFO][Updater] initialized.
[Sun, 28 Jan 2024 15:10:45 GMT][INFO][Updater] start() called.
[Sun, 28 Jan 2024 15:10:45 GMT][INFO][Updater] Update interval set to 14400000
[Sun, 28 Jan 2024 15:10:45 GMT][INFO][Updater] Starting unexplicit update check as the updater was started.
[Sun, 28 Jan 2024 15:10:45 GMT][INFO][Updater] Checking for updates, explicit check: false
[Sun, 28 Jan 2024 15:10:45 GMT][INFO][Updater] Platform updater feed URL not set.
[Sun, 28 Jan 2024 15:10:45 GMT][INFO][Updater] Setting update feed url to: https://get.skype.com/s4l-update?version=8.110.76.107&os=linux&ring=preview&app=s4l&t=1706454645353&osversion=6.7.1-zen1-1-zen&arch=
[Sun, 28 Jan 2024 15:10:45 GMT][INFO][Updater] Checking for update.
[Sun, 28 Jan 2024 15:10:45 GMT][INFO][LinuxAutoUpdater] Checking for update
[Sun, 28 Jan 2024 15:10:45 GMT][INFO][LinuxAutoUpdater] Update not found.
[Sun, 28 Jan 2024 15:10:45 GMT][INFO][Updater] Update not found.
[Sun, 28 Jan 2024 15:10:45 GMT][INFO]Skype logging system information:
============================================================
  Version 1431/8.110.76.107/
  Ring: preview
  Operating System: Linux, linux 6.7.1-zen1-1-zen
  Architecture: x64
  Total Memory: 32011.9765625 MB
  Free Memory: 26686.2421875 MB
  Load average: 2.32,2.81,2.62
  Device Id: 9ce4ee03fec630a7cb3c0f79998d3e5d
  CPU Topology: [{"model":"AMD Ryzen 9 5900X 12-Core Processor","speed":2200,"times":{"user":96750,"nice":0,"sys":26200,"idle":4001980,"irq":7660}},{"model":"AMD Ryzen 9 5900X 12-Core Processor","speed":3566,"times":{"user":170240,"nice":0,"sys":33830,"idle":3963600,"irq":26850}},{"model":"AMD Ryzen 9 5900X 12-Core Processor","speed":2200,"times":{"user":130680,"nice":20,"sys":33080,"idle":3959430,"irq":31460}},{"model":"AMD Ryzen 9 5900X 12-Core Processor","speed":3781,"times":{"user":168360,"nice":0,"sys":34780,"idle":3981200,"irq":16720}},{"model":"AMD Ryzen 9 5900X 12-Core Processor","speed":3652,"times":{"user":127470,"nice":0,"sys":33520,"idle":4040370,"irq":7900}},{"model":"AMD Ryzen 9 5900X 12-Core Processor","speed":3334,"times":{"user":143400,"nice":30,"sys":28500,"idle":3975670,"irq":5430}},{"model":"AMD Ryzen 9 5900X 12-Core Processor","speed":2200,"times":{"user":517700,"nice":0,"sys":16300,"idle":3690140,"irq":4930}},{"model":"AMD Ryzen 9 5900X 12-Core Processor","speed":2200,"times":{"user":369230,"nice":10,"sys":14180,"idle":3855930,"irq":4390}},{"model":"AMD Ryzen 9 5900X 12-Core Processor","speed":2200,"times":{"user":292150,"nice":0,"sys":30540,"idle":3904740,"irq":6640}},{"model":"AMD Ryzen 9 5900X 12-Core Processor","speed":2200,"times":{"user":164810,"nice":10,"sys":35560,"idle":4021690,"irq":9940}},{"model":"AMD Ryzen 9 5900X 12-Core Processor","speed":2200,"times":{"user":332970,"nice":20,"sys":24900,"idle":3871030,"irq":4060}},{"model":"AMD Ryzen 9 5900X 12-Core Processor","speed":3591,"times":{"user":162360,"nice":10,"sys":21360,"idle":3925470,"irq":41510}},{"model":"AMD Ryzen 9 5900X 12-Core Processor","speed":3620,"times":{"user":110730,"nice":0,"sys":24880,"idle":4011100,"irq":6470}},{"model":"AMD Ryzen 9 5900X 12-Core Processor","speed":2873,"times":{"user":111220,"nice":10,"sys":25630,"idle":3990820,"irq":5750}},{"model":"AMD Ryzen 9 5900X 12-Core Processor","speed":2200,"times":{"user":78470,"nice":0,"sys":26490,"idle":4069010,"irq":5380}},{"model":"AMD Ryzen 9 5900X 12-Core Processor","speed":2200,"times":{"user":85720,"nice":0,"sys":26010,"idle":4087420,"irq":5220}},{"model":"AMD Ryzen 9 5900X 12-Core Processor","speed":3686,"times":{"user":72460,"nice":0,"sys":30650,"idle":4074270,"irq":8770}},{"model":"AMD Ryzen 9 5900X 12-Core Processor","speed":3058,"times":{"user":90540,"nice":10,"sys":29550,"idle":4013380,"irq":6470}},{"model":"AMD Ryzen 9 5900X 12-Core Processor","speed":2200,"times":{"user":306420,"nice":10,"sys":16770,"idle":3922150,"irq":4130}},{"model":"AMD Ryzen 9 5900X 12-Core Processor","speed":3163,"times":{"user":296070,"nice":0,"sys":14250,"idle":3936470,"irq":4180}},{"model":"AMD Ryzen 9 5900X 12-Core Processor","speed":2200,"times":{"user":144900,"nice":0,"sys":24600,"idle":4034090,"irq":21970}},{"model":"AMD Ryzen 9 5900X 12-Core Processor","speed":3584,"times":{"user":104050,"nice":0,"sys":58760,"idle":4037840,"irq":18220}},{"model":"AMD Ryzen 9 5900X 12-Core Processor","speed":4499,"times":{"user":186720,"nice":20,"sys":20450,"idle":4022750,"irq":4240}},{"model":"AMD Ryzen 9 5900X 12-Core Processor","speed":2200,"times":{"user":181330,"nice":0,"sys":23760,"idle":4028080,"irq":5380}}]
============================================================
[Sun, 28 Jan 2024 15:10:45 GMT][INFO][Application] checking-for-update. Explicit check = false
[Sun, 28 Jan 2024 15:10:45 GMT][INFO][Application] update-not-available. Explicit check = false
[Sun, 28 Jan 2024 15:10:45 GMT][INFO][EcsConfig] Ecs cache does not exist.
[Sun, 28 Jan 2024 15:10:45 GMT][INFO][EcsConfig] Downloading ECS Config
[Sun, 28 Jan 2024 15:10:45 GMT][INFO][HttpsRequest] [7bfe90] Sending request to GET https://a.config.skype.com/config/v1/SkypeElectronWrapper/1431_8.110.76.107?ConfigOption=preview&clientId=9ce4ee03fec630a7cb3c0f79998d3e5d&OSVer=6.7.1-zen1-1-zen, Proxy: false, Attempt: 1/1
[Sun, 28 Jan 2024 15:10:45 GMT][INFO][Launch] GPU info: [{"active":true,"cudaComputeCapabilityMajor":0,"deviceId":26591,"vendorId":4098}]
[Sun, 28 Jan 2024 15:10:45 GMT][INFO][Launch] Disable HW acceleration: false
[Sun, 28 Jan 2024 15:10:45 GMT][INFO][WindowInterceptor] Registering new window interceptor.
[Sun, 28 Jan 2024 15:10:45 GMT][INFO][AutoStartLinux] Created file /home/grajap/.config/autostart/skypeforlinux.desktop
[Sun, 28 Jan 2024 15:10:45 GMT][INFO][File Interceptor] Registering protocol interceptors, success: true
[Sun, 28 Jan 2024 15:10:45 GMT][INFO][SkypeTray] Attempting to update tray... (valid tray object: true
[Sun, 28 Jan 2024 15:10:45 GMT][INFO][SkypeUri] Failed to set client as default for skype protocol
[Sun, 28 Jan 2024 15:10:45 GMT][INFO][SkypeUri] Failed to set client as default for tel protocol
[Sun, 28 Jan 2024 15:10:45 GMT][INFO][SkypeUri] Failed to set client as default for callto protocol
[Sun, 28 Jan 2024 15:10:45 GMT][INFO][MainWindow] Loading application.
[Sun, 28 Jan 2024 15:10:45 GMT][INFO][HttpsRequest] [40ed07] Sending request to POST https://pipe.skype.com/Collector/3.0/, Proxy: false, Attempt: 1/3
[Sun, 28 Jan 2024 15:10:45 GMT][ERROR][FileLogRetentionUtility] Error listing logs to delete. Error: ENOENT: no such file or directory, scandir '/home/grajap/.config/skypeforlinux/skylib'
[Sun, 28 Jan 2024 15:10:45 GMT][INFO][FileLogRetentionUtility] Listing existing log files in  /home/grajap/.config/skypeforlinux/logs
[Sun, 28 Jan 2024 15:10:46 GMT][INFO][Preload] Loading: file:///Index.html
[Sun, 28 Jan 2024 15:10:46 GMT][INFO][S4lApi] loading native slimcore module
[Sun, 28 Jan 2024 15:10:46 GMT][INFO][HttpsRequest] [7bfe90] Got response: [200] OK. Duration: 944ms
[Sun, 28 Jan 2024 15:10:46 GMT][INFO][EcsConfig] ECS Config successfully downloaded.
[Sun, 28 Jan 2024 15:10:46 GMT][INFO][SystemIdle] Setting up system idle time check
[Sun, 28 Jan 2024 15:10:46 GMT][INFO][Updater] Non Admin user startup check enabled: true
[Sun, 28 Jan 2024 15:10:46 GMT][INFO][Updater] Update interval set to 21600000, rescheduling update checks
[Sun, 28 Jan 2024 15:10:46 GMT][INFO][Updater] Checking for updates, explicit check: false
[Sun, 28 Jan 2024 15:10:46 GMT][INFO][Updater] Setting update feed url to: https://get.skype.com/s4l-update?version=8.110.76.107&os=linux&ring=preview&app=s4l&t=1706454646305&osversion=6.7.1-zen1-1-zen&arch=
[Sun, 28 Jan 2024 15:10:46 GMT][INFO][Updater] Checking for update.
[Sun, 28 Jan 2024 15:10:46 GMT][INFO][Application] checking-for-update. Explicit check = false
[Sun, 28 Jan 2024 15:10:46 GMT][INFO][LinuxAutoUpdater] Checking for update
[Sun, 28 Jan 2024 15:10:46 GMT][INFO][LinuxAutoUpdater] Update found: 8.110.76.210
[Sun, 28 Jan 2024 15:10:46 GMT][INFO][Updater] Update downloaded. {"releaseName":"skypeforlinux","releaseNotes":"none","releaseDate":"2024-01-28T15:10:46.305Z","updateURL":"none"}
[Sun, 28 Jan 2024 15:10:46 GMT][INFO][Application] update-downloaded. Explicit check = false
[Sun, 28 Jan 2024 15:10:46 GMT][INFO][ECSConfig] ECS Config loaded
[Sun, 28 Jan 2024 15:10:46 GMT][INFO][WindowBase] Window is ready to show.
[Sun, 28 Jan 2024 15:10:46 GMT][WARN][HttpsRequest] [40ed07] Request failed with error: read ECONNRESET. Duration: 470ms. Retrying in 0s.
[Sun, 28 Jan 2024 15:10:46 GMT][INFO][HttpsRequest] [40ed07] Sending request to POST https://pipe.skype.com/Collector/3.0/, Proxy: false, Attempt: 2/3
[Sun, 28 Jan 2024 15:10:47 GMT][INFO][HttpsRequest] [40ed07] Got response: [200] OK. Duration: 644ms
[Sun, 28 Jan 2024 15:10:47 GMT][WARN][app] [#01f1280b-S] [WARN] [RootToolsManager] registerListeners: RootToolsManagerDelegate missing setNativeLoggingEventCallback method
[Sun, 28 Jan 2024 15:10:47 GMT][WARN][app] [#ffffffff-u] [WARN] [JS.GenericUnsafe] In React 18, SSRProvider is not necessary and is a noop. You can remove it from your app.
[Sun, 28 Jan 2024 15:10:47 GMT][INFO][KeychainStore] Deleting credentials, service: SkypeAccountProviderService:Qso.
[Sun, 28 Jan 2024 15:10:47 GMT][INFO][KeychainStore] Deleting stored credentials. Success: false.
[Sun, 28 Jan 2024 15:10:47 GMT][INFO][app] [#ffffffff-u] [TRACE] [JS.Startup] Finish: CurrentUserActivityTelemetryService: 13ms
[Sun, 28 Jan 2024 15:10:47 GMT][INFO][MainWindow] Resizing and repositioning main window for login screen.
[Sun, 28 Jan 2024 15:10:47 GMT][INFO][app] [#ffffffff-u] [TRACE] [JS.Startup] AppBootstrapperWeb._fallbackToLoginElectron reason: NoSkypeIdFound
[Sun, 28 Jan 2024 15:10:47 GMT][INFO][app] [#ffffffff-u] [TRACE] [JS.Startup] WelcomeScreen waiting for ECS config with timeout: 1000
[Sun, 28 Jan 2024 15:10:47 GMT][INFO][app] [#ffffffff-S] [TRACE] [JS.SISU] Providing auth stack info to OneAuth noPaVersion: 0, isCoBaSiEnabled: true
[Sun, 28 Jan 2024 15:10:47 GMT][ERROR][Edgefeature] Error get ProgId Error: spawn REG ENOENT
[Sun, 28 Jan 2024 15:10:47 GMT][ERROR][Edgefeature] Error get ApplicationName Error: spawn REG ENOENT
[Sun, 28 Jan 2024 15:10:47 GMT][INFO][app] [#ffffffff-S] [TRACE] [JS.ResponsiveWidthStore] New width: 1257 rootViewId: [pii<u1>] causeId: 3f9f0761
[Sun, 28 Jan 2024 15:10:47 GMT][INFO][app] [#ffffffff-S] [TRACE] [JS.ResponsiveWidthStore] New height: 1412 rootViewId: [pii<u1>] causeId: 3f9f0761
[Sun, 28 Jan 2024 15:10:47 GMT][INFO][app] [#ffffffff-S] [TRACE] [JS.ResponsiveWidthStore] New orientation from width update: 1 window dimensions, w: 1257 h: 1412 rootViewId: [pii<u1>] causeId: 3f9f0761
[Sun, 28 Jan 2024 15:10:47 GMT][INFO][app] [#ffffffff-u] [TRACE] [JS.GenericUnsafe] SWR: [ID 0] onreadystatechange(): readyState=4
[Sun, 28 Jan 2024 15:10:47 GMT][INFO][app] [#ffffffff-u] [TRACE] [JS.GenericUnsafe] SWR: [ID 0] _respond 4 undefined; reason: onreadystatechange; readyState: 4
[Sun, 28 Jan 2024 15:10:47 GMT][INFO][app] [#ffffffff-u] [TRACE] [JS.GenericUnsafe] SWR: [ID 0] _respond resolving
[Sun, 28 Jan 2024 15:10:47 GMT][INFO][Application] Locale change event - reinit translated content to pl-pl
[Sun, 28 Jan 2024 15:10:47 GMT][INFO][SkypeTray] Attempting to update tray... (valid tray object: true
[Sun, 28 Jan 2024 15:10:47 GMT][INFO][ApplicationMenu] Reloading menu.
[Sun, 28 Jan 2024 15:10:47 GMT][INFO][app] [#ffffffff-S] [TRACE] [JS.IntegrationsStore] Set flag to fetch integrations on locale change on startup. NewLocale: [pii<p...>]
[Sun, 28 Jan 2024 15:10:47 GMT][INFO][app] [#ffffffff-S] [TRACE] [JS.AgentsStore] Set flag to fetch bots on locale change on startup. NewLocale: [pii<p...>]
[Sun, 28 Jan 2024 15:10:47 GMT][INFO][app] [#ffffffff-u] [TRACE] [JS.GenericUnsafe] SWR: checkQueueProcessing: Queued:0, Executing:1, Blocked:0, Max:10, Reserved:undefined
[Sun, 28 Jan 2024 15:10:47 GMT][INFO][app] [#ffffffff-S] [TRACE] [JS.ResponsiveWidthStore] New width: 460 rootViewId: [pii<u1>] causeId: f0b18a85
[Sun, 28 Jan 2024 15:10:47 GMT][INFO][app] [#ffffffff-S] [TRACE] [JS.ResponsiveWidthStore] New Responsive Width: 1 rootViewId: [pii<u1>] causeId: f0b18a85
[Sun, 28 Jan 2024 15:10:47 GMT][INFO][app] [#ffffffff-S] [TRACE] [JS.ResponsiveWidthStore] New height: 660 rootViewId: [pii<u1>] causeId: f0b18a85
[Sun, 28 Jan 2024 15:10:47 GMT][INFO][app] [#ffffffff-S] [TRACE] [JS.ResponsiveWidthStore] New width: 1257 rootViewId: [pii<u1>] causeId: 43cfd2f2
[Sun, 28 Jan 2024 15:10:47 GMT][INFO][app] [#ffffffff-S] [TRACE] [JS.ResponsiveWidthStore] New Responsive Width: 3 rootViewId: [pii<u1>] causeId: 43cfd2f2
[Sun, 28 Jan 2024 15:10:47 GMT][INFO][app] [#ffffffff-S] [TRACE] [JS.ResponsiveWidthStore] New height: 1412 rootViewId: [pii<u1>] causeId: 43cfd2f2
[Sun, 28 Jan 2024 15:10:48 GMT][INFO][app] [#ffffffff-u] [TRACE] [JS.GenericUnsafe] SWR: [ID 1] onreadystatechange(): readyState=2
[Sun, 28 Jan 2024 15:10:48 GMT][INFO][app] [#ffffffff-u] [TRACE] [JS.GenericUnsafe] SWR: [ID 1] onreadystatechange(): readyState=3
[Sun, 28 Jan 2024 15:10:48 GMT][INFO][app] [#ffffffff-u] [TRACE] [JS.GenericUnsafe] SWR: [ID 1] onreadystatechange(): readyState=4
[Sun, 28 Jan 2024 15:10:48 GMT][INFO][app] [#ffffffff-u] [TRACE] [JS.GenericUnsafe] SWR: [ID 1] _respond 4 undefined; reason: onreadystatechange; readyState: 4
[Sun, 28 Jan 2024 15:10:48 GMT][INFO][app] [#ffffffff-u] [TRACE] [JS.GenericUnsafe] SWR: [ID 1] _respond resolving
[Sun, 28 Jan 2024 15:10:48 GMT][INFO][app] [#ffffffff-u] [TRACE] [JS.GenericUnsafe] SWR: checkQueueProcessing: Queued:0, Executing:0, Blocked:0, Max:10, Reserved:undefined
[Sun, 28 Jan 2024 15:10:48 GMT][WARN][app] [#ffffffff-u] [WARN] [JS.GenericUnsafe] No previously cached ECS telemetry config exists - fallback to sending event
[Sun, 28 Jan 2024 15:10:48 GMT][INFO][app] [#ffffffff-u] [TRACE] [JS.GenericUnsafe] ECS - Config fetch complete
[Sun, 28 Jan 2024 15:10:48 GMT][INFO][app] [#ffffffff-S] [TRACE] [JS.SISU] Providing auth stack info to OneAuth noPaVersion: 2, isCoBaSiEnabled: true
[Sun, 28 Jan 2024 15:10:48 GMT][ERROR][Edgefeature] Error get ProgId Error: spawn REG ENOENT
[Sun, 28 Jan 2024 15:10:48 GMT][ERROR][Edgefeature] Error get ApplicationName Error: spawn REG ENOENT
[Sun, 28 Jan 2024 15:10:48 GMT][INFO][app] [#ffffffff-u] [TRACE] [JS.Startup] Starting: NotificationQueueService
[Sun, 28 Jan 2024 15:10:48 GMT][INFO][app] [#ffffffff-S] [TRACE] [JS.Notifications] Draining initial push notifications queue.
[Sun, 28 Jan 2024 15:10:48 GMT][INFO][app] [#ffffffff-S] [TRACE] [JS.Notifications] Draining initial local notifications queue.
[Sun, 28 Jan 2024 15:10:48 GMT][INFO][app] [#ffffffff-u] [TRACE] [JS.Startup] Finish: NotificationQueueService: 0ms
[Sun, 28 Jan 2024 15:10:48 GMT][INFO][app] [#ffffffff-u] [TRACE] [JS.Startup] Starting: LocalEngagementNotificationsService
[Sun, 28 Jan 2024 15:10:48 GMT][INFO][app] [#ffffffff-S] [TRACE] [JS.Notifications] Initializing local notifications module
[Sun, 28 Jan 2024 15:10:48 GMT][INFO][app] [#ffffffff-S] [TRACE] [JS.Notifications] Initializing HTML notifications for Electron
[Sun, 28 Jan 2024 15:10:48 GMT][INFO][app] [#ffffffff-S] [TRACE] [JS.Notifications] Initializing local notifications module
[Sun, 28 Jan 2024 15:10:48 GMT][INFO][app] [#ffffffff-u] [TRACE] [JS.Startup] WelcomeScreen waiting for ECS config timed out: false
[Sun, 28 Jan 2024 15:10:48 GMT][INFO][app] [#ffffffff-u] [TRACE] [JS.Startup] ServiceStateStore: Setting statup UI state to 1
[Sun, 28 Jan 2024 15:10:48 GMT][INFO][app] [#ffffffff-S] [TRACE] [JS.SISU] [Root] UNSAFE_componentWillMount()
[Sun, 28 Jan 2024 15:10:48 GMT][INFO][app] [#ffffffff-S] [TRACE] [JS.SISU] [Root] screenType: Large
[Sun, 28 Jan 2024 15:10:48 GMT][INFO][app] [#ffffffff-S] [TRACE] [JS.SISU] _shouldShowSignInWithQrCodeButton - isOfficeLensAvailableAndEnabled: false
[Sun, 28 Jan 2024 15:10:48 GMT][INFO][app] [#ffffffff-u] [TRACE] [JS.GenericUnsafe] [Clarity] Integration enabled: false
[Sun, 28 Jan 2024 15:10:48 GMT][INFO][MainWindow] Resizing and repositioning main window for login screen.
[Sun, 28 Jan 2024 15:10:48 GMT][INFO][app] [#ffffffff-S] [TRACE] [JS.RootAppView] RootAppView componentWillUnmount
[Sun, 28 Jan 2024 15:10:48 GMT][INFO][app] [#ffffffff-S] [TRACE] [JS.SISU] [Root] componentDidRender()
[Sun, 28 Jan 2024 15:10:48 GMT][INFO][app] [#ffffffff-S] [TRACE] [JS.SISU] [Root] componentDidMount() isFirstTimeSignIn: true isAppAutoStartEnabled: true isAppLaunchMinimizedEnabled: false
[Sun, 28 Jan 2024 15:10:48 GMT][INFO][app] [#ffffffff-S] [TRACE] [JS.SISU] [RootPageFlow] the first page is: InitialAnimation
[Sun, 28 Jan 2024 15:10:48 GMT][INFO][app] [#ffffffff-S] [TRACE] [JS.SISU] [Root] updating account list...
[Sun, 28 Jan 2024 15:10:48 GMT][INFO][app] [#ffffffff-S] [TRACE] [JS.SISU] [AccountProviderManager] fetching accounts from all providers...
[Sun, 28 Jan 2024 15:10:48 GMT][INFO][app] [#ffffffff-S] [TRACE] [JS.SISU] [AccountProviderManager] fetching accounts for Sso
[Sun, 28 Jan 2024 15:10:48 GMT][INFO][app] [#ffffffff-S] [TRACE] [JS.SISU] [AccountProviderManager] Sso found 0 account(s)
[Sun, 28 Jan 2024 15:10:48 GMT][INFO][app] [#ffffffff-S] [TRACE] [JS.SISU] [AccountProviderManager] fetching accounts for Qso
[Sun, 28 Jan 2024 15:10:48 GMT][INFO][app] [#ffffffff-S] [TRACE] [JS.SISU] [AccountProviderManager] Qso found 0 account(s)
[Sun, 28 Jan 2024 15:10:48 GMT][INFO][app] [#ffffffff-S] [TRACE] [JS.SISU] [AccountProviderManager] fetching accounts for InterruptHandler
[Sun, 28 Jan 2024 15:10:48 GMT][INFO][KeychainStore] Getting stored credentials from keytar, service: SkypeAccountProviderService:InterruptHandler.
[Sun, 28 Jan 2024 15:10:48 GMT][INFO][app] [#ffffffff-S] [TRACE] [JS.SISU] [AccountProviderManager] fetching accounts for MigratedCredentials
[Sun, 28 Jan 2024 15:10:48 GMT][INFO][KeychainStore] Getting stored credentials from keytar, service: SkypeAccountProviderService:MigratedCredentials.
[Sun, 28 Jan 2024 15:10:48 GMT][INFO][app] [#ffffffff-S] [TRACE] [JS.SISU] [AccountProviderManager] fetching accounts for OneAuth
[Sun, 28 Jan 2024 15:10:48 GMT][INFO][app] [#ffffffff-S] [TRACE] [JS.SISU] Not fetching OneAuth SSO accounts as OneAuth is not enabled!
[Sun, 28 Jan 2024 15:10:48 GMT][INFO][app] [#ffffffff-S] [TRACE] [JS.SISU] [AccountProviderManager] OneAuth found 0 account(s)
[Sun, 28 Jan 2024 15:10:48 GMT][INFO][app] [#ffffffff-S] [TRACE] [JS.SISU] [RootPageFlow] InitialAnimation does not have an IN animation
[Sun, 28 Jan 2024 15:10:48 GMT][INFO][app] [#ffffffff-S] [TRACE] [JS.SISU] [Root] componentDidUpdate()
[Sun, 28 Jan 2024 15:10:48 GMT][INFO][app] [#ffffffff-S] [TRACE] [JS.SISU] [Root] componentDidRender()
[Sun, 28 Jan 2024 15:10:48 GMT][INFO][KeychainStore] No stored credentials fetched from keytar.
[Sun, 28 Jan 2024 15:10:48 GMT][ERROR][KeychainStore] Getting stored credentials failed. Error:  Error: No stored credentials fetched from keytar.
[Sun, 28 Jan 2024 15:10:48 GMT][INFO][app] [#ffffffff-u] [TRACE] [JS.Startup] Finish: LocalEngagementNotificationsService: 51ms
[Sun, 28 Jan 2024 15:10:48 GMT][INFO][KeychainStore] No stored credentials fetched from keytar.
[Sun, 28 Jan 2024 15:10:48 GMT][ERROR][KeychainStore] Getting stored credentials failed. Error:  Error: No stored credentials fetched from keytar.
[Sun, 28 Jan 2024 15:10:48 GMT][INFO][app] [#ffffffff-u] [TRACE] [JS.Startup] Starting: EngagementSignInRemindersService
[Sun, 28 Jan 2024 15:10:48 GMT][INFO][app] [#ffffffff-S] [TRACE] [JS.Engagement] SignInReminderIdentifier: Unsupported platform.
[Sun, 28 Jan 2024 15:10:48 GMT][INFO][app] [#ffffffff-u] [TRACE] [JS.Startup] Finish: EngagementSignInRemindersService: 3ms
[Sun, 28 Jan 2024 15:10:48 GMT][INFO][app] [#ffffffff-S] [TRACE] [JS.SISU] [InterruptHandlerProvider] provider getAccounts error: [pii<E...>]
[Sun, 28 Jan 2024 15:10:48 GMT][INFO][KeychainStore] Getting stored credentials from keytar, service: LogoutToken.
[Sun, 28 Jan 2024 15:10:48 GMT][INFO][app] [#ffffffff-S] [TRACE] [JS.SISU] [MigratedCredentialsProvider] provider getAccounts error: [pii<E...>]
[Sun, 28 Jan 2024 15:10:48 GMT][INFO][app] [#ffffffff-S] [TRACE] [JS.SISU] [AccountProviderManager] MigratedCredentials found 0 account(s)
[Sun, 28 Jan 2024 15:10:48 GMT][INFO][KeychainStore] No stored credentials fetched from keytar.
[Sun, 28 Jan 2024 15:10:48 GMT][ERROR][KeychainStore] Getting stored credentials failed. Error:  Error: No stored credentials fetched from keytar.
[Sun, 28 Jan 2024 15:10:48 GMT][INFO][KeychainStore] Deleting credentials, service: LogoutToken.
[Sun, 28 Jan 2024 15:10:48 GMT][INFO][app] [#ffffffff-S] [TRACE] [JS.SISU] [AccountProviderManager] InterruptHandler found 0 account(s)
[Sun, 28 Jan 2024 15:10:48 GMT][INFO][app] [#ffffffff-S] [TRACE] [JS.SISU] [AccountProviderManager] 0 unique account(s) were found (0 duplicate)
[Sun, 28 Jan 2024 15:10:48 GMT][INFO][app] [#ffffffff-S] [TRACE] [JS.SISU] [AccountProviderManager] found 0 account(s) in total after blacklist processing
[Sun, 28 Jan 2024 15:10:48 GMT][INFO][app] [#ffffffff-S] [TRACE] [JS.SISU] [Root] account list returned with size:
[Sun, 28 Jan 2024 15:10:48 GMT][INFO][KeychainStore] Deleting stored credentials. Success: false.
[Sun, 28 Jan 2024 15:10:48 GMT][INFO][app] [#ffffffff-S] [TRACE] [JS.SISU] [Root] componentDidUpdate()
[Sun, 28 Jan 2024 15:10:48 GMT][INFO][app] [#ffffffff-S] [TRACE] [JS.SISU] [Root] componentDidRender()
[Sun, 28 Jan 2024 15:10:48 GMT][INFO][app] [#ffffffff-S] [TRACE] [JS.SISU] [RootPageFlow] will attempt to advance  from: InitialAnimation
[Sun, 28 Jan 2024 15:10:48 GMT][INFO][app] [#ffffffff-S] [TRACE] [JS.SISU] [RootPageFlow] InitialAnimation does not have an OUT animation
[Sun, 28 Jan 2024 15:10:48 GMT][INFO][app] [#ffffffff-S] [TRACE] [JS.SISU] [RootPageFlow] will be: PlainSiSu was: InitialAnimation
[Sun, 28 Jan 2024 15:10:48 GMT][INFO][app] [#ffffffff-S] [TRACE] [JS.SISU] _shouldShowSignInWithQrCodeButton - isOfficeLensAvailableAndEnabled: false
[Sun, 28 Jan 2024 15:10:48 GMT][INFO][app] [#ffffffff-S] [TRACE] [JS.SISU] [MSAOAuth] Web view building, will show: SignInPage
[Sun, 28 Jan 2024 15:10:48 GMT][INFO][app] [#ffffffff-S] [TRACE] [JS.SISU] MSA WebView is still loading
[Sun, 28 Jan 2024 15:10:48 GMT][INFO][app] [#ffffffff-S] [TRACE] [JS.SISU] [MSAOAuth] isOneAuth MSA flow
[Sun, 28 Jan 2024 15:10:48 GMT][INFO][app] [#ffffffff-S] [TRACE] [JS.SISU] [MSAPerf] load start time Sun Jan 28 2024 16:10:48 GMT+0100 (czas środkowoeuropejski standardowy)
[Sun, 28 Jan 2024 15:10:48 GMT][INFO][app] [#ffffffff-S] [TRACE] [JS.SISU] [MSAPerf] UAID: 089a695301c044feb1987eccd436e0a9
[Sun, 28 Jan 2024 15:10:48 GMT][INFO][app] [#ffffffff-S] [TRACE] [JS.SISU] [Root] componentDidUpdate()
[Sun, 28 Jan 2024 15:10:48 GMT][INFO][app] [#ffffffff-S] [TRACE] [JS.SISU] [Root] componentDidRender()
[Sun, 28 Jan 2024 15:10:48 GMT][INFO][app] [#ffffffff-S] [TRACE] [JS.SISU] [RootPageFlow] PlainSiSu IN animation starting
[Sun, 28 Jan 2024 15:10:48 GMT][WARN][app] [#ffffffff-S] [WARN] [JS.SISU] [MSAOAuth] Landed on an unexpected URL: [pii<a...>]
[Sun, 28 Jan 2024 15:10:48 GMT][INFO][app] [#ffffffff-S] [TRACE] [JS.SISU] [RootPageFlow] PlainSiSu IN animation complete
[Sun, 28 Jan 2024 15:10:49 GMT][INFO][app] [#ffffffff-S] [TRACE] [JS.InAppWebBrowser] InAppWebBrowser loading local page in will-navigate (not opening external browser)
[Sun, 28 Jan 2024 15:10:49 GMT][INFO][app] [#ffffffff-S] [TRACE] [JS.Lifecycle] App activation state changed to: Background - notify: CurrentUserActiveStore
[Sun, 28 Jan 2024 15:10:49 GMT][INFO][app] [#ffffffff-S] [TRACE] [JS.CurrentUserActiveStore] _isUserActive=false _isUserPresent=false _isAppActive=false
[Sun, 28 Jan 2024 15:10:49 GMT][INFO][app] [#ffffffff-S] [TRACE] [JS.CurrentUserActiveStore] Last app active time - Sun Jan 28 2024 16:10:49 GMT+0100 (czas środkowoeuropejski standardowy) (1706454649199)
[Sun, 28 Jan 2024 15:10:49 GMT][INFO][app] [#ffffffff-S] [TRACE] [JS.CurrentUserActiveStore] Store has record of 0 ms of app usage
[Sun, 28 Jan 2024 15:10:49 GMT][INFO][app] [#ffffffff-S] [TRACE] [JS.CurrentUserActiveStore] Total elapsed time is 1461 ms
[Sun, 28 Jan 2024 15:10:49 GMT][INFO][app] [#ffffffff-S] [TRACE] [JS.Lifecycle] App activation state changed to: Background - notify: AriaSink
[Sun, 28 Jan 2024 15:10:49 GMT][INFO][app] [#ffffffff-S] [TRACE] [JS.Lifecycle] App activation state changed to: Background - notify: EcsService
[Sun, 28 Jan 2024 15:10:49 GMT][INFO][app] [#ffffffff-S] [TRACE] [JS.Lifecycle] App activation state changed to: Background - notify: DesktopCallNotifications
[Sun, 28 Jan 2024 15:10:49 GMT][INFO][app] [#ffffffff-S] [TRACE] [JS.Lifecycle] App activation state changed to: Background - notify: ToastService
[Sun, 28 Jan 2024 15:10:49 GMT][INFO][app] [#ffffffff-S] [TRACE] [JS.Lifecycle] App activation state changed to: Background - notify: AppStateStore
[Sun, 28 Jan 2024 15:10:49 GMT][INFO][app] [#ffffffff-S] [TRACE] [JS.SISU] [MSAOAuth] navigated to oauth_authorize.srf
[Sun, 28 Jan 2024 15:10:49 GMT][INFO][app] [#ffffffff-S] [TRACE] [JS.SISU] [MSAOAuth] navigated to oauth_authorize.srf
[Sun, 28 Jan 2024 15:10:49 GMT][INFO][app] [#ffffffff-S] [TRACE] [JS.SISU] [MSAOAuth] navigated to oauth_authorize.srf
[Sun, 28 Jan 2024 15:10:49 GMT][INFO][app] [#ffffffff-S] [TRACE] [JS.SISU] [MSAOAuth] navigated to oauth_authorize.srf
[Sun, 28 Jan 2024 15:10:49 GMT][INFO][app] [#ffffffff-S] [TRACE] [JS.SISU] [MSAOAuth] navigated to oauth_authorize.srf
[Sun, 28 Jan 2024 15:10:49 GMT][INFO][app] [#ffffffff-S] [TRACE] [JS.CurrentUserActiveStore] _isUserActive=false _isUserPresent=false _isAppActive=false
[Sun, 28 Jan 2024 15:10:49 GMT][INFO][app] [#ffffffff-S] [TRACE] [JS.CurrentUserActiveStore] Last app active time - Sun Jan 28 2024 16:10:49 GMT+0100 (czas środkowoeuropejski standardowy) (1706454649899)
[Sun, 28 Jan 2024 15:10:49 GMT][INFO][app] [#ffffffff-S] [TRACE] [JS.CurrentUserActiveStore] Total elapsed time is 3621 ms
[Sun, 28 Jan 2024 15:11:05 GMT][INFO][app] [#ffffffff-u] [TRACE] [JS.GenericUnsafe] SWR: [ID 2] constructing POST browser.pipe.aria.microsoft.com
[Sun, 28 Jan 2024 15:11:05 GMT][INFO][app] [#ffffffff-u] [TRACE] [JS.GenericUnsafe] SWR: [ID 2] start
[Sun, 28 Jan 2024 15:11:05 GMT][INFO][app] [#ffffffff-u] [TRACE] [JS.GenericUnsafe] SWR: [ID 2] _enqueue inserting at the end of queue 0
[Sun, 28 Jan 2024 15:11:05 GMT][INFO][app] [#ffffffff-u] [TRACE] [JS.GenericUnsafe] SWR: [ID 2] _fire 1 ms after creation
[Sun, 28 Jan 2024 15:11:05 GMT][INFO][app] [#ffffffff-u] [TRACE] [JS.GenericUnsafe] SWR: [ID 2] _fire executing _xhr.send(sendData)
[Sun, 28 Jan 2024 15:11:05 GMT][INFO][app] [#ffffffff-u] [TRACE] [JS.GenericUnsafe] SWR: checkQueueProcessing: Queued:0, Executing:1, Blocked:0, Max:10, Reserved:undefined
[Sun, 28 Jan 2024 15:11:06 GMT][INFO][app] [#ffffffff-u] [TRACE] [JS.GenericUnsafe] SWR: [ID 2] _respond 4 undefined; reason: onload
[Sun, 28 Jan 2024 15:11:06 GMT][INFO][app] [#ffffffff-u] [TRACE] [JS.GenericUnsafe] SWR: [ID 2] _respond resolving
[Sun, 28 Jan 2024 15:11:06 GMT][INFO][app] [#ffffffff-u] [TRACE] [JS.GenericUnsafe] SWR: checkQueueProcessing: Queued:0, Executing:0, Blocked:0, Max:10, Reserved:undefined
[Sun, 28 Jan 2024 15:11:47 GMT][INFO][app] [#ffffffff-u] [TRACE] [JS.ScenarioTracker] Id: 0c73b800-29af-4a5d-8bab-827a57aa8c56; Name: AppStartupIntent
	Context_step_name_started: 0
	Context_AppState: 2
	Context_StartupContext: Unknown
	Context_ColdStartup: true
	Context_error_description: TimedOut
	PERF_AppStartupIntent_started : 0 ms | 0 ms
	PERF_AppStartupIntent_ColdStartup : 2484 ms | 2484 ms
	PERF_AppStartupIntent_Phase0 : 120 ms | 2604 ms
	PERF_AppStartupIntent_Phase1 : 1662 ms | 4266 ms
	PERF_AppStartupIntent_Phase2 : 773 ms | 5039 ms
	PERF_AppStartupIntent_failed : 60033 ms | 65072 ms (TARGET)
	PERF_AppStartupIntent_Total : 65072 ms
[Sun, 28 Jan 2024 15:11:56 GMT][INFO][app] [#ffffffff-u] [TRACE] [JS.GenericUnsafe] SWR: [ID 3] constructing POST browser.pipe.aria.microsoft.com
[Sun, 28 Jan 2024 15:11:56 GMT][INFO][app] [#ffffffff-u] [TRACE] [JS.GenericUnsafe] SWR: [ID 3] start
[Sun, 28 Jan 2024 15:11:56 GMT][INFO][app] [#ffffffff-u] [TRACE] [JS.GenericUnsafe] SWR: [ID 3] _enqueue inserting at the end of queue 0
[Sun, 28 Jan 2024 15:11:56 GMT][INFO][app] [#ffffffff-u] [TRACE] [JS.GenericUnsafe] SWR: [ID 3] _fire 0 ms after creation
[Sun, 28 Jan 2024 15:11:56 GMT][INFO][app] [#ffffffff-u] [TRACE] [JS.GenericUnsafe] SWR: [ID 3] _fire executing _xhr.send(sendData)
[Sun, 28 Jan 2024 15:11:56 GMT][INFO][app] [#ffffffff-u] [TRACE] [JS.GenericUnsafe] SWR: checkQueueProcessing: Queued:0, Executing:1, Blocked:0, Max:10, Reserved:undefined
[Sun, 28 Jan 2024 15:11:57 GMT][INFO][app] [#ffffffff-u] [TRACE] [JS.GenericUnsafe] SWR: [ID 3] _respond 4 undefined; reason: onload
[Sun, 28 Jan 2024 15:11:57 GMT][INFO][app] [#ffffffff-u] [TRACE] [JS.GenericUnsafe] SWR: [ID 3] _respond resolving
[Sun, 28 Jan 2024 15:11:57 GMT][INFO][app] [#ffffffff-u] [TRACE] [JS.GenericUnsafe] SWR: checkQueueProcessing: Queued:0, Executing:0, Blocked:0, Max:10, Reserved:undefined
[Sun, 28 Jan 2024 15:15:48 GMT][INFO][app] [#ffffffff-S] [TRACE] [JS.SISU] MSA Preload timer is disabled
[Sun, 28 Jan 2024 15:15:48 GMT][INFO][app] [#ffffffff-S] [TRACE] [JS.SISU] MSA Preload is expired and will not be shown
[Sun, 28 Jan 2024 15:15:48 GMT][INFO][app] [#ffffffff-S] [TRACE] [JS.SISU] _shouldShowSignInWithQrCodeButton - isOfficeLensAvailableAndEnabled: false
[Sun, 28 Jan 2024 15:15:48 GMT][INFO][app] [#ffffffff-S] [TRACE] [JS.SISU] [Root] componentDidUpdate()
[Sun, 28 Jan 2024 15:15:48 GMT][INFO][app] [#ffffffff-S] [TRACE] [JS.SISU] [Root] componentDidRender()
[Sun, 28 Jan 2024 15:15:49 GMT][INFO][app] [#ffffffff-S] [TRACE] [JS.CurrentUserActiveStore] _isUserActive=false _isUserPresent=true _isAppActive=false
[Sun, 28 Jan 2024 15:15:49 GMT][INFO][app] [#ffffffff-S] [TRACE] [JS.CurrentUserActiveStore] Last app active time - Sun Jan 28 2024 16:15:49 GMT+0100 (czas środkowoeuropejski standardowy) (1706454949116)
[Sun, 28 Jan 2024 15:15:49 GMT][INFO][app] [#ffffffff-S] [TRACE] [JS.CurrentUserActiveStore] Total elapsed time is 304998 ms
[Sun, 28 Jan 2024 15:16:49 GMT][INFO][app] [#ffffffff-S] [TRACE] [JS.CurrentUserActiveStore] _isUserActive=false _isUserPresent=false _isAppActive=false
[Sun, 28 Jan 2024 15:16:49 GMT][INFO][app] [#ffffffff-S] [TRACE] [JS.CurrentUserActiveStore] Last app active time - Sun Jan 28 2024 16:16:49 GMT+0100 (czas środkowoeuropejski standardowy) (1706455009117)
[Sun, 28 Jan 2024 15:16:49 GMT][INFO][app] [#ffffffff-S] [TRACE] [JS.CurrentUserActiveStore] Total elapsed time is 666376 ms
[Sun, 28 Jan 2024 15:20:05 GMT][INFO][SystemIdle] Handling system event 'shutdown', isIdle: true
[Sun, 28 Jan 2024 15:20:05 GMT][INFO][Application] MainWindow closing.
