[18875:1213/192458.627438:ERROR:object_proxy.cc(623)] Failed to call method: org.freedesktop.DBus.Properties.Get: object_path= /org/freedesktop/portal/desktop: org.freedesktop.DBus.Error.InvalidArgs: Brak interfejsu „org.freedesktop.portal.FileChooser”
[18875:1213/192458.627490:ERROR:select_file_dialog_linux_portal.cc(242)] Failed to read portal version property
src/gbm_drv_common.c:57: GBM-DRV error (get_bytes_per_component): Unknown or not supported format: 538982482

src/gbm_drv_common.c:57: GBM-DRV error (get_bytes_per_component): Unknown or not supported format: 943215175

src/gbm_drv_common.c:57: GBM-DRV error (get_bytes_per_component): Unknown or not supported format: 842094158

src/gbm_drv_common.c:57: GBM-DRV error (get_bytes_per_component): Unknown or not supported format: 842094169

src/gbm_drv_common.c:57: GBM-DRV error (get_bytes_per_component): Unknown or not supported format: 808530000

src/gbm_drv_common.c:57: GBM-DRV error (get_bytes_per_component): Unknown or not supported format: 538982482

src/gbm_drv_common.c:57: GBM-DRV error (get_bytes_per_component): Unknown or not supported format: 943215175

src/gbm_drv_common.c:57: GBM-DRV error (get_bytes_per_component): Unknown or not supported format: 842094158

src/gbm_drv_common.c:57: GBM-DRV error (get_bytes_per_component): Unknown or not supported format: 842094169

src/gbm_drv_common.c:57: GBM-DRV error (get_bytes_per_component): Unknown or not supported format: 808530000

src/gbm_drv_common.c:57: GBM-DRV error (get_bytes_per_component): Unknown or not supported format: 538982482

src/gbm_drv_common.c:57: GBM-DRV error (get_bytes_per_component): Unknown or not supported format: 943215175

src/gbm_drv_common.c:57: GBM-DRV error (get_bytes_per_component): Unknown or not supported format: 842094158

src/gbm_drv_common.c:57: GBM-DRV error (get_bytes_per_component): Unknown or not supported format: 842094169

src/gbm_drv_common.c:57: GBM-DRV error (get_bytes_per_component): Unknown or not supported format: 808530000

src/gbm_drv_common.c:57: GBM-DRV error (get_bytes_per_component): Unknown or not supported format: 538982482

src/gbm_drv_common.c:57: GBM-DRV error (get_bytes_per_component): Unknown or not supported format: 943215175

src/gbm_drv_common.c:57: GBM-DRV error (get_bytes_per_component): Unknown or not supported format: 842094158

src/gbm_drv_common.c:57: GBM-DRV error (get_bytes_per_component): Unknown or not supported format: 842094169

src/gbm_drv_common.c:57: GBM-DRV error (get_bytes_per_component): Unknown or not supported format: 808530000

src/gbm_drv_common.c:57: GBM-DRV error (get_bytes_per_component): Unknown or not supported format: 538982482

src/gbm_drv_common.c:57: GBM-DRV error (get_bytes_per_component): Unknown or not supported format: 943215175

src/gbm_drv_common.c:57: GBM-DRV error (get_bytes_per_component): Unknown or not supported format: 842094158

src/gbm_drv_common.c:57: GBM-DRV error (get_bytes_per_component): Unknown or not supported format: 842094169

src/gbm_drv_common.c:57: GBM-DRV error (get_bytes_per_component): Unknown or not supported format: 808530000

Error occurred in handler for 'keychain:get-password': Error: No stored credentials fetched from keytar.
    at /usr/share/skypeforlinux/resources/app.asar/main.js:2:515460
    at async node:electron/js2c/browser_init:193:551
Error occurred in handler for 'keychain:get-password': Error: No stored credentials fetched from keytar.
    at /usr/share/skypeforlinux/resources/app.asar/main.js:2:515460
    at async node:electron/js2c/browser_init:193:551
Error occurred in handler for 'keychain:get-password': Error: No stored credentials fetched from keytar.
    at /usr/share/skypeforlinux/resources/app.asar/main.js:2:515460
    at async node:electron/js2c/browser_init:193:551
Error occurred in handler for 'keychain:get-password': Error: No stored credentials fetched from keytar.
    at /usr/share/skypeforlinux/resources/app.asar/main.js:2:515460
    at async node:electron/js2c/browser_init:193:551
