2023-12-01T15:34:39.113Z - info: [ui] [AppStore] loading 0 repositories from store
2023-12-01T15:34:39.141Z - info: [ui] [Welcome] no sign in step found. ignoring...
2023-12-01T15:34:39.142Z - info: [ui] launching: 3.3.5-linux2 (Linux 6.6.3-zen1-1-zen)
2023-12-01T15:34:39.142Z - info: [ui] execPath: '/opt/github-desktop/github-desktop'
2023-12-01T15:34:39.166Z - info: [ui] [Welcome] no sign in step found. ignoring...
2023-12-01T15:34:39.470Z - info: [ui] Opt in reported.
2023-12-01T15:34:40.646Z - info: [ui] [Welcome] advancing to step: SignInToDotComWithBrowser
2023-12-01T15:34:40.646Z - info: [ui] [SignInStore] initializing OAuth flow
2023-12-01T15:34:40.650Z - info: [main] opening in browser: https://github.com/login/oauth/authorize?client_id=3a723b10ac5575cc5bb9&scope=repo%20user%20workflow&state=d1ad3191-8f90-4459-89c0-12983e9e38eb
2023-12-01T15:34:40.651Z - info: [ui] [Welcome] current sign in state not found. ignoring...
2023-12-01T15:34:41.227Z - info: [main] Received possible protocol arguments: 3
2023-12-01T15:34:41.228Z - info: [main] Processing protocol url
2023-12-01T15:34:41.228Z - info: [ui] [Dispatcher] requesting authenticated user
2023-12-01T15:34:41.233Z - info: [ui] [Welcome] kind Authentication is the same as Authentication. ignoring...
2023-12-01T15:34:41.262Z - info: [main] Received possible protocol arguments: 2
2023-12-01T15:34:41.263Z - info: [main] Processing protocol url
2023-12-01T15:34:42.146Z - info: [ui] [SignInStore] account resolved
2023-12-01T15:34:42.146Z - info: [ui] [AppStore] adding account GrajAP (GrajAP) to store
2023-12-01T15:34:42.147Z - info: [ui] [Welcome] advancing to step: ConfigureGit
2023-12-01T15:34:42.186Z - info: [ui] [Welcome] no sign in step found. ignoring...
2023-12-01T15:34:42.567Z - info: [ui] [Welcome] no sign in step found. ignoring...
2023-12-01T15:34:42.598Z - info: [ui] Subscribed 'GrajAP' to Alive channel
2023-12-01T15:35:32.167Z - info: [ui] [AppStore] adding repository at /home/grajap/.config to store
2023-12-01T15:35:32.704Z - info: [ui] [BranchPruner] No branches to prune.
2023-12-01T15:35:41.391Z - info: [ui] [AppStore.withAuthenticatingUser] account found for repository: APdotfiles - GrajAP (has token)
2023-12-01T15:35:42.421Z - info: [ui] Executing push: git -c credential.helper= push origin idk:idk --progress (took 1.021s)
