2023-11-29T19:36:15.293Z [Modules] Modules initializing
2023-11-29T19:36:15.293Z [Modules] Distribution: remote
2023-11-29T19:36:15.293Z [Modules] Host updates: enabled
2023-11-29T19:36:15.293Z [Modules] Module updates: enabled
2023-11-29T19:36:15.293Z [Modules] Module install path: /home/grajap/.config/discord/0.0.36/modules
2023-11-29T19:36:15.293Z [Modules] Module installed file path: /home/grajap/.config/discord/0.0.36/modules/installed.json
2023-11-29T19:36:15.294Z [Modules] Module download path: /home/grajap/.config/discord/0.0.36/modules/pending
2023-11-29T19:36:15.392Z [Modules] Bootstrapping...
2023-11-29T19:36:15.393Z [Modules] Installing discord_desktop_core@0 from /opt/discord/resources/bootstrap/discord_desktop_core.zip
2023-11-29T19:36:15.395Z [Modules] Failed installing discord_desktop_core@0: Error: ENOENT: no such file or directory, open '/opt/discord/resources/bootstrap/discord_desktop_core.zip'
2023-11-29T19:36:15.396Z [Modules] Installing discord_erlpack@0 from /opt/discord/resources/bootstrap/discord_erlpack.zip
2023-11-29T19:36:15.396Z [Modules] Failed installing discord_erlpack@0: Error: ENOENT: no such file or directory, open '/opt/discord/resources/bootstrap/discord_erlpack.zip'
2023-11-29T19:36:15.397Z [Modules] Installing discord_spellcheck@0 from /opt/discord/resources/bootstrap/discord_spellcheck.zip
2023-11-29T19:36:15.397Z [Modules] Failed installing discord_spellcheck@0: Error: ENOENT: no such file or directory, open '/opt/discord/resources/bootstrap/discord_spellcheck.zip'
2023-11-29T19:36:15.398Z [Modules] Installing discord_utils@0 from /opt/discord/resources/bootstrap/discord_utils.zip
2023-11-29T19:36:15.399Z [Modules] Failed installing discord_utils@0: Error: ENOENT: no such file or directory, open '/opt/discord/resources/bootstrap/discord_utils.zip'
2023-11-29T19:36:15.399Z [Modules] Installing discord_voice@0 from /opt/discord/resources/bootstrap/discord_voice.zip
2023-11-29T19:36:15.400Z [Modules] Failed installing discord_voice@0: Error: ENOENT: no such file or directory, open '/opt/discord/resources/bootstrap/discord_voice.zip'
2023-11-29T19:36:15.400Z [Modules] Finished module installations. [success: 0] [failure: 5]
2023-11-29T19:36:15.401Z [Modules] Checking for host updates.
2023-11-29T19:36:15.739Z [Modules] Host is up to date.
2023-11-29T19:36:15.739Z [Modules] Checking for module updates at https://discord.com/api/modules/stable/versions.json
2023-11-29T19:36:15.823Z [Modules] Module update available: discord_desktop_core@1 [installed: 0]
2023-11-29T19:36:15.823Z [Modules] Module update available: discord_erlpack@1 [installed: 0]
2023-11-29T19:36:15.823Z [Modules] Module update available: discord_spellcheck@1 [installed: 0]
2023-11-29T19:36:15.823Z [Modules] Module update available: discord_utils@1 [installed: 0]
2023-11-29T19:36:15.823Z [Modules] Module update available: discord_voice@1 [installed: 0]
2023-11-29T19:36:15.824Z [Modules] Fetching discord_desktop_core@1 from https://discord.com/api/modules/stable/discord_desktop_core/1
2023-11-29T19:36:15.824Z [Modules] Streaming discord_desktop_core@1 to /home/grajap/.config/discord/0.0.36/modules/pending/discord_desktop_core-1.zip
2023-11-29T19:36:16.172Z [Modules] Streaming discord_desktop_core@1 to /home/grajap/.config/discord/0.0.36/modules/pending/discord_desktop_core-1.zip: 1%
2023-11-29T19:36:16.185Z [Modules] Streaming discord_desktop_core@1 to /home/grajap/.config/discord/0.0.36/modules/pending/discord_desktop_core-1.zip: 2%
2023-11-29T19:36:16.205Z [Modules] Streaming discord_desktop_core@1 to /home/grajap/.config/discord/0.0.36/modules/pending/discord_desktop_core-1.zip: 3%
2023-11-29T19:36:16.214Z [Modules] Streaming discord_desktop_core@1 to /home/grajap/.config/discord/0.0.36/modules/pending/discord_desktop_core-1.zip: 4%
2023-11-29T19:36:16.234Z [Modules] Streaming discord_desktop_core@1 to /home/grajap/.config/discord/0.0.36/modules/pending/discord_desktop_core-1.zip: 7%
2023-11-29T19:36:16.247Z [Modules] Streaming discord_desktop_core@1 to /home/grajap/.config/discord/0.0.36/modules/pending/discord_desktop_core-1.zip: 9%
2023-11-29T19:36:16.249Z [Modules] Streaming discord_desktop_core@1 to /home/grajap/.config/discord/0.0.36/modules/pending/discord_desktop_core-1.zip: 10%
2023-11-29T19:36:16.251Z [Modules] Streaming discord_desktop_core@1 to /home/grajap/.config/discord/0.0.36/modules/pending/discord_desktop_core-1.zip: 11%
2023-11-29T19:36:16.257Z [Modules] Streaming discord_desktop_core@1 to /home/grajap/.config/discord/0.0.36/modules/pending/discord_desktop_core-1.zip: 12%
2023-11-29T19:36:16.258Z [Modules] Streaming discord_desktop_core@1 to /home/grajap/.config/discord/0.0.36/modules/pending/discord_desktop_core-1.zip: 13%
2023-11-29T19:36:16.260Z [Modules] Streaming discord_desktop_core@1 to /home/grajap/.config/discord/0.0.36/modules/pending/discord_desktop_core-1.zip: 14%
2023-11-29T19:36:16.264Z [Modules] Streaming discord_desktop_core@1 to /home/grajap/.config/discord/0.0.36/modules/pending/discord_desktop_core-1.zip: 15%
2023-11-29T19:36:16.267Z [Modules] Streaming discord_desktop_core@1 to /home/grajap/.config/discord/0.0.36/modules/pending/discord_desktop_core-1.zip: 16%
2023-11-29T19:36:16.270Z [Modules] Streaming discord_desktop_core@1 to /home/grajap/.config/discord/0.0.36/modules/pending/discord_desktop_core-1.zip: 17%
2023-11-29T19:36:16.272Z [Modules] Streaming discord_desktop_core@1 to /home/grajap/.config/discord/0.0.36/modules/pending/discord_desktop_core-1.zip: 18%
2023-11-29T19:36:16.274Z [Modules] Streaming discord_desktop_core@1 to /home/grajap/.config/discord/0.0.36/modules/pending/discord_desktop_core-1.zip: 19%
2023-11-29T19:36:16.276Z [Modules] Streaming discord_desktop_core@1 to /home/grajap/.config/discord/0.0.36/modules/pending/discord_desktop_core-1.zip: 20%
2023-11-29T19:36:16.280Z [Modules] Streaming discord_desktop_core@1 to /home/grajap/.config/discord/0.0.36/modules/pending/discord_desktop_core-1.zip: 22%
2023-11-29T19:36:16.282Z [Modules] Streaming discord_desktop_core@1 to /home/grajap/.config/discord/0.0.36/modules/pending/discord_desktop_core-1.zip: 23%
2023-11-29T19:36:16.284Z [Modules] Streaming discord_desktop_core@1 to /home/grajap/.config/discord/0.0.36/modules/pending/discord_desktop_core-1.zip: 25%
2023-11-29T19:36:16.288Z [Modules] Streaming discord_desktop_core@1 to /home/grajap/.config/discord/0.0.36/modules/pending/discord_desktop_core-1.zip: 28%
2023-11-29T19:36:16.291Z [Modules] Streaming discord_desktop_core@1 to /home/grajap/.config/discord/0.0.36/modules/pending/discord_desktop_core-1.zip: 30%
2023-11-29T19:36:16.293Z [Modules] Streaming discord_desktop_core@1 to /home/grajap/.config/discord/0.0.36/modules/pending/discord_desktop_core-1.zip: 31%
2023-11-29T19:36:16.296Z [Modules] Streaming discord_desktop_core@1 to /home/grajap/.config/discord/0.0.36/modules/pending/discord_desktop_core-1.zip: 34%
2023-11-29T19:36:16.299Z [Modules] Streaming discord_desktop_core@1 to /home/grajap/.config/discord/0.0.36/modules/pending/discord_desktop_core-1.zip: 37%
2023-11-29T19:36:16.302Z [Modules] Streaming discord_desktop_core@1 to /home/grajap/.config/discord/0.0.36/modules/pending/discord_desktop_core-1.zip: 38%
2023-11-29T19:36:16.306Z [Modules] Streaming discord_desktop_core@1 to /home/grajap/.config/discord/0.0.36/modules/pending/discord_desktop_core-1.zip: 41%
2023-11-29T19:36:16.309Z [Modules] Streaming discord_desktop_core@1 to /home/grajap/.config/discord/0.0.36/modules/pending/discord_desktop_core-1.zip: 43%
2023-11-29T19:36:16.311Z [Modules] Streaming discord_desktop_core@1 to /home/grajap/.config/discord/0.0.36/modules/pending/discord_desktop_core-1.zip: 46%
2023-11-29T19:36:16.313Z [Modules] Streaming discord_desktop_core@1 to /home/grajap/.config/discord/0.0.36/modules/pending/discord_desktop_core-1.zip: 49%
2023-11-29T19:36:16.315Z [Modules] Streaming discord_desktop_core@1 to /home/grajap/.config/discord/0.0.36/modules/pending/discord_desktop_core-1.zip: 52%
2023-11-29T19:36:16.316Z [Modules] Streaming discord_desktop_core@1 to /home/grajap/.config/discord/0.0.36/modules/pending/discord_desktop_core-1.zip: 55%
2023-11-29T19:36:16.318Z [Modules] Streaming discord_desktop_core@1 to /home/grajap/.config/discord/0.0.36/modules/pending/discord_desktop_core-1.zip: 58%
2023-11-29T19:36:16.321Z [Modules] Streaming discord_desktop_core@1 to /home/grajap/.config/discord/0.0.36/modules/pending/discord_desktop_core-1.zip: 60%
2023-11-29T19:36:16.323Z [Modules] Streaming discord_desktop_core@1 to /home/grajap/.config/discord/0.0.36/modules/pending/discord_desktop_core-1.zip: 62%
2023-11-29T19:36:16.328Z [Modules] Streaming discord_desktop_core@1 to /home/grajap/.config/discord/0.0.36/modules/pending/discord_desktop_core-1.zip: 65%
2023-11-29T19:36:16.329Z [Modules] Streaming discord_desktop_core@1 to /home/grajap/.config/discord/0.0.36/modules/pending/discord_desktop_core-1.zip: 68%
2023-11-29T19:36:16.330Z [Modules] Streaming discord_desktop_core@1 to /home/grajap/.config/discord/0.0.36/modules/pending/discord_desktop_core-1.zip: 71%
2023-11-29T19:36:16.331Z [Modules] Streaming discord_desktop_core@1 to /home/grajap/.config/discord/0.0.36/modules/pending/discord_desktop_core-1.zip: 74%
2023-11-29T19:36:16.333Z [Modules] Streaming discord_desktop_core@1 to /home/grajap/.config/discord/0.0.36/modules/pending/discord_desktop_core-1.zip: 75%
2023-11-29T19:36:16.335Z [Modules] Streaming discord_desktop_core@1 to /home/grajap/.config/discord/0.0.36/modules/pending/discord_desktop_core-1.zip: 78%
2023-11-29T19:36:16.336Z [Modules] Streaming discord_desktop_core@1 to /home/grajap/.config/discord/0.0.36/modules/pending/discord_desktop_core-1.zip: 81%
2023-11-29T19:36:16.337Z [Modules] Streaming discord_desktop_core@1 to /home/grajap/.config/discord/0.0.36/modules/pending/discord_desktop_core-1.zip: 84%
2023-11-29T19:36:16.338Z [Modules] Streaming discord_desktop_core@1 to /home/grajap/.config/discord/0.0.36/modules/pending/discord_desktop_core-1.zip: 87%
2023-11-29T19:36:16.340Z [Modules] Streaming discord_desktop_core@1 to /home/grajap/.config/discord/0.0.36/modules/pending/discord_desktop_core-1.zip: 90%
2023-11-29T19:36:16.341Z [Modules] Streaming discord_desktop_core@1 to /home/grajap/.config/discord/0.0.36/modules/pending/discord_desktop_core-1.zip: 93%
2023-11-29T19:36:16.342Z [Modules] Streaming discord_desktop_core@1 to /home/grajap/.config/discord/0.0.36/modules/pending/discord_desktop_core-1.zip: 95%
2023-11-29T19:36:16.342Z [Modules] Streaming discord_desktop_core@1 to /home/grajap/.config/discord/0.0.36/modules/pending/discord_desktop_core-1.zip: 96%
2023-11-29T19:36:16.343Z [Modules] Streaming discord_desktop_core@1 to /home/grajap/.config/discord/0.0.36/modules/pending/discord_desktop_core-1.zip: 99%
2023-11-29T19:36:16.344Z [Modules] Streaming discord_desktop_core@1 to /home/grajap/.config/discord/0.0.36/modules/pending/discord_desktop_core-1.zip: 100%
2023-11-29T19:36:16.345Z [Modules] Fetching discord_erlpack@1 from https://discord.com/api/modules/stable/discord_erlpack/1
2023-11-29T19:36:16.345Z [Modules] Streaming discord_erlpack@1 to /home/grajap/.config/discord/0.0.36/modules/pending/discord_erlpack-1.zip
2023-11-29T19:36:16.570Z [Modules] Streaming discord_erlpack@1 to /home/grajap/.config/discord/0.0.36/modules/pending/discord_erlpack-1.zip: 3%
2023-11-29T19:36:16.570Z [Modules] Streaming discord_erlpack@1 to /home/grajap/.config/discord/0.0.36/modules/pending/discord_erlpack-1.zip: 4%
2023-11-29T19:36:16.571Z [Modules] Streaming discord_erlpack@1 to /home/grajap/.config/discord/0.0.36/modules/pending/discord_erlpack-1.zip: 7%
2023-11-29T19:36:16.572Z [Modules] Streaming discord_erlpack@1 to /home/grajap/.config/discord/0.0.36/modules/pending/discord_erlpack-1.zip: 11%
2023-11-29T19:36:16.573Z [Modules] Streaming discord_erlpack@1 to /home/grajap/.config/discord/0.0.36/modules/pending/discord_erlpack-1.zip: 14%
2023-11-29T19:36:16.574Z [Modules] Streaming discord_erlpack@1 to /home/grajap/.config/discord/0.0.36/modules/pending/discord_erlpack-1.zip: 16%
2023-11-29T19:36:16.575Z [Modules] Streaming discord_erlpack@1 to /home/grajap/.config/discord/0.0.36/modules/pending/discord_erlpack-1.zip: 19%
2023-11-29T19:36:16.576Z [Modules] Streaming discord_erlpack@1 to /home/grajap/.config/discord/0.0.36/modules/pending/discord_erlpack-1.zip: 23%
2023-11-29T19:36:16.577Z [Modules] Streaming discord_erlpack@1 to /home/grajap/.config/discord/0.0.36/modules/pending/discord_erlpack-1.zip: 26%
2023-11-29T19:36:16.578Z [Modules] Streaming discord_erlpack@1 to /home/grajap/.config/discord/0.0.36/modules/pending/discord_erlpack-1.zip: 29%
2023-11-29T19:36:16.580Z [Modules] Streaming discord_erlpack@1 to /home/grajap/.config/discord/0.0.36/modules/pending/discord_erlpack-1.zip: 33%
2023-11-29T19:36:16.581Z [Modules] Streaming discord_erlpack@1 to /home/grajap/.config/discord/0.0.36/modules/pending/discord_erlpack-1.zip: 36%
2023-11-29T19:36:16.582Z [Modules] Streaming discord_erlpack@1 to /home/grajap/.config/discord/0.0.36/modules/pending/discord_erlpack-1.zip: 40%
2023-11-29T19:36:16.583Z [Modules] Streaming discord_erlpack@1 to /home/grajap/.config/discord/0.0.36/modules/pending/discord_erlpack-1.zip: 43%
2023-11-29T19:36:16.585Z [Modules] Streaming discord_erlpack@1 to /home/grajap/.config/discord/0.0.36/modules/pending/discord_erlpack-1.zip: 47%
2023-11-29T19:36:16.586Z [Modules] Streaming discord_erlpack@1 to /home/grajap/.config/discord/0.0.36/modules/pending/discord_erlpack-1.zip: 50%
2023-11-29T19:36:16.587Z [Modules] Streaming discord_erlpack@1 to /home/grajap/.config/discord/0.0.36/modules/pending/discord_erlpack-1.zip: 53%
2023-11-29T19:36:16.588Z [Modules] Streaming discord_erlpack@1 to /home/grajap/.config/discord/0.0.36/modules/pending/discord_erlpack-1.zip: 57%
2023-11-29T19:36:16.590Z [Modules] Streaming discord_erlpack@1 to /home/grajap/.config/discord/0.0.36/modules/pending/discord_erlpack-1.zip: 60%
2023-11-29T19:36:16.591Z [Modules] Streaming discord_erlpack@1 to /home/grajap/.config/discord/0.0.36/modules/pending/discord_erlpack-1.zip: 64%
2023-11-29T19:36:16.592Z [Modules] Streaming discord_erlpack@1 to /home/grajap/.config/discord/0.0.36/modules/pending/discord_erlpack-1.zip: 67%
2023-11-29T19:36:16.593Z [Modules] Streaming discord_erlpack@1 to /home/grajap/.config/discord/0.0.36/modules/pending/discord_erlpack-1.zip: 70%
2023-11-29T19:36:16.594Z [Modules] Streaming discord_erlpack@1 to /home/grajap/.config/discord/0.0.36/modules/pending/discord_erlpack-1.zip: 74%
2023-11-29T19:36:16.596Z [Modules] Streaming discord_erlpack@1 to /home/grajap/.config/discord/0.0.36/modules/pending/discord_erlpack-1.zip: 77%
2023-11-29T19:36:16.597Z [Modules] Streaming discord_erlpack@1 to /home/grajap/.config/discord/0.0.36/modules/pending/discord_erlpack-1.zip: 81%
2023-11-29T19:36:16.598Z [Modules] Streaming discord_erlpack@1 to /home/grajap/.config/discord/0.0.36/modules/pending/discord_erlpack-1.zip: 84%
2023-11-29T19:36:16.600Z [Modules] Streaming discord_erlpack@1 to /home/grajap/.config/discord/0.0.36/modules/pending/discord_erlpack-1.zip: 88%
2023-11-29T19:36:16.601Z [Modules] Streaming discord_erlpack@1 to /home/grajap/.config/discord/0.0.36/modules/pending/discord_erlpack-1.zip: 91%
2023-11-29T19:36:16.602Z [Modules] Streaming discord_erlpack@1 to /home/grajap/.config/discord/0.0.36/modules/pending/discord_erlpack-1.zip: 94%
2023-11-29T19:36:16.603Z [Modules] Streaming discord_erlpack@1 to /home/grajap/.config/discord/0.0.36/modules/pending/discord_erlpack-1.zip: 98%
2023-11-29T19:36:16.604Z [Modules] Streaming discord_erlpack@1 to /home/grajap/.config/discord/0.0.36/modules/pending/discord_erlpack-1.zip: 100%
2023-11-29T19:36:16.605Z [Modules] Fetching discord_spellcheck@1 from https://discord.com/api/modules/stable/discord_spellcheck/1
2023-11-29T19:36:16.605Z [Modules] Streaming discord_spellcheck@1 to /home/grajap/.config/discord/0.0.36/modules/pending/discord_spellcheck-1.zip
2023-11-29T19:36:16.810Z [Modules] Streaming discord_spellcheck@1 to /home/grajap/.config/discord/0.0.36/modules/pending/discord_spellcheck-1.zip: 1%
2023-11-29T19:36:16.811Z [Modules] Streaming discord_spellcheck@1 to /home/grajap/.config/discord/0.0.36/modules/pending/discord_spellcheck-1.zip: 2%
2023-11-29T19:36:16.814Z [Modules] Streaming discord_spellcheck@1 to /home/grajap/.config/discord/0.0.36/modules/pending/discord_spellcheck-1.zip: 3%
2023-11-29T19:36:16.815Z [Modules] Streaming discord_spellcheck@1 to /home/grajap/.config/discord/0.0.36/modules/pending/discord_spellcheck-1.zip: 4%
2023-11-29T19:36:16.818Z [Modules] Streaming discord_spellcheck@1 to /home/grajap/.config/discord/0.0.36/modules/pending/discord_spellcheck-1.zip: 5%
2023-11-29T19:36:16.819Z [Modules] Streaming discord_spellcheck@1 to /home/grajap/.config/discord/0.0.36/modules/pending/discord_spellcheck-1.zip: 6%
2023-11-29T19:36:16.822Z [Modules] Streaming discord_spellcheck@1 to /home/grajap/.config/discord/0.0.36/modules/pending/discord_spellcheck-1.zip: 7%
2023-11-29T19:36:16.823Z [Modules] Streaming discord_spellcheck@1 to /home/grajap/.config/discord/0.0.36/modules/pending/discord_spellcheck-1.zip: 8%
2023-11-29T19:36:16.825Z [Modules] Streaming discord_spellcheck@1 to /home/grajap/.config/discord/0.0.36/modules/pending/discord_spellcheck-1.zip: 9%
2023-11-29T19:36:16.826Z [Modules] Streaming discord_spellcheck@1 to /home/grajap/.config/discord/0.0.36/modules/pending/discord_spellcheck-1.zip: 10%
2023-11-29T19:36:16.829Z [Modules] Streaming discord_spellcheck@1 to /home/grajap/.config/discord/0.0.36/modules/pending/discord_spellcheck-1.zip: 11%
2023-11-29T19:36:16.830Z [Modules] Streaming discord_spellcheck@1 to /home/grajap/.config/discord/0.0.36/modules/pending/discord_spellcheck-1.zip: 12%
2023-11-29T19:36:16.833Z [Modules] Streaming discord_spellcheck@1 to /home/grajap/.config/discord/0.0.36/modules/pending/discord_spellcheck-1.zip: 13%
2023-11-29T19:36:16.834Z [Modules] Streaming discord_spellcheck@1 to /home/grajap/.config/discord/0.0.36/modules/pending/discord_spellcheck-1.zip: 14%
2023-11-29T19:36:16.836Z [Modules] Streaming discord_spellcheck@1 to /home/grajap/.config/discord/0.0.36/modules/pending/discord_spellcheck-1.zip: 15%
2023-11-29T19:36:16.838Z [Modules] Streaming discord_spellcheck@1 to /home/grajap/.config/discord/0.0.36/modules/pending/discord_spellcheck-1.zip: 16%
2023-11-29T19:36:16.840Z [Modules] Streaming discord_spellcheck@1 to /home/grajap/.config/discord/0.0.36/modules/pending/discord_spellcheck-1.zip: 17%
2023-11-29T19:36:16.843Z [Modules] Streaming discord_spellcheck@1 to /home/grajap/.config/discord/0.0.36/modules/pending/discord_spellcheck-1.zip: 18%
2023-11-29T19:36:16.844Z [Modules] Streaming discord_spellcheck@1 to /home/grajap/.config/discord/0.0.36/modules/pending/discord_spellcheck-1.zip: 19%
2023-11-29T19:36:16.847Z [Modules] Streaming discord_spellcheck@1 to /home/grajap/.config/discord/0.0.36/modules/pending/discord_spellcheck-1.zip: 20%
2023-11-29T19:36:16.848Z [Modules] Streaming discord_spellcheck@1 to /home/grajap/.config/discord/0.0.36/modules/pending/discord_spellcheck-1.zip: 21%
2023-11-29T19:36:16.850Z [Modules] Streaming discord_spellcheck@1 to /home/grajap/.config/discord/0.0.36/modules/pending/discord_spellcheck-1.zip: 22%
2023-11-29T19:36:16.852Z [Modules] Streaming discord_spellcheck@1 to /home/grajap/.config/discord/0.0.36/modules/pending/discord_spellcheck-1.zip: 23%
2023-11-29T19:36:16.853Z [Modules] Streaming discord_spellcheck@1 to /home/grajap/.config/discord/0.0.36/modules/pending/discord_spellcheck-1.zip: 24%
2023-11-29T19:36:16.855Z [Modules] Streaming discord_spellcheck@1 to /home/grajap/.config/discord/0.0.36/modules/pending/discord_spellcheck-1.zip: 25%
2023-11-29T19:36:16.856Z [Modules] Streaming discord_spellcheck@1 to /home/grajap/.config/discord/0.0.36/modules/pending/discord_spellcheck-1.zip: 26%
2023-11-29T19:36:16.859Z [Modules] Streaming discord_spellcheck@1 to /home/grajap/.config/discord/0.0.36/modules/pending/discord_spellcheck-1.zip: 27%
2023-11-29T19:36:16.861Z [Modules] Streaming discord_spellcheck@1 to /home/grajap/.config/discord/0.0.36/modules/pending/discord_spellcheck-1.zip: 28%
2023-11-29T19:36:16.863Z [Modules] Streaming discord_spellcheck@1 to /home/grajap/.config/discord/0.0.36/modules/pending/discord_spellcheck-1.zip: 29%
2023-11-29T19:36:16.865Z [Modules] Streaming discord_spellcheck@1 to /home/grajap/.config/discord/0.0.36/modules/pending/discord_spellcheck-1.zip: 30%
2023-11-29T19:36:16.866Z [Modules] Streaming discord_spellcheck@1 to /home/grajap/.config/discord/0.0.36/modules/pending/discord_spellcheck-1.zip: 31%
2023-11-29T19:36:16.869Z [Modules] Streaming discord_spellcheck@1 to /home/grajap/.config/discord/0.0.36/modules/pending/discord_spellcheck-1.zip: 32%
2023-11-29T19:36:16.870Z [Modules] Streaming discord_spellcheck@1 to /home/grajap/.config/discord/0.0.36/modules/pending/discord_spellcheck-1.zip: 33%
2023-11-29T19:36:16.872Z [Modules] Streaming discord_spellcheck@1 to /home/grajap/.config/discord/0.0.36/modules/pending/discord_spellcheck-1.zip: 34%
2023-11-29T19:36:16.874Z [Modules] Streaming discord_spellcheck@1 to /home/grajap/.config/discord/0.0.36/modules/pending/discord_spellcheck-1.zip: 35%
2023-11-29T19:36:16.876Z [Modules] Streaming discord_spellcheck@1 to /home/grajap/.config/discord/0.0.36/modules/pending/discord_spellcheck-1.zip: 36%
2023-11-29T19:36:16.877Z [Modules] Streaming discord_spellcheck@1 to /home/grajap/.config/discord/0.0.36/modules/pending/discord_spellcheck-1.zip: 37%
2023-11-29T19:36:16.880Z [Modules] Streaming discord_spellcheck@1 to /home/grajap/.config/discord/0.0.36/modules/pending/discord_spellcheck-1.zip: 38%
2023-11-29T19:36:16.930Z [Modules] Streaming discord_spellcheck@1 to /home/grajap/.config/discord/0.0.36/modules/pending/discord_spellcheck-1.zip: 39%
2023-11-29T19:36:16.932Z [Modules] Streaming discord_spellcheck@1 to /home/grajap/.config/discord/0.0.36/modules/pending/discord_spellcheck-1.zip: 40%
2023-11-29T19:36:16.932Z [Modules] Streaming discord_spellcheck@1 to /home/grajap/.config/discord/0.0.36/modules/pending/discord_spellcheck-1.zip: 41%
2023-11-29T19:36:16.933Z [Modules] Streaming discord_spellcheck@1 to /home/grajap/.config/discord/0.0.36/modules/pending/discord_spellcheck-1.zip: 44%
2023-11-29T19:36:16.934Z [Modules] Streaming discord_spellcheck@1 to /home/grajap/.config/discord/0.0.36/modules/pending/discord_spellcheck-1.zip: 46%
2023-11-29T19:36:16.934Z [Modules] Streaming discord_spellcheck@1 to /home/grajap/.config/discord/0.0.36/modules/pending/discord_spellcheck-1.zip: 47%
2023-11-29T19:36:16.934Z [Modules] Streaming discord_spellcheck@1 to /home/grajap/.config/discord/0.0.36/modules/pending/discord_spellcheck-1.zip: 49%
2023-11-29T19:36:16.935Z [Modules] Streaming discord_spellcheck@1 to /home/grajap/.config/discord/0.0.36/modules/pending/discord_spellcheck-1.zip: 50%
2023-11-29T19:36:16.935Z [Modules] Streaming discord_spellcheck@1 to /home/grajap/.config/discord/0.0.36/modules/pending/discord_spellcheck-1.zip: 53%
2023-11-29T19:36:16.936Z [Modules] Streaming discord_spellcheck@1 to /home/grajap/.config/discord/0.0.36/modules/pending/discord_spellcheck-1.zip: 55%
2023-11-29T19:36:16.937Z [Modules] Streaming discord_spellcheck@1 to /home/grajap/.config/discord/0.0.36/modules/pending/discord_spellcheck-1.zip: 59%
2023-11-29T19:36:16.937Z [Modules] Streaming discord_spellcheck@1 to /home/grajap/.config/discord/0.0.36/modules/pending/discord_spellcheck-1.zip: 62%
2023-11-29T19:36:16.938Z [Modules] Streaming discord_spellcheck@1 to /home/grajap/.config/discord/0.0.36/modules/pending/discord_spellcheck-1.zip: 65%
2023-11-29T19:36:16.965Z [Modules] Streaming discord_spellcheck@1 to /home/grajap/.config/discord/0.0.36/modules/pending/discord_spellcheck-1.zip: 66%
2023-11-29T19:36:16.966Z [Modules] Streaming discord_spellcheck@1 to /home/grajap/.config/discord/0.0.36/modules/pending/discord_spellcheck-1.zip: 67%
2023-11-29T19:36:16.967Z [Modules] Streaming discord_spellcheck@1 to /home/grajap/.config/discord/0.0.36/modules/pending/discord_spellcheck-1.zip: 68%
2023-11-29T19:36:16.967Z [Modules] Streaming discord_spellcheck@1 to /home/grajap/.config/discord/0.0.36/modules/pending/discord_spellcheck-1.zip: 70%
2023-11-29T19:36:16.968Z [Modules] Streaming discord_spellcheck@1 to /home/grajap/.config/discord/0.0.36/modules/pending/discord_spellcheck-1.zip: 73%
2023-11-29T19:36:16.968Z [Modules] Streaming discord_spellcheck@1 to /home/grajap/.config/discord/0.0.36/modules/pending/discord_spellcheck-1.zip: 75%
2023-11-29T19:36:16.969Z [Modules] Streaming discord_spellcheck@1 to /home/grajap/.config/discord/0.0.36/modules/pending/discord_spellcheck-1.zip: 78%
2023-11-29T19:36:16.969Z [Modules] Streaming discord_spellcheck@1 to /home/grajap/.config/discord/0.0.36/modules/pending/discord_spellcheck-1.zip: 82%
2023-11-29T19:36:16.970Z [Modules] Streaming discord_spellcheck@1 to /home/grajap/.config/discord/0.0.36/modules/pending/discord_spellcheck-1.zip: 85%
2023-11-29T19:36:16.971Z [Modules] Streaming discord_spellcheck@1 to /home/grajap/.config/discord/0.0.36/modules/pending/discord_spellcheck-1.zip: 86%
2023-11-29T19:36:16.973Z [Modules] Streaming discord_spellcheck@1 to /home/grajap/.config/discord/0.0.36/modules/pending/discord_spellcheck-1.zip: 87%
2023-11-29T19:36:16.975Z [Modules] Streaming discord_spellcheck@1 to /home/grajap/.config/discord/0.0.36/modules/pending/discord_spellcheck-1.zip: 88%
2023-11-29T19:36:16.977Z [Modules] Streaming discord_spellcheck@1 to /home/grajap/.config/discord/0.0.36/modules/pending/discord_spellcheck-1.zip: 89%
2023-11-29T19:36:16.979Z [Modules] Streaming discord_spellcheck@1 to /home/grajap/.config/discord/0.0.36/modules/pending/discord_spellcheck-1.zip: 90%
2023-11-29T19:36:16.980Z [Modules] Streaming discord_spellcheck@1 to /home/grajap/.config/discord/0.0.36/modules/pending/discord_spellcheck-1.zip: 91%
2023-11-29T19:36:16.983Z [Modules] Streaming discord_spellcheck@1 to /home/grajap/.config/discord/0.0.36/modules/pending/discord_spellcheck-1.zip: 92%
2023-11-29T19:36:16.984Z [Modules] Streaming discord_spellcheck@1 to /home/grajap/.config/discord/0.0.36/modules/pending/discord_spellcheck-1.zip: 93%
2023-11-29T19:36:16.986Z [Modules] Streaming discord_spellcheck@1 to /home/grajap/.config/discord/0.0.36/modules/pending/discord_spellcheck-1.zip: 94%
2023-11-29T19:36:16.988Z [Modules] Streaming discord_spellcheck@1 to /home/grajap/.config/discord/0.0.36/modules/pending/discord_spellcheck-1.zip: 95%
2023-11-29T19:36:16.990Z [Modules] Streaming discord_spellcheck@1 to /home/grajap/.config/discord/0.0.36/modules/pending/discord_spellcheck-1.zip: 96%
2023-11-29T19:36:16.993Z [Modules] Streaming discord_spellcheck@1 to /home/grajap/.config/discord/0.0.36/modules/pending/discord_spellcheck-1.zip: 97%
2023-11-29T19:36:16.994Z [Modules] Streaming discord_spellcheck@1 to /home/grajap/.config/discord/0.0.36/modules/pending/discord_spellcheck-1.zip: 98%
2023-11-29T19:36:16.996Z [Modules] Streaming discord_spellcheck@1 to /home/grajap/.config/discord/0.0.36/modules/pending/discord_spellcheck-1.zip: 99%
2023-11-29T19:36:16.997Z [Modules] Streaming discord_spellcheck@1 to /home/grajap/.config/discord/0.0.36/modules/pending/discord_spellcheck-1.zip: 100%
2023-11-29T19:36:16.998Z [Modules] Fetching discord_utils@1 from https://discord.com/api/modules/stable/discord_utils/1
2023-11-29T19:36:16.998Z [Modules] Streaming discord_utils@1 to /home/grajap/.config/discord/0.0.36/modules/pending/discord_utils-1.zip
2023-11-29T19:36:17.228Z [Modules] Streaming discord_utils@1 to /home/grajap/.config/discord/0.0.36/modules/pending/discord_utils-1.zip: 2%
2023-11-29T19:36:17.229Z [Modules] Streaming discord_utils@1 to /home/grajap/.config/discord/0.0.36/modules/pending/discord_utils-1.zip: 4%
2023-11-29T19:36:17.231Z [Modules] Streaming discord_utils@1 to /home/grajap/.config/discord/0.0.36/modules/pending/discord_utils-1.zip: 6%
2023-11-29T19:36:17.232Z [Modules] Streaming discord_utils@1 to /home/grajap/.config/discord/0.0.36/modules/pending/discord_utils-1.zip: 8%
2023-11-29T19:36:17.232Z [Modules] Streaming discord_utils@1 to /home/grajap/.config/discord/0.0.36/modules/pending/discord_utils-1.zip: 9%
2023-11-29T19:36:17.233Z [Modules] Streaming discord_utils@1 to /home/grajap/.config/discord/0.0.36/modules/pending/discord_utils-1.zip: 11%
2023-11-29T19:36:17.234Z [Modules] Streaming discord_utils@1 to /home/grajap/.config/discord/0.0.36/modules/pending/discord_utils-1.zip: 13%
2023-11-29T19:36:17.236Z [Modules] Streaming discord_utils@1 to /home/grajap/.config/discord/0.0.36/modules/pending/discord_utils-1.zip: 15%
2023-11-29T19:36:17.238Z [Modules] Streaming discord_utils@1 to /home/grajap/.config/discord/0.0.36/modules/pending/discord_utils-1.zip: 17%
2023-11-29T19:36:17.286Z [Modules] Streaming discord_utils@1 to /home/grajap/.config/discord/0.0.36/modules/pending/discord_utils-1.zip: 19%
2023-11-29T19:36:17.287Z [Modules] Streaming discord_utils@1 to /home/grajap/.config/discord/0.0.36/modules/pending/discord_utils-1.zip: 23%
2023-11-29T19:36:17.288Z [Modules] Streaming discord_utils@1 to /home/grajap/.config/discord/0.0.36/modules/pending/discord_utils-1.zip: 30%
2023-11-29T19:36:17.288Z [Modules] Streaming discord_utils@1 to /home/grajap/.config/discord/0.0.36/modules/pending/discord_utils-1.zip: 38%
2023-11-29T19:36:17.289Z [Modules] Streaming discord_utils@1 to /home/grajap/.config/discord/0.0.36/modules/pending/discord_utils-1.zip: 42%
2023-11-29T19:36:17.289Z [Modules] Streaming discord_utils@1 to /home/grajap/.config/discord/0.0.36/modules/pending/discord_utils-1.zip: 46%
2023-11-29T19:36:17.290Z [Modules] Streaming discord_utils@1 to /home/grajap/.config/discord/0.0.36/modules/pending/discord_utils-1.zip: 50%
2023-11-29T19:36:17.290Z [Modules] Streaming discord_utils@1 to /home/grajap/.config/discord/0.0.36/modules/pending/discord_utils-1.zip: 56%
2023-11-29T19:36:17.291Z [Modules] Streaming discord_utils@1 to /home/grajap/.config/discord/0.0.36/modules/pending/discord_utils-1.zip: 65%
2023-11-29T19:36:17.292Z [Modules] Streaming discord_utils@1 to /home/grajap/.config/discord/0.0.36/modules/pending/discord_utils-1.zip: 77%
2023-11-29T19:36:17.292Z [Modules] Streaming discord_utils@1 to /home/grajap/.config/discord/0.0.36/modules/pending/discord_utils-1.zip: 90%
2023-11-29T19:36:17.293Z [Modules] Streaming discord_utils@1 to /home/grajap/.config/discord/0.0.36/modules/pending/discord_utils-1.zip: 100%
2023-11-29T19:36:17.294Z [Modules] Fetching discord_voice@1 from https://discord.com/api/modules/stable/discord_voice/1
2023-11-29T19:36:17.294Z [Modules] Streaming discord_voice@1 to /home/grajap/.config/discord/0.0.36/modules/pending/discord_voice-1.zip
2023-11-29T19:36:17.530Z [Modules] Streaming discord_voice@1 to /home/grajap/.config/discord/0.0.36/modules/pending/discord_voice-1.zip: 1%
2023-11-29T19:36:17.535Z [Modules] Streaming discord_voice@1 to /home/grajap/.config/discord/0.0.36/modules/pending/discord_voice-1.zip: 2%
2023-11-29T19:36:17.539Z [Modules] Streaming discord_voice@1 to /home/grajap/.config/discord/0.0.36/modules/pending/discord_voice-1.zip: 3%
2023-11-29T19:36:17.544Z [Modules] Streaming discord_voice@1 to /home/grajap/.config/discord/0.0.36/modules/pending/discord_voice-1.zip: 4%
2023-11-29T19:36:17.549Z [Modules] Streaming discord_voice@1 to /home/grajap/.config/discord/0.0.36/modules/pending/discord_voice-1.zip: 5%
2023-11-29T19:36:17.554Z [Modules] Streaming discord_voice@1 to /home/grajap/.config/discord/0.0.36/modules/pending/discord_voice-1.zip: 6%
2023-11-29T19:36:17.558Z [Modules] Streaming discord_voice@1 to /home/grajap/.config/discord/0.0.36/modules/pending/discord_voice-1.zip: 7%
2023-11-29T19:36:17.563Z [Modules] Streaming discord_voice@1 to /home/grajap/.config/discord/0.0.36/modules/pending/discord_voice-1.zip: 8%
2023-11-29T19:36:17.568Z [Modules] Streaming discord_voice@1 to /home/grajap/.config/discord/0.0.36/modules/pending/discord_voice-1.zip: 9%
2023-11-29T19:36:17.572Z [Modules] Streaming discord_voice@1 to /home/grajap/.config/discord/0.0.36/modules/pending/discord_voice-1.zip: 10%
2023-11-29T19:36:17.577Z [Modules] Streaming discord_voice@1 to /home/grajap/.config/discord/0.0.36/modules/pending/discord_voice-1.zip: 11%
2023-11-29T19:36:17.582Z [Modules] Streaming discord_voice@1 to /home/grajap/.config/discord/0.0.36/modules/pending/discord_voice-1.zip: 12%
2023-11-29T19:36:17.587Z [Modules] Streaming discord_voice@1 to /home/grajap/.config/discord/0.0.36/modules/pending/discord_voice-1.zip: 13%
2023-11-29T19:36:17.591Z [Modules] Streaming discord_voice@1 to /home/grajap/.config/discord/0.0.36/modules/pending/discord_voice-1.zip: 14%
2023-11-29T19:36:17.595Z [Modules] Streaming discord_voice@1 to /home/grajap/.config/discord/0.0.36/modules/pending/discord_voice-1.zip: 15%
2023-11-29T19:36:17.600Z [Modules] Streaming discord_voice@1 to /home/grajap/.config/discord/0.0.36/modules/pending/discord_voice-1.zip: 16%
2023-11-29T19:36:17.606Z [Modules] Streaming discord_voice@1 to /home/grajap/.config/discord/0.0.36/modules/pending/discord_voice-1.zip: 17%
2023-11-29T19:36:17.681Z [Modules] Streaming discord_voice@1 to /home/grajap/.config/discord/0.0.36/modules/pending/discord_voice-1.zip: 18%
2023-11-29T19:36:17.686Z [Modules] Streaming discord_voice@1 to /home/grajap/.config/discord/0.0.36/modules/pending/discord_voice-1.zip: 19%
2023-11-29T19:36:17.687Z [Modules] Streaming discord_voice@1 to /home/grajap/.config/discord/0.0.36/modules/pending/discord_voice-1.zip: 20%
2023-11-29T19:36:17.688Z [Modules] Streaming discord_voice@1 to /home/grajap/.config/discord/0.0.36/modules/pending/discord_voice-1.zip: 21%
2023-11-29T19:36:17.689Z [Modules] Streaming discord_voice@1 to /home/grajap/.config/discord/0.0.36/modules/pending/discord_voice-1.zip: 22%
2023-11-29T19:36:17.689Z [Modules] Streaming discord_voice@1 to /home/grajap/.config/discord/0.0.36/modules/pending/discord_voice-1.zip: 23%
2023-11-29T19:36:17.690Z [Modules] Streaming discord_voice@1 to /home/grajap/.config/discord/0.0.36/modules/pending/discord_voice-1.zip: 24%
2023-11-29T19:36:17.690Z [Modules] Streaming discord_voice@1 to /home/grajap/.config/discord/0.0.36/modules/pending/discord_voice-1.zip: 25%
2023-11-29T19:36:17.691Z [Modules] Streaming discord_voice@1 to /home/grajap/.config/discord/0.0.36/modules/pending/discord_voice-1.zip: 26%
2023-11-29T19:36:17.691Z [Modules] Streaming discord_voice@1 to /home/grajap/.config/discord/0.0.36/modules/pending/discord_voice-1.zip: 27%
2023-11-29T19:36:17.692Z [Modules] Streaming discord_voice@1 to /home/grajap/.config/discord/0.0.36/modules/pending/discord_voice-1.zip: 28%
2023-11-29T19:36:17.692Z [Modules] Streaming discord_voice@1 to /home/grajap/.config/discord/0.0.36/modules/pending/discord_voice-1.zip: 29%
2023-11-29T19:36:17.692Z [Modules] Streaming discord_voice@1 to /home/grajap/.config/discord/0.0.36/modules/pending/discord_voice-1.zip: 30%
2023-11-29T19:36:17.693Z [Modules] Streaming discord_voice@1 to /home/grajap/.config/discord/0.0.36/modules/pending/discord_voice-1.zip: 31%
2023-11-29T19:36:17.694Z [Modules] Streaming discord_voice@1 to /home/grajap/.config/discord/0.0.36/modules/pending/discord_voice-1.zip: 32%
2023-11-29T19:36:17.694Z [Modules] Streaming discord_voice@1 to /home/grajap/.config/discord/0.0.36/modules/pending/discord_voice-1.zip: 33%
2023-11-29T19:36:17.695Z [Modules] Streaming discord_voice@1 to /home/grajap/.config/discord/0.0.36/modules/pending/discord_voice-1.zip: 34%
2023-11-29T19:36:17.716Z [Modules] Streaming discord_voice@1 to /home/grajap/.config/discord/0.0.36/modules/pending/discord_voice-1.zip: 35%
2023-11-29T19:36:17.746Z [Modules] Streaming discord_voice@1 to /home/grajap/.config/discord/0.0.36/modules/pending/discord_voice-1.zip: 36%
2023-11-29T19:36:17.753Z [Modules] Streaming discord_voice@1 to /home/grajap/.config/discord/0.0.36/modules/pending/discord_voice-1.zip: 37%
2023-11-29T19:36:17.756Z [Modules] Streaming discord_voice@1 to /home/grajap/.config/discord/0.0.36/modules/pending/discord_voice-1.zip: 38%
2023-11-29T19:36:17.757Z [Modules] Streaming discord_voice@1 to /home/grajap/.config/discord/0.0.36/modules/pending/discord_voice-1.zip: 39%
2023-11-29T19:36:17.758Z [Modules] Streaming discord_voice@1 to /home/grajap/.config/discord/0.0.36/modules/pending/discord_voice-1.zip: 40%
2023-11-29T19:36:17.758Z [Modules] Streaming discord_voice@1 to /home/grajap/.config/discord/0.0.36/modules/pending/discord_voice-1.zip: 41%
2023-11-29T19:36:17.759Z [Modules] Streaming discord_voice@1 to /home/grajap/.config/discord/0.0.36/modules/pending/discord_voice-1.zip: 43%
2023-11-29T19:36:17.766Z [Modules] Streaming discord_voice@1 to /home/grajap/.config/discord/0.0.36/modules/pending/discord_voice-1.zip: 44%
2023-11-29T19:36:17.771Z [Modules] Streaming discord_voice@1 to /home/grajap/.config/discord/0.0.36/modules/pending/discord_voice-1.zip: 45%
2023-11-29T19:36:17.776Z [Modules] Streaming discord_voice@1 to /home/grajap/.config/discord/0.0.36/modules/pending/discord_voice-1.zip: 46%
2023-11-29T19:36:17.783Z [Modules] Streaming discord_voice@1 to /home/grajap/.config/discord/0.0.36/modules/pending/discord_voice-1.zip: 47%
2023-11-29T19:36:17.788Z [Modules] Streaming discord_voice@1 to /home/grajap/.config/discord/0.0.36/modules/pending/discord_voice-1.zip: 48%
2023-11-29T19:36:17.830Z [Modules] Streaming discord_voice@1 to /home/grajap/.config/discord/0.0.36/modules/pending/discord_voice-1.zip: 49%
2023-11-29T19:36:17.831Z [Modules] Streaming discord_voice@1 to /home/grajap/.config/discord/0.0.36/modules/pending/discord_voice-1.zip: 50%
2023-11-29T19:36:17.836Z [Modules] Streaming discord_voice@1 to /home/grajap/.config/discord/0.0.36/modules/pending/discord_voice-1.zip: 51%
2023-11-29T19:36:17.837Z [Modules] Streaming discord_voice@1 to /home/grajap/.config/discord/0.0.36/modules/pending/discord_voice-1.zip: 52%
2023-11-29T19:36:17.837Z [Modules] Streaming discord_voice@1 to /home/grajap/.config/discord/0.0.36/modules/pending/discord_voice-1.zip: 53%
2023-11-29T19:36:17.838Z [Modules] Streaming discord_voice@1 to /home/grajap/.config/discord/0.0.36/modules/pending/discord_voice-1.zip: 54%
2023-11-29T19:36:17.838Z [Modules] Streaming discord_voice@1 to /home/grajap/.config/discord/0.0.36/modules/pending/discord_voice-1.zip: 55%
2023-11-29T19:36:17.839Z [Modules] Streaming discord_voice@1 to /home/grajap/.config/discord/0.0.36/modules/pending/discord_voice-1.zip: 56%
2023-11-29T19:36:17.839Z [Modules] Streaming discord_voice@1 to /home/grajap/.config/discord/0.0.36/modules/pending/discord_voice-1.zip: 58%
2023-11-29T19:36:17.840Z [Modules] Streaming discord_voice@1 to /home/grajap/.config/discord/0.0.36/modules/pending/discord_voice-1.zip: 59%
2023-11-29T19:36:17.843Z [Modules] Streaming discord_voice@1 to /home/grajap/.config/discord/0.0.36/modules/pending/discord_voice-1.zip: 60%
2023-11-29T19:36:17.848Z [Modules] Streaming discord_voice@1 to /home/grajap/.config/discord/0.0.36/modules/pending/discord_voice-1.zip: 61%
2023-11-29T19:36:17.853Z [Modules] Streaming discord_voice@1 to /home/grajap/.config/discord/0.0.36/modules/pending/discord_voice-1.zip: 62%
2023-11-29T19:36:17.859Z [Modules] Streaming discord_voice@1 to /home/grajap/.config/discord/0.0.36/modules/pending/discord_voice-1.zip: 63%
2023-11-29T19:36:17.869Z [Modules] Streaming discord_voice@1 to /home/grajap/.config/discord/0.0.36/modules/pending/discord_voice-1.zip: 64%
2023-11-29T19:36:17.874Z [Modules] Streaming discord_voice@1 to /home/grajap/.config/discord/0.0.36/modules/pending/discord_voice-1.zip: 65%
2023-11-29T19:36:17.879Z [Modules] Streaming discord_voice@1 to /home/grajap/.config/discord/0.0.36/modules/pending/discord_voice-1.zip: 66%
2023-11-29T19:36:17.884Z [Modules] Streaming discord_voice@1 to /home/grajap/.config/discord/0.0.36/modules/pending/discord_voice-1.zip: 67%
2023-11-29T19:36:17.887Z [Modules] Streaming discord_voice@1 to /home/grajap/.config/discord/0.0.36/modules/pending/discord_voice-1.zip: 68%
2023-11-29T19:36:17.892Z [Modules] Streaming discord_voice@1 to /home/grajap/.config/discord/0.0.36/modules/pending/discord_voice-1.zip: 69%
2023-11-29T19:36:17.898Z [Modules] Streaming discord_voice@1 to /home/grajap/.config/discord/0.0.36/modules/pending/discord_voice-1.zip: 70%
2023-11-29T19:36:17.902Z [Modules] Streaming discord_voice@1 to /home/grajap/.config/discord/0.0.36/modules/pending/discord_voice-1.zip: 71%
2023-11-29T19:36:17.907Z [Modules] Streaming discord_voice@1 to /home/grajap/.config/discord/0.0.36/modules/pending/discord_voice-1.zip: 72%
2023-11-29T19:36:17.912Z [Modules] Streaming discord_voice@1 to /home/grajap/.config/discord/0.0.36/modules/pending/discord_voice-1.zip: 73%
2023-11-29T19:36:17.916Z [Modules] Streaming discord_voice@1 to /home/grajap/.config/discord/0.0.36/modules/pending/discord_voice-1.zip: 74%
2023-11-29T19:36:17.921Z [Modules] Streaming discord_voice@1 to /home/grajap/.config/discord/0.0.36/modules/pending/discord_voice-1.zip: 75%
2023-11-29T19:36:17.926Z [Modules] Streaming discord_voice@1 to /home/grajap/.config/discord/0.0.36/modules/pending/discord_voice-1.zip: 76%
2023-11-29T19:36:17.931Z [Modules] Streaming discord_voice@1 to /home/grajap/.config/discord/0.0.36/modules/pending/discord_voice-1.zip: 77%
2023-11-29T19:36:17.936Z [Modules] Streaming discord_voice@1 to /home/grajap/.config/discord/0.0.36/modules/pending/discord_voice-1.zip: 78%
2023-11-29T19:36:17.939Z [Modules] Streaming discord_voice@1 to /home/grajap/.config/discord/0.0.36/modules/pending/discord_voice-1.zip: 79%
2023-11-29T19:36:17.944Z [Modules] Streaming discord_voice@1 to /home/grajap/.config/discord/0.0.36/modules/pending/discord_voice-1.zip: 80%
2023-11-29T19:36:17.949Z [Modules] Streaming discord_voice@1 to /home/grajap/.config/discord/0.0.36/modules/pending/discord_voice-1.zip: 81%
2023-11-29T19:36:17.954Z [Modules] Streaming discord_voice@1 to /home/grajap/.config/discord/0.0.36/modules/pending/discord_voice-1.zip: 82%
2023-11-29T19:36:17.959Z [Modules] Streaming discord_voice@1 to /home/grajap/.config/discord/0.0.36/modules/pending/discord_voice-1.zip: 83%
2023-11-29T19:36:17.963Z [Modules] Streaming discord_voice@1 to /home/grajap/.config/discord/0.0.36/modules/pending/discord_voice-1.zip: 84%
2023-11-29T19:36:17.968Z [Modules] Streaming discord_voice@1 to /home/grajap/.config/discord/0.0.36/modules/pending/discord_voice-1.zip: 85%
2023-11-29T19:36:17.973Z [Modules] Streaming discord_voice@1 to /home/grajap/.config/discord/0.0.36/modules/pending/discord_voice-1.zip: 86%
2023-11-29T19:36:17.978Z [Modules] Streaming discord_voice@1 to /home/grajap/.config/discord/0.0.36/modules/pending/discord_voice-1.zip: 87%
2023-11-29T19:36:17.982Z [Modules] Streaming discord_voice@1 to /home/grajap/.config/discord/0.0.36/modules/pending/discord_voice-1.zip: 88%
2023-11-29T19:36:17.987Z [Modules] Streaming discord_voice@1 to /home/grajap/.config/discord/0.0.36/modules/pending/discord_voice-1.zip: 89%
2023-11-29T19:36:17.992Z [Modules] Streaming discord_voice@1 to /home/grajap/.config/discord/0.0.36/modules/pending/discord_voice-1.zip: 90%
2023-11-29T19:36:17.996Z [Modules] Streaming discord_voice@1 to /home/grajap/.config/discord/0.0.36/modules/pending/discord_voice-1.zip: 91%
2023-11-29T19:36:18.001Z [Modules] Streaming discord_voice@1 to /home/grajap/.config/discord/0.0.36/modules/pending/discord_voice-1.zip: 92%
2023-11-29T19:36:18.006Z [Modules] Streaming discord_voice@1 to /home/grajap/.config/discord/0.0.36/modules/pending/discord_voice-1.zip: 93%
2023-11-29T19:36:18.011Z [Modules] Streaming discord_voice@1 to /home/grajap/.config/discord/0.0.36/modules/pending/discord_voice-1.zip: 94%
2023-11-29T19:36:18.015Z [Modules] Streaming discord_voice@1 to /home/grajap/.config/discord/0.0.36/modules/pending/discord_voice-1.zip: 95%
2023-11-29T19:36:18.021Z [Modules] Streaming discord_voice@1 to /home/grajap/.config/discord/0.0.36/modules/pending/discord_voice-1.zip: 96%
2023-11-29T19:36:18.026Z [Modules] Streaming discord_voice@1 to /home/grajap/.config/discord/0.0.36/modules/pending/discord_voice-1.zip: 97%
2023-11-29T19:36:18.030Z [Modules] Streaming discord_voice@1 to /home/grajap/.config/discord/0.0.36/modules/pending/discord_voice-1.zip: 98%
2023-11-29T19:36:18.036Z [Modules] Streaming discord_voice@1 to /home/grajap/.config/discord/0.0.36/modules/pending/discord_voice-1.zip: 99%
2023-11-29T19:36:18.050Z [Modules] Streaming discord_voice@1 to /home/grajap/.config/discord/0.0.36/modules/pending/discord_voice-1.zip: 100%
2023-11-29T19:36:18.051Z [Modules] Finished module downloads. [success: 5] [failure: 0]
2023-11-29T19:36:18.051Z [Modules] Installing updates...
2023-11-29T19:36:18.051Z [Modules] Installing discord_desktop_core@1 from /home/grajap/.config/discord/0.0.36/modules/pending/discord_desktop_core-1.zip
2023-11-29T19:36:18.113Z [Modules] Installing discord_erlpack@1 from /home/grajap/.config/discord/0.0.36/modules/pending/discord_erlpack-1.zip
2023-11-29T19:36:18.154Z [Modules] Installing discord_spellcheck@1 from /home/grajap/.config/discord/0.0.36/modules/pending/discord_spellcheck-1.zip
2023-11-29T19:36:18.617Z [Modules] Installing discord_utils@1 from /home/grajap/.config/discord/0.0.36/modules/pending/discord_utils-1.zip
2023-11-29T19:36:18.753Z [Modules] Installing discord_voice@1 from /home/grajap/.config/discord/0.0.36/modules/pending/discord_voice-1.zip
2023-11-29T19:36:19.293Z [Modules] Finished module installations. [success: 5] [failure: 0]
2023-11-29T19:36:19.293Z [Modules] Checking for host updates.
2023-11-29T19:36:19.463Z [Modules] Host is up to date.
2023-11-29T19:36:19.463Z [Modules] Checking for module updates at https://discord.com/api/modules/stable/versions.json
2023-11-29T19:36:19.464Z [Modules] No module updates available.
2023-11-29T19:36:20.584Z [Modules] Starting to install discord_krisp...
2023-11-29T19:36:20.584Z [Modules] Fetching discord_krisp@1 from https://discord.com/api/modules/stable/discord_krisp/1
2023-11-29T19:36:20.584Z [Modules] Streaming discord_krisp@1 to /home/grajap/.config/discord/0.0.36/modules/pending/discord_krisp-1.zip
2023-11-29T19:36:20.603Z [Modules] Starting to install discord_game_utils...
2023-11-29T19:36:20.899Z [Modules] Streaming discord_krisp@1 to /home/grajap/.config/discord/0.0.36/modules/pending/discord_krisp-1.zip: 1%
2023-11-29T19:36:20.900Z [Modules] Streaming discord_krisp@1 to /home/grajap/.config/discord/0.0.36/modules/pending/discord_krisp-1.zip: 2%
2023-11-29T19:36:20.901Z [Modules] Streaming discord_krisp@1 to /home/grajap/.config/discord/0.0.36/modules/pending/discord_krisp-1.zip: 3%
2023-11-29T19:36:20.901Z [Modules] Streaming discord_krisp@1 to /home/grajap/.config/discord/0.0.36/modules/pending/discord_krisp-1.zip: 4%
2023-11-29T19:36:20.902Z [Modules] Streaming discord_krisp@1 to /home/grajap/.config/discord/0.0.36/modules/pending/discord_krisp-1.zip: 5%
2023-11-29T19:36:20.903Z [Modules] Streaming discord_krisp@1 to /home/grajap/.config/discord/0.0.36/modules/pending/discord_krisp-1.zip: 6%
2023-11-29T19:36:20.903Z [Modules] Streaming discord_krisp@1 to /home/grajap/.config/discord/0.0.36/modules/pending/discord_krisp-1.zip: 7%
2023-11-29T19:36:20.904Z [Modules] Streaming discord_krisp@1 to /home/grajap/.config/discord/0.0.36/modules/pending/discord_krisp-1.zip: 8%
2023-11-29T19:36:20.905Z [Modules] Streaming discord_krisp@1 to /home/grajap/.config/discord/0.0.36/modules/pending/discord_krisp-1.zip: 9%
2023-11-29T19:36:20.905Z [Modules] Streaming discord_krisp@1 to /home/grajap/.config/discord/0.0.36/modules/pending/discord_krisp-1.zip: 10%
2023-11-29T19:36:20.906Z [Modules] Streaming discord_krisp@1 to /home/grajap/.config/discord/0.0.36/modules/pending/discord_krisp-1.zip: 11%
2023-11-29T19:36:20.906Z [Modules] Streaming discord_krisp@1 to /home/grajap/.config/discord/0.0.36/modules/pending/discord_krisp-1.zip: 12%
2023-11-29T19:36:20.907Z [Modules] Streaming discord_krisp@1 to /home/grajap/.config/discord/0.0.36/modules/pending/discord_krisp-1.zip: 13%
2023-11-29T19:36:20.907Z [Modules] Streaming discord_krisp@1 to /home/grajap/.config/discord/0.0.36/modules/pending/discord_krisp-1.zip: 14%
2023-11-29T19:36:20.907Z [Modules] Streaming discord_krisp@1 to /home/grajap/.config/discord/0.0.36/modules/pending/discord_krisp-1.zip: 15%
2023-11-29T19:36:20.907Z [Modules] Streaming discord_krisp@1 to /home/grajap/.config/discord/0.0.36/modules/pending/discord_krisp-1.zip: 16%
2023-11-29T19:36:20.908Z [Modules] Streaming discord_krisp@1 to /home/grajap/.config/discord/0.0.36/modules/pending/discord_krisp-1.zip: 17%
2023-11-29T19:36:20.908Z [Modules] Streaming discord_krisp@1 to /home/grajap/.config/discord/0.0.36/modules/pending/discord_krisp-1.zip: 18%
2023-11-29T19:36:20.971Z [Modules] Streaming discord_krisp@1 to /home/grajap/.config/discord/0.0.36/modules/pending/discord_krisp-1.zip: 19%
2023-11-29T19:36:20.972Z [Modules] Streaming discord_krisp@1 to /home/grajap/.config/discord/0.0.36/modules/pending/discord_krisp-1.zip: 20%
2023-11-29T19:36:20.972Z [Modules] Streaming discord_krisp@1 to /home/grajap/.config/discord/0.0.36/modules/pending/discord_krisp-1.zip: 21%
2023-11-29T19:36:21.054Z [Modules] Streaming discord_krisp@1 to /home/grajap/.config/discord/0.0.36/modules/pending/discord_krisp-1.zip: 22%
2023-11-29T19:36:21.056Z [Modules] Streaming discord_krisp@1 to /home/grajap/.config/discord/0.0.36/modules/pending/discord_krisp-1.zip: 23%
2023-11-29T19:36:21.056Z [Modules] Streaming discord_krisp@1 to /home/grajap/.config/discord/0.0.36/modules/pending/discord_krisp-1.zip: 24%
2023-11-29T19:36:21.057Z [Modules] Streaming discord_krisp@1 to /home/grajap/.config/discord/0.0.36/modules/pending/discord_krisp-1.zip: 25%
2023-11-29T19:36:21.058Z [Modules] Streaming discord_krisp@1 to /home/grajap/.config/discord/0.0.36/modules/pending/discord_krisp-1.zip: 26%
2023-11-29T19:36:21.058Z [Modules] Streaming discord_krisp@1 to /home/grajap/.config/discord/0.0.36/modules/pending/discord_krisp-1.zip: 27%
2023-11-29T19:36:21.059Z [Modules] Streaming discord_krisp@1 to /home/grajap/.config/discord/0.0.36/modules/pending/discord_krisp-1.zip: 28%
2023-11-29T19:36:21.060Z [Modules] Streaming discord_krisp@1 to /home/grajap/.config/discord/0.0.36/modules/pending/discord_krisp-1.zip: 29%
2023-11-29T19:36:21.063Z [Modules] Streaming discord_krisp@1 to /home/grajap/.config/discord/0.0.36/modules/pending/discord_krisp-1.zip: 30%
2023-11-29T19:36:21.064Z [Modules] Streaming discord_krisp@1 to /home/grajap/.config/discord/0.0.36/modules/pending/discord_krisp-1.zip: 31%
2023-11-29T19:36:21.065Z [Modules] Streaming discord_krisp@1 to /home/grajap/.config/discord/0.0.36/modules/pending/discord_krisp-1.zip: 32%
2023-11-29T19:36:21.065Z [Modules] Streaming discord_krisp@1 to /home/grajap/.config/discord/0.0.36/modules/pending/discord_krisp-1.zip: 33%
2023-11-29T19:36:21.066Z [Modules] Streaming discord_krisp@1 to /home/grajap/.config/discord/0.0.36/modules/pending/discord_krisp-1.zip: 34%
2023-11-29T19:36:21.067Z [Modules] Streaming discord_krisp@1 to /home/grajap/.config/discord/0.0.36/modules/pending/discord_krisp-1.zip: 35%
2023-11-29T19:36:21.068Z [Modules] Streaming discord_krisp@1 to /home/grajap/.config/discord/0.0.36/modules/pending/discord_krisp-1.zip: 36%
2023-11-29T19:36:21.078Z [Modules] Streaming discord_krisp@1 to /home/grajap/.config/discord/0.0.36/modules/pending/discord_krisp-1.zip: 37%
2023-11-29T19:36:21.078Z [Modules] Streaming discord_krisp@1 to /home/grajap/.config/discord/0.0.36/modules/pending/discord_krisp-1.zip: 38%
2023-11-29T19:36:21.078Z [Modules] Streaming discord_krisp@1 to /home/grajap/.config/discord/0.0.36/modules/pending/discord_krisp-1.zip: 39%
2023-11-29T19:36:21.082Z [Modules] Streaming discord_krisp@1 to /home/grajap/.config/discord/0.0.36/modules/pending/discord_krisp-1.zip: 40%
2023-11-29T19:36:21.112Z [Modules] Streaming discord_krisp@1 to /home/grajap/.config/discord/0.0.36/modules/pending/discord_krisp-1.zip: 41%
2023-11-29T19:36:21.122Z [Modules] Streaming discord_krisp@1 to /home/grajap/.config/discord/0.0.36/modules/pending/discord_krisp-1.zip: 42%
2023-11-29T19:36:21.123Z [Modules] Streaming discord_krisp@1 to /home/grajap/.config/discord/0.0.36/modules/pending/discord_krisp-1.zip: 43%
2023-11-29T19:36:21.131Z [Modules] Streaming discord_krisp@1 to /home/grajap/.config/discord/0.0.36/modules/pending/discord_krisp-1.zip: 44%
2023-11-29T19:36:21.133Z [Modules] Streaming discord_krisp@1 to /home/grajap/.config/discord/0.0.36/modules/pending/discord_krisp-1.zip: 45%
2023-11-29T19:36:21.134Z [Modules] Streaming discord_krisp@1 to /home/grajap/.config/discord/0.0.36/modules/pending/discord_krisp-1.zip: 46%
2023-11-29T19:36:21.139Z [Modules] Streaming discord_krisp@1 to /home/grajap/.config/discord/0.0.36/modules/pending/discord_krisp-1.zip: 47%
2023-11-29T19:36:21.149Z [Modules] Streaming discord_krisp@1 to /home/grajap/.config/discord/0.0.36/modules/pending/discord_krisp-1.zip: 48%
2023-11-29T19:36:21.152Z [Modules] Streaming discord_krisp@1 to /home/grajap/.config/discord/0.0.36/modules/pending/discord_krisp-1.zip: 49%
2023-11-29T19:36:21.171Z [Modules] Streaming discord_krisp@1 to /home/grajap/.config/discord/0.0.36/modules/pending/discord_krisp-1.zip: 50%
2023-11-29T19:36:21.175Z [Modules] Streaming discord_krisp@1 to /home/grajap/.config/discord/0.0.36/modules/pending/discord_krisp-1.zip: 51%
2023-11-29T19:36:21.180Z [Modules] Streaming discord_krisp@1 to /home/grajap/.config/discord/0.0.36/modules/pending/discord_krisp-1.zip: 52%
2023-11-29T19:36:21.198Z [Modules] Streaming discord_krisp@1 to /home/grajap/.config/discord/0.0.36/modules/pending/discord_krisp-1.zip: 53%
2023-11-29T19:36:21.205Z [Modules] Streaming discord_krisp@1 to /home/grajap/.config/discord/0.0.36/modules/pending/discord_krisp-1.zip: 54%
2023-11-29T19:36:21.208Z [Modules] Streaming discord_krisp@1 to /home/grajap/.config/discord/0.0.36/modules/pending/discord_krisp-1.zip: 55%
2023-11-29T19:36:21.213Z [Modules] Streaming discord_krisp@1 to /home/grajap/.config/discord/0.0.36/modules/pending/discord_krisp-1.zip: 56%
2023-11-29T19:36:21.217Z [Modules] Streaming discord_krisp@1 to /home/grajap/.config/discord/0.0.36/modules/pending/discord_krisp-1.zip: 57%
2023-11-29T19:36:21.222Z [Modules] Streaming discord_krisp@1 to /home/grajap/.config/discord/0.0.36/modules/pending/discord_krisp-1.zip: 58%
2023-11-29T19:36:21.225Z [Modules] Streaming discord_krisp@1 to /home/grajap/.config/discord/0.0.36/modules/pending/discord_krisp-1.zip: 59%
2023-11-29T19:36:21.230Z [Modules] Checking for host updates.
2023-11-29T19:36:21.231Z [Modules] Streaming discord_krisp@1 to /home/grajap/.config/discord/0.0.36/modules/pending/discord_krisp-1.zip: 60%
2023-11-29T19:36:21.235Z [Modules] Streaming discord_krisp@1 to /home/grajap/.config/discord/0.0.36/modules/pending/discord_krisp-1.zip: 61%
2023-11-29T19:36:21.239Z [Modules] Streaming discord_krisp@1 to /home/grajap/.config/discord/0.0.36/modules/pending/discord_krisp-1.zip: 62%
2023-11-29T19:36:21.243Z [Modules] Streaming discord_krisp@1 to /home/grajap/.config/discord/0.0.36/modules/pending/discord_krisp-1.zip: 63%
2023-11-29T19:36:21.247Z [Modules] Streaming discord_krisp@1 to /home/grajap/.config/discord/0.0.36/modules/pending/discord_krisp-1.zip: 64%
2023-11-29T19:36:21.251Z [Modules] Streaming discord_krisp@1 to /home/grajap/.config/discord/0.0.36/modules/pending/discord_krisp-1.zip: 65%
2023-11-29T19:36:21.256Z [Modules] Streaming discord_krisp@1 to /home/grajap/.config/discord/0.0.36/modules/pending/discord_krisp-1.zip: 66%
2023-11-29T19:36:21.260Z [Modules] Streaming discord_krisp@1 to /home/grajap/.config/discord/0.0.36/modules/pending/discord_krisp-1.zip: 67%
2023-11-29T19:36:21.264Z [Modules] Streaming discord_krisp@1 to /home/grajap/.config/discord/0.0.36/modules/pending/discord_krisp-1.zip: 68%
2023-11-29T19:36:21.269Z [Modules] Streaming discord_krisp@1 to /home/grajap/.config/discord/0.0.36/modules/pending/discord_krisp-1.zip: 69%
2023-11-29T19:36:21.272Z [Modules] Streaming discord_krisp@1 to /home/grajap/.config/discord/0.0.36/modules/pending/discord_krisp-1.zip: 70%
2023-11-29T19:36:21.277Z [Modules] Streaming discord_krisp@1 to /home/grajap/.config/discord/0.0.36/modules/pending/discord_krisp-1.zip: 71%
2023-11-29T19:36:21.281Z [Modules] Streaming discord_krisp@1 to /home/grajap/.config/discord/0.0.36/modules/pending/discord_krisp-1.zip: 72%
2023-11-29T19:36:21.287Z [Modules] Starting to install discord_rpc...
2023-11-29T19:36:21.321Z [Modules] Streaming discord_krisp@1 to /home/grajap/.config/discord/0.0.36/modules/pending/discord_krisp-1.zip: 73%
2023-11-29T19:36:21.322Z [Modules] Streaming discord_krisp@1 to /home/grajap/.config/discord/0.0.36/modules/pending/discord_krisp-1.zip: 74%
2023-11-29T19:36:21.324Z [Modules] Streaming discord_krisp@1 to /home/grajap/.config/discord/0.0.36/modules/pending/discord_krisp-1.zip: 75%
2023-11-29T19:36:21.329Z [Modules] Streaming discord_krisp@1 to /home/grajap/.config/discord/0.0.36/modules/pending/discord_krisp-1.zip: 76%
2023-11-29T19:36:21.342Z [Modules] Streaming discord_krisp@1 to /home/grajap/.config/discord/0.0.36/modules/pending/discord_krisp-1.zip: 77%
2023-11-29T19:36:21.386Z [Modules] Streaming discord_krisp@1 to /home/grajap/.config/discord/0.0.36/modules/pending/discord_krisp-1.zip: 78%
2023-11-29T19:36:21.400Z [Modules] Host is up to date.
2023-11-29T19:36:21.400Z [Modules] Checking for module updates at https://discord.com/api/modules/stable/versions.json
2023-11-29T19:36:21.401Z [Modules] Streaming discord_krisp@1 to /home/grajap/.config/discord/0.0.36/modules/pending/discord_krisp-1.zip: 79%
2023-11-29T19:36:21.402Z [Modules] No module updates available.
2023-11-29T19:36:21.435Z [Modules] Streaming discord_krisp@1 to /home/grajap/.config/discord/0.0.36/modules/pending/discord_krisp-1.zip: 80%
2023-11-29T19:36:21.448Z [Modules] Streaming discord_krisp@1 to /home/grajap/.config/discord/0.0.36/modules/pending/discord_krisp-1.zip: 81%
2023-11-29T19:36:21.449Z [Modules] Streaming discord_krisp@1 to /home/grajap/.config/discord/0.0.36/modules/pending/discord_krisp-1.zip: 82%
2023-11-29T19:36:21.449Z [Modules] Streaming discord_krisp@1 to /home/grajap/.config/discord/0.0.36/modules/pending/discord_krisp-1.zip: 83%
2023-11-29T19:36:21.449Z [Modules] Streaming discord_krisp@1 to /home/grajap/.config/discord/0.0.36/modules/pending/discord_krisp-1.zip: 84%
2023-11-29T19:36:21.450Z [Modules] Streaming discord_krisp@1 to /home/grajap/.config/discord/0.0.36/modules/pending/discord_krisp-1.zip: 85%
2023-11-29T19:36:21.450Z [Modules] Streaming discord_krisp@1 to /home/grajap/.config/discord/0.0.36/modules/pending/discord_krisp-1.zip: 86%
2023-11-29T19:36:21.454Z [Modules] Streaming discord_krisp@1 to /home/grajap/.config/discord/0.0.36/modules/pending/discord_krisp-1.zip: 87%
2023-11-29T19:36:21.458Z [Modules] Streaming discord_krisp@1 to /home/grajap/.config/discord/0.0.36/modules/pending/discord_krisp-1.zip: 88%
2023-11-29T19:36:21.462Z [Modules] Streaming discord_krisp@1 to /home/grajap/.config/discord/0.0.36/modules/pending/discord_krisp-1.zip: 89%
2023-11-29T19:36:21.467Z [Modules] Streaming discord_krisp@1 to /home/grajap/.config/discord/0.0.36/modules/pending/discord_krisp-1.zip: 90%
2023-11-29T19:36:21.470Z [Modules] Streaming discord_krisp@1 to /home/grajap/.config/discord/0.0.36/modules/pending/discord_krisp-1.zip: 91%
2023-11-29T19:36:21.475Z [Modules] Streaming discord_krisp@1 to /home/grajap/.config/discord/0.0.36/modules/pending/discord_krisp-1.zip: 92%
2023-11-29T19:36:21.479Z [Modules] Streaming discord_krisp@1 to /home/grajap/.config/discord/0.0.36/modules/pending/discord_krisp-1.zip: 93%
2023-11-29T19:36:21.485Z [Modules] Streaming discord_krisp@1 to /home/grajap/.config/discord/0.0.36/modules/pending/discord_krisp-1.zip: 94%
2023-11-29T19:36:21.489Z [Modules] Streaming discord_krisp@1 to /home/grajap/.config/discord/0.0.36/modules/pending/discord_krisp-1.zip: 95%
2023-11-29T19:36:21.493Z [Modules] Streaming discord_krisp@1 to /home/grajap/.config/discord/0.0.36/modules/pending/discord_krisp-1.zip: 96%
2023-11-29T19:36:21.497Z [Modules] Streaming discord_krisp@1 to /home/grajap/.config/discord/0.0.36/modules/pending/discord_krisp-1.zip: 97%
2023-11-29T19:36:21.500Z [Modules] Streaming discord_krisp@1 to /home/grajap/.config/discord/0.0.36/modules/pending/discord_krisp-1.zip: 98%
2023-11-29T19:36:21.505Z [Modules] Streaming discord_krisp@1 to /home/grajap/.config/discord/0.0.36/modules/pending/discord_krisp-1.zip: 99%
2023-11-29T19:36:21.509Z [Modules] Streaming discord_krisp@1 to /home/grajap/.config/discord/0.0.36/modules/pending/discord_krisp-1.zip: 100%
2023-11-29T19:36:21.534Z [Modules] Fetching discord_game_utils@1 from https://discord.com/api/modules/stable/discord_game_utils/1
2023-11-29T19:36:21.534Z [Modules] Streaming discord_game_utils@1 to /home/grajap/.config/discord/0.0.36/modules/pending/discord_game_utils-1.zip
2023-11-29T19:36:21.534Z [Modules] Installing discord_krisp@1 from /home/grajap/.config/discord/0.0.36/modules/pending/discord_krisp-1.zip
2023-11-29T19:36:21.760Z [Modules] Streaming discord_game_utils@1 to /home/grajap/.config/discord/0.0.36/modules/pending/discord_game_utils-1.zip: 2%
2023-11-29T19:36:21.760Z [Modules] Streaming discord_game_utils@1 to /home/grajap/.config/discord/0.0.36/modules/pending/discord_game_utils-1.zip: 3%
2023-11-29T19:36:21.761Z [Modules] Streaming discord_game_utils@1 to /home/grajap/.config/discord/0.0.36/modules/pending/discord_game_utils-1.zip: 5%
2023-11-29T19:36:21.762Z [Modules] Streaming discord_game_utils@1 to /home/grajap/.config/discord/0.0.36/modules/pending/discord_game_utils-1.zip: 8%
2023-11-29T19:36:21.764Z [Modules] Streaming discord_game_utils@1 to /home/grajap/.config/discord/0.0.36/modules/pending/discord_game_utils-1.zip: 9%
2023-11-29T19:36:21.768Z [Modules] Streaming discord_game_utils@1 to /home/grajap/.config/discord/0.0.36/modules/pending/discord_game_utils-1.zip: 11%
2023-11-29T19:36:21.769Z [Modules] Streaming discord_game_utils@1 to /home/grajap/.config/discord/0.0.36/modules/pending/discord_game_utils-1.zip: 14%
2023-11-29T19:36:21.770Z [Modules] Streaming discord_game_utils@1 to /home/grajap/.config/discord/0.0.36/modules/pending/discord_game_utils-1.zip: 16%
2023-11-29T19:36:21.771Z [Modules] Streaming discord_game_utils@1 to /home/grajap/.config/discord/0.0.36/modules/pending/discord_game_utils-1.zip: 19%
2023-11-29T19:36:21.775Z [Modules] Streaming discord_game_utils@1 to /home/grajap/.config/discord/0.0.36/modules/pending/discord_game_utils-1.zip: 22%
2023-11-29T19:36:21.776Z [Modules] Streaming discord_game_utils@1 to /home/grajap/.config/discord/0.0.36/modules/pending/discord_game_utils-1.zip: 24%
2023-11-29T19:36:21.777Z [Modules] Streaming discord_game_utils@1 to /home/grajap/.config/discord/0.0.36/modules/pending/discord_game_utils-1.zip: 27%
2023-11-29T19:36:21.779Z [Modules] Streaming discord_game_utils@1 to /home/grajap/.config/discord/0.0.36/modules/pending/discord_game_utils-1.zip: 28%
2023-11-29T19:36:21.784Z [Modules] Streaming discord_game_utils@1 to /home/grajap/.config/discord/0.0.36/modules/pending/discord_game_utils-1.zip: 31%
2023-11-29T19:36:21.785Z [Modules] Streaming discord_game_utils@1 to /home/grajap/.config/discord/0.0.36/modules/pending/discord_game_utils-1.zip: 33%
2023-11-29T19:36:21.786Z [Modules] Streaming discord_game_utils@1 to /home/grajap/.config/discord/0.0.36/modules/pending/discord_game_utils-1.zip: 36%
2023-11-29T19:36:21.787Z [Modules] Streaming discord_game_utils@1 to /home/grajap/.config/discord/0.0.36/modules/pending/discord_game_utils-1.zip: 38%
2023-11-29T19:36:21.789Z [Modules] Streaming discord_game_utils@1 to /home/grajap/.config/discord/0.0.36/modules/pending/discord_game_utils-1.zip: 39%
2023-11-29T19:36:21.821Z [Modules] Streaming discord_game_utils@1 to /home/grajap/.config/discord/0.0.36/modules/pending/discord_game_utils-1.zip: 42%
2023-11-29T19:36:21.826Z [Modules] Streaming discord_game_utils@1 to /home/grajap/.config/discord/0.0.36/modules/pending/discord_game_utils-1.zip: 45%
2023-11-29T19:36:21.826Z [Modules] Streaming discord_game_utils@1 to /home/grajap/.config/discord/0.0.36/modules/pending/discord_game_utils-1.zip: 50%
2023-11-29T19:36:21.826Z [Modules] Streaming discord_game_utils@1 to /home/grajap/.config/discord/0.0.36/modules/pending/discord_game_utils-1.zip: 55%
2023-11-29T19:36:21.826Z [Modules] Streaming discord_game_utils@1 to /home/grajap/.config/discord/0.0.36/modules/pending/discord_game_utils-1.zip: 63%
2023-11-29T19:36:21.827Z [Modules] Streaming discord_game_utils@1 to /home/grajap/.config/discord/0.0.36/modules/pending/discord_game_utils-1.zip: 68%
2023-11-29T19:36:21.827Z [Modules] Streaming discord_game_utils@1 to /home/grajap/.config/discord/0.0.36/modules/pending/discord_game_utils-1.zip: 76%
2023-11-29T19:36:21.827Z [Modules] Streaming discord_game_utils@1 to /home/grajap/.config/discord/0.0.36/modules/pending/discord_game_utils-1.zip: 81%
2023-11-29T19:36:21.827Z [Modules] Streaming discord_game_utils@1 to /home/grajap/.config/discord/0.0.36/modules/pending/discord_game_utils-1.zip: 83%
2023-11-29T19:36:21.828Z [Modules] Streaming discord_game_utils@1 to /home/grajap/.config/discord/0.0.36/modules/pending/discord_game_utils-1.zip: 90%
2023-11-29T19:36:21.828Z [Modules] Streaming discord_game_utils@1 to /home/grajap/.config/discord/0.0.36/modules/pending/discord_game_utils-1.zip: 96%
2023-11-29T19:36:21.828Z [Modules] Streaming discord_game_utils@1 to /home/grajap/.config/discord/0.0.36/modules/pending/discord_game_utils-1.zip: 100%
2023-11-29T19:36:21.837Z [Modules] Fetching discord_rpc@1 from https://discord.com/api/modules/stable/discord_rpc/1
2023-11-29T19:36:21.837Z [Modules] Streaming discord_rpc@1 to /home/grajap/.config/discord/0.0.36/modules/pending/discord_rpc-1.zip
2023-11-29T19:36:21.979Z [Modules] Installing discord_game_utils@1 from /home/grajap/.config/discord/0.0.36/modules/pending/discord_game_utils-1.zip
2023-11-29T19:36:22.074Z [Modules] Finished module installations. [success: 2] [failure: 0]
2023-11-29T19:36:22.074Z [Modules] Streaming discord_rpc@1 to /home/grajap/.config/discord/0.0.36/modules/pending/discord_rpc-1.zip: 100%
2023-11-29T19:36:22.082Z [Modules] Finished module downloads. [success: 3] [failure: 0]
2023-11-29T19:36:22.082Z [Modules] Installing discord_rpc@1 from /home/grajap/.config/discord/0.0.36/modules/pending/discord_rpc-1.zip
2023-11-29T19:36:22.093Z [Modules] Finished module installations. [success: 1] [failure: 0]
2023-11-29T19:46:07.620Z [Modules] Modules initializing
2023-11-29T19:46:07.620Z [Modules] Distribution: remote
2023-11-29T19:46:07.620Z [Modules] Host updates: enabled
2023-11-29T19:46:07.620Z [Modules] Module updates: enabled
2023-11-29T19:46:07.620Z [Modules] Module install path: /home/grajap/.config/discord/0.0.36/modules
2023-11-29T19:46:07.620Z [Modules] Module installed file path: /home/grajap/.config/discord/0.0.36/modules/installed.json
2023-11-29T19:46:07.621Z [Modules] Module download path: /home/grajap/.config/discord/0.0.36/modules/pending
2023-11-29T19:46:07.729Z [Modules] No updates to install
2023-11-29T19:46:07.730Z [Modules] Checking for host updates.
2023-11-29T19:46:08.047Z [Modules] Host is up to date.
2023-11-29T19:46:08.048Z [Modules] Checking for module updates at https://discord.com/api/modules/stable/versions.json
2023-11-29T19:46:08.108Z [Modules] No module updates available.
2023-11-29T19:46:09.956Z [Modules] Checking for host updates.
2023-11-29T19:46:10.134Z [Modules] Host is up to date.
2023-11-29T19:46:10.134Z [Modules] Checking for module updates at https://discord.com/api/modules/stable/versions.json
2023-11-29T19:46:10.138Z [Modules] No module updates available.
2023-11-30T15:47:31.483Z [Modules] Modules initializing
2023-11-30T15:47:31.483Z [Modules] Distribution: remote
2023-11-30T15:47:31.483Z [Modules] Host updates: enabled
2023-11-30T15:47:31.483Z [Modules] Module updates: enabled
2023-11-30T15:47:31.483Z [Modules] Module install path: /home/grajap/.config/discord/0.0.36/modules
2023-11-30T15:47:31.483Z [Modules] Module installed file path: /home/grajap/.config/discord/0.0.36/modules/installed.json
2023-11-30T15:47:31.483Z [Modules] Module download path: /home/grajap/.config/discord/0.0.36/modules/pending
2023-11-30T15:47:31.981Z [Modules] No updates to install
2023-11-30T15:47:31.981Z [Modules] Checking for host updates.
2023-11-30T15:47:32.338Z [Modules] Host is up to date.
2023-11-30T15:47:32.339Z [Modules] Checking for module updates at https://discord.com/api/modules/stable/versions.json
2023-11-30T15:47:32.389Z [Modules] No module updates available.
2023-11-30T15:47:34.402Z [Modules] Checking for host updates.
2023-11-30T15:47:34.587Z [Modules] Host is up to date.
2023-11-30T15:47:34.587Z [Modules] Checking for module updates at https://discord.com/api/modules/stable/versions.json
2023-11-30T15:47:34.590Z [Modules] No module updates available.
2023-11-30T16:47:34.407Z [Modules] Checking for host updates.
2023-11-30T16:47:34.715Z [Modules] Host is up to date.
2023-11-30T16:47:34.715Z [Modules] Checking for module updates at https://discord.com/api/modules/stable/versions.json
2023-11-30T16:47:34.764Z [Modules] No module updates available.
2023-11-30T17:47:34.405Z [Modules] Checking for host updates.
2023-11-30T17:47:34.652Z [Modules] Host is up to date.
2023-11-30T17:47:34.652Z [Modules] Checking for module updates at https://discord.com/api/modules/stable/versions.json
2023-11-30T17:47:34.701Z [Modules] No module updates available.
2023-11-30T18:47:34.406Z [Modules] Checking for host updates.
2023-11-30T18:47:34.738Z [Modules] Host is up to date.
2023-11-30T18:47:34.738Z [Modules] Checking for module updates at https://discord.com/api/modules/stable/versions.json
2023-11-30T18:47:34.785Z [Modules] No module updates available.
2023-11-30T19:47:34.405Z [Modules] Checking for host updates.
2023-11-30T19:47:34.665Z [Modules] Host is up to date.
2023-11-30T19:47:34.665Z [Modules] Checking for module updates at https://discord.com/api/modules/stable/versions.json
2023-11-30T19:47:34.719Z [Modules] No module updates available.
2023-11-30T20:02:34.582Z [Modules] Modules initializing
2023-11-30T20:02:34.583Z [Modules] Distribution: remote
2023-11-30T20:02:34.583Z [Modules] Host updates: enabled
2023-11-30T20:02:34.583Z [Modules] Module updates: enabled
2023-11-30T20:02:34.583Z [Modules] Module install path: /home/grajap/.config/discord/0.0.36/modules
2023-11-30T20:02:34.583Z [Modules] Module installed file path: /home/grajap/.config/discord/0.0.36/modules/installed.json
2023-11-30T20:02:34.583Z [Modules] Module download path: /home/grajap/.config/discord/0.0.36/modules/pending
2023-11-30T20:02:35.110Z [Modules] No updates to install
2023-11-30T20:02:35.110Z [Modules] Checking for host updates.
2023-11-30T20:02:35.396Z [Modules] Host is up to date.
2023-11-30T20:02:35.396Z [Modules] Checking for module updates at https://discord.com/api/modules/stable/versions.json
2023-11-30T20:02:35.447Z [Modules] No module updates available.
2023-11-30T20:02:37.271Z [Modules] Checking for host updates.
2023-11-30T20:02:37.474Z [Modules] Host is up to date.
2023-11-30T20:02:37.474Z [Modules] Checking for module updates at https://discord.com/api/modules/stable/versions.json
2023-11-30T20:02:37.476Z [Modules] No module updates available.
2023-11-30T20:39:56.493Z [Modules] Modules initializing
2023-11-30T20:39:56.493Z [Modules] Distribution: remote
2023-11-30T20:39:56.493Z [Modules] Host updates: enabled
2023-11-30T20:39:56.493Z [Modules] Module updates: enabled
2023-11-30T20:39:56.494Z [Modules] Module install path: /home/grajap/.config/discord/0.0.36/modules
2023-11-30T20:39:56.494Z [Modules] Module installed file path: /home/grajap/.config/discord/0.0.36/modules/installed.json
2023-11-30T20:39:56.494Z [Modules] Module download path: /home/grajap/.config/discord/0.0.36/modules/pending
2023-11-30T20:39:56.959Z [Modules] No updates to install
2023-11-30T20:39:56.959Z [Modules] Checking for host updates.
2023-11-30T20:39:57.276Z [Modules] Host is up to date.
2023-11-30T20:39:57.276Z [Modules] Checking for module updates at https://discord.com/api/modules/stable/versions.json
2023-11-30T20:39:57.327Z [Modules] No module updates available.
2023-11-30T20:40:10.078Z [Modules] Checking for host updates.
2023-11-30T20:40:10.364Z [Modules] Host is up to date.
2023-11-30T20:40:10.364Z [Modules] Checking for module updates at https://discord.com/api/modules/stable/versions.json
2023-11-30T20:40:10.419Z [Modules] No module updates available.
2023-12-01T16:21:27.250Z [Modules] Modules initializing
2023-12-01T16:21:27.250Z [Modules] Distribution: remote
2023-12-01T16:21:27.250Z [Modules] Host updates: enabled
2023-12-01T16:21:27.250Z [Modules] Module updates: enabled
2023-12-01T16:21:27.251Z [Modules] Module install path: /home/grajap/.config/discord/0.0.36/modules
2023-12-01T16:21:27.251Z [Modules] Module installed file path: /home/grajap/.config/discord/0.0.36/modules/installed.json
2023-12-01T16:21:27.251Z [Modules] Module download path: /home/grajap/.config/discord/0.0.36/modules/pending
2023-12-01T16:21:27.700Z [Modules] No updates to install
2023-12-01T16:21:27.701Z [Modules] Checking for host updates.
2023-12-01T16:21:28.013Z [Modules] Host is up to date.
2023-12-01T16:21:28.014Z [Modules] Checking for module updates at https://discord.com/api/modules/stable/versions.json
2023-12-01T16:21:28.059Z [Modules] No module updates available.
2023-12-01T16:21:30.227Z [Modules] Checking for host updates.
2023-12-01T16:21:30.420Z [Modules] Host is up to date.
2023-12-01T16:21:30.420Z [Modules] Checking for module updates at https://discord.com/api/modules/stable/versions.json
2023-12-01T16:21:30.422Z [Modules] No module updates available.
