2023-11-29T19:36:15.314Z 0: 

----------------------------------------------
2023-11-29T19:36:15.339Z 1: Discord starting: {"releaseChannel":"stable","version":"0.0.36"}, modulepath: /home/grajap/.config/discord/0.0.36/modules
2023-11-29T19:36:15.342Z 2: ✅ webContents.created web1 "index.html"
2023-11-29T19:36:15.344Z 3: ✅ window.created win1 "discord"
2023-11-29T19:36:15.430Z 4: ✅ webContents.did-finish-load web1
2023-11-29T19:36:19.512Z 5: ✅ webContents.created web2 ""
2023-11-29T19:36:19.561Z 6: ✅ window.created win2 "Discord"
2023-11-29T19:36:21.297Z 7: ✅ webContents.did-finish-load web2
2023-11-29T19:36:21.396Z 8: window.close win1
2023-11-29T19:36:21.417Z 9: webContents.destroyed web1
2023-11-29T19:36:21.455Z 10: window.closed win1
2023-11-29T19:45:21.273Z 11: before-quit
2023-11-29T19:45:21.281Z 12: window.close win2
2023-11-29T19:46:07.638Z 0: 

----------------------------------------------
2023-11-29T19:46:07.685Z 1: Discord starting: {"releaseChannel":"stable","version":"0.0.36"}, modulepath: /home/grajap/.config/discord/0.0.36/modules
2023-11-29T19:46:07.709Z 2: ✅ webContents.created web1 "index.html"
2023-11-29T19:46:07.711Z 3: ✅ window.created win1 "discord"
2023-11-29T19:46:07.777Z 4: ✅ webContents.did-finish-load web1
2023-11-29T19:46:08.178Z 5: ✅ webContents.created web2 ""
2023-11-29T19:46:08.196Z 6: ✅ window.created win2 "Discord"
2023-11-29T19:46:10.069Z 7: ✅ webContents.did-finish-load web2
2023-11-29T19:46:10.169Z 8: window.close win1
2023-11-29T19:46:10.226Z 9: webContents.destroyed web1
2023-11-29T19:46:10.229Z 10: window.closed win1
2023-11-29T19:57:56.001Z 11: window.close win2
2023-11-29T19:58:11.358Z 0: 

----------------------------------------------
2023-11-29T20:08:59.442Z 12: before-quit
2023-11-30T15:47:31.626Z 0: 

----------------------------------------------
2023-11-30T15:47:31.679Z 1: Discord starting: {"releaseChannel":"stable","version":"0.0.36"}, modulepath: /home/grajap/.config/discord/0.0.36/modules
2023-11-30T15:47:31.794Z 2: ✅ webContents.created web1 ""
2023-11-30T15:47:31.799Z 3: ✅ window.created win1 "discord"
2023-11-30T15:47:32.012Z 4: ✅ webContents.did-finish-load web1
2023-11-30T15:47:32.473Z 5: ✅ webContents.created web2 ""
2023-11-30T15:47:32.500Z 6: ✅ window.created win2 "Discord"
2023-11-30T15:47:34.545Z 7: ✅ webContents.did-finish-load web2
2023-11-30T15:47:34.645Z 8: window.close win1
2023-11-30T15:47:34.673Z 9: webContents.destroyed web1
2023-11-30T15:47:34.675Z 10: window.closed win1
2023-11-30T20:02:34.741Z 0: 

----------------------------------------------
2023-11-30T20:02:34.927Z 1: Discord starting: {"releaseChannel":"stable","version":"0.0.36"}, modulepath: /home/grajap/.config/discord/0.0.36/modules
2023-11-30T20:02:34.947Z 2: ✅ webContents.created web1 ""
2023-11-30T20:02:35.008Z 3: ✅ window.created win1 "discord"
2023-11-30T20:02:35.011Z 4: Wrote 349312 byte minidump to /home/grajap/.config/discord/0.0.36/modules/crashlogs/2023_11_30T20_02_35_008Z-0-minidump.dmp
2023-11-30T20:02:35.014Z 5: Sentry report: {"sdk":{"name":"sentry.javascript.electron","packages":[{"name":"npm:@sentry/electron","version":"4.13.0"}],"version":"4.13.0","integrations":["SentryMinidump","ElectronBreadcrumbs","Net","MainContext","ChildProcess","OnUncaughtException","PreloadInjection","AdditionalContext","Screenshots","InboundFilters","FunctionToString","Console","Http","Undici","OnUnhandledRejection","ContextLines","LocalVariables","Modules","RequestData","LinkedErrors"]},"contexts":{"trace":{"trace_id":"dab2e55c68f644e2a01f2fd8c76099f4","span_id":"958854c06bd3e588"},"app":{"app_name":"discord","app_version":"0.0.36","app_start_time":"2023-11-30T15:47:30.586Z"},"os":{"kernel_version":"6.6.3-zen1-1-zen","name":"Arch Linux"},"browser":{"name":"Chrome"},"chrome":{"name":"Chrome","type":"runtime","version":"108.0.5359.215"},"device":{"arch":"x64","family":"Desktop","language":"pl","screen_density":1,"screen_resolution":"2560x1440","memory_size":33590231040,"free_memory":30233157632,"processor_count":24,"cpu_description":"AMD Ryzen 9 5900X 12-Core Processor","processor_frequency":2238},"node":{"name":"Node","type":"runtime","version":"16.17.1"},"runtime":{"name":"Electron","version":"22.3.26"}},"environment":"stable","release":"0.0.36","user":{"ip_address":"{{auto}}","id":"539469425888460805","username":"grajap","email":"adampisarczyk2000@gmail.com"},"tags":{"event.origin":"electron","event.environment":"native","event.process":"browser","event_type":"native","nativeBuildNumber":"null"},"level":"fatal","platform":"native","breadcrumbs":[{"timestamp":1701363910.69,"category":"electron","message":"window.focus","type":"ui","data":{"id":2,"url":"https://discordapp.com/channels/788020403574538266/788020808811151370"}},{"timestamp":1701363910.69,"category":"electron","message":"app.browser-window-focus","type":"ui"},{"timestamp":1701363911.506,"category":"electron","message":"window.blur","type":"ui","data":{"id":2,"url":"https://discordapp.com/channels/788020403574538266/788020808811151370"}},{"timestamp":1701363911.506,"category":"electron","message":"app.browser-window-blur","type":"ui"},{"timestamp":1701363913.309,"category":"electron","message":"window.focus","type":"ui","data":{"id":2,"url":"https://discordapp.com/channels/788020403574538266/788020808811151370"}},{"timestamp":1701363913.31,"category":"electron","message":"app.browser-window-focus","type":"ui"},{"timestamp":1701363916.125,"category":"electron","message":"window.blur","type":"ui","data":{"id":2,"url":"https://discordapp.com/channels/788020403574538266/788020808811151370"}},{"timestamp":1701363916.125,"category":"electron","message":"app.browser-window-blur","type":"ui"},{"timestamp":1701364157.458,"category":"electron","message":"window.focus","type":"ui","data":{"id":2,"url":"https://discordapp.com/channels/788020403574538266/788020808811151370"}},{"timestamp":1701364157.458,"category":"electron","message":"app.browser-window-focus","type":"ui"},{"timestamp":1701364158.302,"category":"electron","message":"window.blur","type":"ui","data":{"id":2,"url":"https://discordapp.com/channels/788020403574538266/788020808811151370"}},{"timestamp":1701364158.302,"category":"electron","message":"app.browser-window-blur","type":"ui"},{"timestamp":1701364160.573,"category":"electron","message":"window.focus","type":"ui","data":{"id":2,"url":"https://discordapp.com/channels/788020403574538266/788020808811151370"}},{"timestamp":1701364160.573,"category":"electron","message":"app.browser-window-focus","type":"ui"},{"timestamp":1701364160.705,"category":"electron","message":"window.blur","type":"ui","data":{"id":2,"url":"https://discordapp.com/channels/788020403574538266/788020808811151370"}},{"timestamp":1701364160.705,"category":"electron","message":"app.browser-window-blur","type":"ui"},{"timestamp":1701364198.766,"category":"electron","message":"window.focus","type":"ui","data":{"id":2,"url":"https://discordapp.com/channels/788020403574538266/788020808811151370"}},{"timestamp":1701364198.766,"category":"electron","message":"app.browser-window-focus","type":"ui"},{"timestamp":1701364198.979,"category":"electron","message":"window.blur","type":"ui","data":{"id":2,"url":"https://discordapp.com/channels/788020403574538266/788020808811151370"}},{"timestamp":1701364198.979,"category":"electron","message":"app.browser-window-blur","type":"ui"},{"timestamp":1701366454.405,"category":"console","level":"log","message":"mainScreen.UpdaterEvents: CHECK_FOR_UPDATES UPDATE_NOT_AVAILABLE"},{"timestamp":1701366454.405,"category":"console","level":"log","message":"2023-11-30T17:47:34.405Z [Modules] Checking for host updates."},{"timestamp":1701366454.651,"type":"http","category":"electron.net","data":{"url":"https://discord.com/api/updates/stable?platform=linux&version=0.0.36","method":"GET","status_code":204}},{"timestamp":1701366454.652,"category":"console","level":"log","message":"2023-11-30T17:47:34.652Z [Modules] Host is up to date."},{"timestamp":1701366454.652,"category":"console","level":"log","message":"2023-11-30T17:47:34.652Z [Modules] Checking for module updates at https://discord.com/api/modules/stable/versions.json"},{"timestamp":1701366454.7,"type":"http","category":"electron.net","data":{"url":"https://discord.com/api/modules/stable/versions.json?host_version=0.0.36&platform=linux&_=5671221","method":"GET","status_code":200}},{"timestamp":1701366454.701,"category":"console","level":"log","message":"2023-11-30T17:47:34.701Z [Modules] No module updates available."},{"timestamp":1701366454.701,"category":"console","level":"log","message":"legacyModuleUpdater: update-check-finished"},{"timestamp":1701367863.086,"category":"electron","message":"window.focus","type":"ui","data":{"id":2,"url":"https://discordapp.com/channels/788020403574538266/788020808811151370"}},{"timestamp":1701367863.087,"category":"electron","message":"app.browser-window-focus","type":"ui"},{"timestamp":1701367864.448,"category":"electron","message":"window.blur","type":"ui","data":{"id":2,"url":"https://discordapp.com/channels/788020403574538266/788020808811151370"}},{"timestamp":1701367864.448,"category":"electron","message":"app.browser-window-blur","type":"ui"},{"timestamp":1701367865.09,"category":"electron","message":"window.focus","type":"ui","data":{"id":2,"url":"https://discordapp.com/channels/788020403574538266/788020808811151370"}},{"timestamp":1701367865.09,"category":"electron","message":"app.browser-window-focus","type":"ui"},{"timestamp":1701367865.428,"category":"electron","message":"window.blur","type":"ui","data":{"id":2,"url":"https://discordapp.com/channels/788020403574538266/788020808811151370"}},{"timestamp":1701367865.428,"category":"electron","message":"app.browser-window-blur","type":"ui"},{"timestamp":1701367865.978,"category":"electron","message":"window.focus","type":"ui","data":{"id":2,"url":"https://discordapp.com/channels/788020403574538266/788020808811151370"}},{"timestamp":1701367865.978,"category":"electron","message":"app.browser-window-focus","type":"ui"},{"timestamp":1701367866.301,"category":"electron","message":"window.blur","type":"ui","data":{"id":2,"url":"https://discordapp.com/channels/788020403574538266/788020808811151370"}},{"timestamp":1701367866.301,"category":"electron","message":"app.browser-window-blur","type":"ui"},{"timestamp":1701368318.467,"category":"electron","message":"window.focus","type":"ui","data":{"id":2,"url":"https://discordapp.com/channels/788020403574538266/788020808811151370"}},{"timestamp":1701368318.467,"category":"electron","message":"app.browser-window-focus","type":"ui"},{"timestamp":1701368318.579,"category":"electron","message":"window.blur","type":"ui","data":{"id":2,"url":"https://discordapp.com/channels/788020403574538266/788020808811151370"}},{"timestamp":1701368318.579,"category":"electron","message":"app.browser-window-blur","type":"ui"},{"timestamp":1701368319.549,"category":"electron","message":"window.focus","type":"ui","data":{"id":2,"url":"https://discordapp.com/channels/788020403574538266/788020808811151370"}},{"timestamp":1701368319.549,"category":"electron","message":"app.browser-window-focus","type":"ui"},{"timestamp":1701368319.726,"category":"electron","message":"window.blur","type":"ui","data":{"id":2,"url":"https://discordapp.com/channels/788020403574538266/788020808811151370"}},{"timestamp":1701368319.726,"category":"electron","message":"app.browser-window-blur","type":"ui"},{"timestamp":1701368330.813,"category":"electron","message":"window.focus","type":"ui","data":{"id":2,"url":"https://discordapp.com/channels/788020403574538266/788020808811151370"}},{"timestamp":1701368330.813,"category":"electron","message":"app.browser-window-focus","type":"ui"},{"timestamp":1701368331.006,"category":"electron","message":"window.blur","type":"ui","data":{"id":2,"url":"https://discordapp.com/channels/788020403574538266/788020808811151370"}},{"timestamp":1701368331.006,"category":"electron","message":"app.browser-window-blur","type":"ui"},{"timestamp":1701368487.177,"category":"electron","message":"window.focus","type":"ui","data":{"id":2,"url":"https://discordapp.com/channels/788020403574538266/788020808811151370"}},{"timestamp":1701368487.177,"category":"electron","message":"app.browser-window-focus","type":"ui"},{"timestamp":1701368487.807,"category":"electron","message":"window.blur","type":"ui","data":{"id":2,"url":"https://discordapp.com/channels/788020403574538266/788020808811151370"}},{"timestamp":1701368487.807,"category":"electron","message":"app.browser-window-blur","type":"ui"},{"timestamp":1701370054.405,"category":"console","level":"log","message":"mainScreen.UpdaterEvents: CHECK_FOR_UPDATES UPDATE_NOT_AVAILABLE"},{"timestamp":1701370054.406,"category":"console","level":"log","message":"2023-11-30T18:47:34.406Z [Modules] Checking for host updates."},{"timestamp":1701370054.737,"type":"http","category":"electron.net","data":{"url":"https://discord.com/api/updates/stable?platform=linux&version=0.0.36","method":"GET","status_code":204}},{"timestamp":1701370054.738,"category":"console","level":"log","message":"2023-11-30T18:47:34.738Z [Modules] Host is up to date."},{"timestamp":1701370054.738,"category":"console","level":"log","message":"2023-11-30T18:47:34.738Z [Modules] Checking for module updates at https://discord.com/api/modules/stable/versions.json"},{"timestamp":1701370054.784,"type":"http","category":"electron.net","data":{"url":"https://discord.com/api/modules/stable/versions.json?host_version=0.0.36&platform=linux&_=5671233","method":"GET","status_code":200}},{"timestamp":1701370054.785,"category":"console","level":"log","message":"2023-11-30T18:47:34.785Z [Modules] No module updates available."},{"timestamp":1701370054.785,"category":"console","level":"log","message":"legacyModuleUpdater: update-check-finished"},{"timestamp":1701370093.765,"category":"electron","message":"window.focus","type":"ui","data":{"id":2,"url":"https://discordapp.com/channels/788020403574538266/788020808811151370"}},{"timestamp":1701370093.765,"category":"electron","message":"app.browser-window-focus","type":"ui"},{"timestamp":1701370094.543,"category":"electron","message":"window.blur","type":"ui","data":{"id":2,"url":"https://discordapp.com/channels/788020403574538266/788020808811151370"}},{"timestamp":1701370094.543,"category":"electron","message":"app.browser-window-blur","type":"ui"},{"timestamp":1701370100.427,"category":"electron","message":"window.focus","type":"ui","data":{"id":2,"url":"https://discordapp.com/channels/788020403574538266/788020808811151370"}},{"timestamp":1701370100.427,"category":"electron","message":"app.browser-window-focus","type":"ui"},{"timestamp":1701370103.703,"category":"electron","message":"window.blur","type":"ui","data":{"id":2,"url":"https://discordapp.com/channels/788020403574538266/788020808811151370"}},{"timestamp":1701370103.703,"category":"electron","message":"app.browser-window-blur","type":"ui"},{"timestamp":1701370103.704,"category":"electron","message":"window.focus","type":"ui","data":{"id":2,"url":"https://discordapp.com/channels/788020403574538266/788020808811151370"}},{"timestamp":1701370103.704,"category":"electron","message":"app.browser-window-focus","type":"ui"},{"timestamp":1701370103.704,"category":"electron","message":"window.blur","type":"ui","data":{"id":2,"url":"https://discordapp.com/channels/788020403574538266/788020808811151370"}},{"timestamp":1701370103.704,"category":"electron","message":"app.browser-window-blur","type":"ui"},{"timestamp":1701370103.704,"category":"electron","message":"window.focus","type":"ui","data":{"id":2,"url":"https://discordapp.com/channels/788020403574538266/788020808811151370"}},{"timestamp":1701370103.704,"category":"electron","message":"app.browser-window-focus","type":"ui"},{"timestamp":1701370105.357,"category":"electron","message":"window.blur","type":"ui","data":{"id":2,"url":"https://discordapp.com/channels/788020403574538266/788020808811151370"}},{"timestamp":1701370105.357,"category":"electron","message":"app.browser-window-blur","type":"ui"},{"timestamp":1701372774.371,"category":"electron","message":"window.focus","type":"ui","data":{"id":2,"url":"https://discordapp.com/channels/788020403574538266/788020808811151370"}},{"timestamp":1701372774.371,"category":"electron","message":"app.browser-window-focus","type":"ui"},{"timestamp":1701372774.92,"category":"electron","message":"window.blur","type":"ui","data":{"id":2,"url":"https://discordapp.com/channels/788020403574538266/788020808811151370"}},{"timestamp":1701372774.92,"category":"electron","message":"app.browser-window-blur","type":"ui"},{"timestamp":1701373396.468,"category":"electron","message":"window.focus","type":"ui","data":{"id":2,"url":"https://discordapp.com/channels/788020403574538266/788020808811151370"}},{"timestamp":1701373396.468,"category":"electron","message":"app.browser-window-focus","type":"ui"},{"timestamp":1701373397.458,"category":"electron","message":"window.blur","type":"ui","data":{"id":2,"url":"https://discordapp.com/channels/788020403574538266/788020808811151370"}},{"timestamp":1701373397.459,"category":"electron","message":"app.browser-window-blur","type":"ui"},{"timestamp":1701373399.345,"category":"electron","message":"window.focus","type":"ui","data":{"id":2,"url":"https://discordapp.com/channels/788020403574538266/788020808811151370"}},{"timestamp":1701373399.345,"category":"electron","message":"app.browser-window-focus","type":"ui"},{"timestamp":1701373400.461,"category":"electron","message":"window.blur","type":"ui","data":{"id":2,"url":"https://discordapp.com/channels/788020403574538266/788020808811151370"}},{"timestamp":1701373400.461,"category":"electron","message":"app.browser-window-blur","type":"ui"},{"timestamp":1701373654.405,"category":"console","level":"log","message":"mainScreen.UpdaterEvents: CHECK_FOR_UPDATES UPDATE_NOT_AVAILABLE"},{"timestamp":1701373654.405,"category":"console","level":"log","message":"2023-11-30T19:47:34.405Z [Modules] Checking for host updates."},{"timestamp":1701373654.664,"type":"http","category":"electron.net","data":{"url":"https://discord.com/api/updates/stable?platform=linux&version=0.0.36","method":"GET","status_code":204}},{"timestamp":1701373654.665,"category":"console","level":"log","message":"2023-11-30T19:47:34.665Z [Modules] Host is up to date."},{"timestamp":1701373654.665,"category":"console","level":"log","message":"2023-11-30T19:47:34.665Z [Modules] Checking for module updates at https://discord.com/api/modules/stable/versions.json"},{"timestamp":1701373654.718,"type":"http","category":"electron.net","data":{"url":"https://discord.com/api/modules/stable/versions.json?host_version=0.0.36&platform=linux&_=5671245","method":"GET","status_code":200}},{"timestamp":1701373654.719,"category":"console","level":"log","message":"2023-11-30T19:47:34.719Z [Modules] No module updates available."},{"timestamp":1701373654.72,"category":"console","level":"log","message":"legacyModuleUpdater: update-check-finished"},{"timestamp":1701374553.874,"category":"console","level":"log","message":"Discord 0.0.36"},{"timestamp":1701374554.327,"category":"electron","message":"app.will-finish-launching","type":"ui"},{"timestamp":1701374554.332,"category":"electron","message":"app.ready","type":"ui"},{"timestamp":1701374554.551,"category":"electron","message":"app.session-created","type":"ui"},{"timestamp":1701374554.551,"category":"console","level":"log","message":"Starting app."},{"timestamp":1701374554.582,"category":"console","level":"log","message":"Starting updater."},{"timestamp":1701374554.583,"category":"console","level":"log","message":"2023-11-30T20:02:34.582Z [Modules] Modules initializing"},{"timestamp":1701374554.583,"category":"console","level":"log","message":"2023-11-30T20:02:34.583Z [Modules] Distribution: remote"},{"timestamp":1701374554.583,"category":"console","level":"log","message":"2023-11-30T20:02:34.583Z [Modules] Host updates: enabled"},{"timestamp":1701374554.583,"category":"console","level":"log","message":"2023-11-30T20:02:34.583Z [Modules] Module updates: enabled"},{"timestamp":1701374554.583,"category":"console","level":"log","message":"2023-11-30T20:02:34.583Z [Modules] Module install path: /home/grajap/.config/discord/0.0.36/modules"},{"timestamp":1701374554.583,"category":"console","level":"log","message":"2023-11-30T20:02:34.583Z [Modules] Module installed file path: /home/grajap/.config/discord/0.0.36/modules/installed.json"},{"timestamp":1701374554.584,"category":"console","level":"log","message":"2023-11-30T20:02:34.583Z [Modules] Module download path: /home/grajap/.config/discord/0.0.36/modules/pending"},{"timestamp":1701374554.586,"category":"console","level":"log","message":"splashScreen.initSplash(false)"},{"timestamp":1701374554.627,"category":"electron","message":"app.web-contents-created","type":"ui"},{"timestamp":1701374554.628,"category":"electron","message":"app.browser-window-created","type":"ui"},{"timestamp":1701374554.735,"category":"electron","message":"renderer.load-url","type":"ui","data":{}},{"timestamp":1701374554.741,"category":"console","level":"log","message":"blackbox: 2023-11-30T20:02:34.741Z 0 \n\n----------------------------------------------"},{"timestamp":1701374554.811,"category":"electron","message":"app.gpu-info-update","type":"ui"},{"timestamp":1701374554.927,"category":"console","level":"log","message":"blackbox: 2023-11-30T20:02:34.927Z 1 Discord starting: {\"releaseChannel\":\"stable\",\"version\":\"0.0.36\"}, modulepath: /home/grajap/.config/discord/0.0.36/modules"},{"timestamp":1701374553.874,"category":"console","level":"log","message":"Discord 0.0.36"},{"timestamp":1701374554.327,"category":"electron","message":"app.will-finish-launching","type":"ui"},{"timestamp":1701374554.332,"category":"electron","message":"app.ready","type":"ui"},{"timestamp":1701374554.551,"category":"electron","message":"app.session-created","type":"ui"},{"timestamp":1701374554.551,"category":"console","level":"log","message":"Starting app."},{"timestamp":1701374554.582,"category":"console","level":"log","message":"Starting updater."},{"timestamp":1701374554.583,"category":"console","level":"log","message":"2023-11-30T20:02:34.582Z [Modules] Modules initializing"},{"timestamp":1701374554.583,"category":"console","level":"log","message":"2023-11-30T20:02:34.583Z [Modules] Distribution: remote"},{"timestamp":1701374554.583,"category":"console","level":"log","message":"2023-11-30T20:02:34.583Z [Modules] Host updates: enabled"},{"timestamp":1701374554.583,"category":"console","level":"log","message":"2023-11-30T20:02:34.583Z [Modules] Module updates: enabled"},{"timestamp":1701374554.583,"category":"console","level":"log","message":"2023-11-30T20:02:34.583Z [Modules] Module install path: /home/grajap/.config/discord/0.0.36/modules"},{"timestamp":1701374554.583,"category":"console","level":"log","message":"2023-11-30T20:02:34.583Z [Modules] Module installed file path: /home/grajap/.config/discord/0.0.36/modules/installed.json"},{"timestamp":1701374554.584,"category":"console","level":"log","message":"2023-11-30T20:02:34.583Z [Modules] Module download path: /home/grajap/.config/discord/0.0.36/modules/pending"},{"timestamp":1701374554.586,"category":"console","level":"log","message":"splashScreen.initSplash(false)"},{"timestamp":1701374554.627,"category":"electron","message":"app.web-contents-created","type":"ui"},{"timestamp":1701374554.628,"category":"electron","message":"app.browser-window-created","type":"ui"},{"timestamp":1701374554.735,"category":"electron","message":"renderer.load-url","type":"ui","data":{}},{"timestamp":1701374554.741,"category":"console","level":"log","message":"blackbox: 2023-11-30T20:02:34.741Z 0 \n\n----------------------------------------------"},{"timestamp":1701374554.811,"category":"electron","message":"app.gpu-info-update","type":"ui"},{"timestamp":1701374554.927,"category":"console","level":"log","message":"blackbox: 2023-11-30T20:02:34.927Z 1 Discord starting: {\"releaseChannel\":\"stable\",\"version\":\"0.0.36\"}, modulepath: /home/grajap/.config/discord/0.0.36/modules"},{"timestamp":1701374554.947,"category":"console","level":"log","message":"blackbox: 2023-11-30T20:02:34.947Z 2 ✅ webContents.created web1 \"\""}],"modules":{"mkdirp":"0.5.5","rimraf":"2.7.1","glob":"7.1.7","fs.realpath":"1.0.0","minimatch":"3.1.2","brace-expansion":"1.1.11","concat-map":"0.0.1","balanced-match":"1.0.2","inherits":"2.0.4","path-is-absolute":"1.0.1","inflight":"1.0.6","wrappy":"1.0.2","once":"1.4.0","yauzl":"2.10.0","fd-slicer":"1.1.0","pend":"1.2.0","buffer-crc32":"0.2.13","request":"2.88.0","extend":"3.0.2","tough-cookie":"2.4.3","psl":"1.8.0","json-stringify-safe":"5.0.1","safe-buffer":"5.2.1","aws-sign2":"0.7.0","aws4":"1.11.0","http-signature":"1.2.0","assert-plus":"1.0.0","sshpk":"1.16.1","safer-buffer":"2.1.2","asn1":"0.2.4","ecc-jsbn":"0.1.2","jsbn":"0.1.1","tweetnacl":"0.14.5","jsprim":"1.4.1","extsprintf":"1.3.0","verror":"1.10.0","core-util-is":"1.0.2","json-schema":"0.2.3","mime-types":"2.1.32","mime-db":"1.49.0","caseless":"0.12.0","forever-agent":"0.6.1","form-data":"2.3.3","combined-stream":"1.0.8","delayed-stream":"1.0.0","asynckit":"0.4.0","isstream":"0.1.2","is-typedarray":"1.0.0","qs":"6.5.3","har-validator":"5.1.5","ajv":"6.12.6","uri-js":"4.4.1","fast-deep-equal":"3.1.3","json-schema-traverse":"0.4.1","fast-json-stable-stringify":"2.1.0","har-schema":"2.0.0","uuid":"3.4.0","oauth-sign":"0.9.0","tunnel-agent":"0.6.0","performance-now":"2.1.0","arch":"2.2.0","https-proxy-agent":"5.0.1","ms":"2.1.2","agent-base":"6.0.2","lru_map":"0.3.3","cookie":"0.5.0","deepmerge":"4.3.0"},"event_id":"16600cbddc4743cb95432cc938ab8054","timestamp":1701374554.951,"extra":{"release_channel":"stable","sentry":{"environment":"stable","release":"0.0.36"},"wm":"Hyprland,unknown"}}
2023-11-30T20:02:35.139Z 6: ✅ webContents.did-finish-load web1
2023-11-30T20:02:35.520Z 7: ✅ webContents.created web2 ""
2023-11-30T20:02:35.524Z 8: ✅ window.created win2 "Discord"
2023-11-30T20:02:37.412Z 9: ✅ webContents.did-finish-load web2
2023-11-30T20:02:37.522Z 10: window.close win1
2023-11-30T20:02:37.543Z 11: webContents.destroyed web1
2023-11-30T20:02:37.545Z 12: window.closed win1
2023-11-30T20:04:17.491Z 13: window.close win2
2023-11-30T20:05:24.682Z 0: 

----------------------------------------------
2023-11-30T20:06:01.624Z 14: window.close win2
2023-11-30T20:39:56.655Z 0: 

----------------------------------------------
2023-11-30T20:39:56.823Z 1: Discord starting: {"releaseChannel":"stable","version":"0.0.36"}, modulepath: /home/grajap/.config/discord/0.0.36/modules
2023-11-30T20:39:56.834Z 2: ✅ webContents.created web1 ""
2023-11-30T20:39:56.839Z 3: ✅ window.created win1 "discord"
2023-11-30T20:39:57.022Z 4: ✅ webContents.did-finish-load web1
2023-11-30T20:39:57.456Z 5: ✅ webContents.created web2 ""
2023-11-30T20:39:57.460Z 6: ✅ window.created win2 "Discord"
2023-11-30T20:40:10.204Z 7: ✅ webContents.did-finish-load web2
2023-11-30T20:40:10.305Z 8: window.close win1
2023-11-30T20:40:10.346Z 9: webContents.destroyed web1
2023-11-30T20:40:10.366Z 10: window.closed win1
2023-11-30T20:40:38.715Z 11: window.close win2
2023-11-30T20:51:19.001Z 0: 

----------------------------------------------
2023-11-30T20:51:46.413Z 0: 

----------------------------------------------
2023-11-30T20:52:00.456Z 12: window.close win2
2023-11-30T20:52:30.334Z 0: 

----------------------------------------------
2023-11-30T20:55:56.690Z 0: 

----------------------------------------------
2023-11-30T20:56:06.944Z 13: window.close win2
2023-11-30T20:56:09.112Z 0: 

----------------------------------------------
2023-11-30T20:56:10.442Z 14: window.close win2
2023-12-01T16:21:27.383Z 0: 

----------------------------------------------
2023-12-01T16:21:27.528Z 1: Discord starting: {"releaseChannel":"stable","version":"0.0.36"}, modulepath: /home/grajap/.config/discord/0.0.36/modules
2023-12-01T16:21:27.557Z 2: ✅ webContents.created web1 ""
2023-12-01T16:21:27.584Z 3: ✅ window.created win1 "discord"
2023-12-01T16:21:27.802Z 4: ✅ webContents.did-finish-load web1
2023-12-01T16:21:28.120Z 5: ✅ webContents.created web2 ""
2023-12-01T16:21:28.144Z 6: ✅ window.created win2 "Discord"
2023-12-01T16:21:30.375Z 7: ✅ webContents.did-finish-load web2
2023-12-01T16:21:30.474Z 8: window.close win1
2023-12-01T16:21:30.551Z 9: webContents.destroyed web1
2023-12-01T16:21:30.574Z 10: window.closed win1
